#
# There is insufficient memory for the Java Runtime Environment to continue.
# Native memory allocation (malloc) failed to allocate 32744 bytes for ChunkPool::allocate
# Possible reasons:
#   The system is out of physical RAM or swap space
#   The process is running with CompressedOops enabled, and the Java Heap may be blocking the growth of the native heap
# Possible solutions:
#   Reduce memory load on the system
#   Increase physical memory or swap space
#   Check if swap backing store is full
#   Decrease Java heap size (-Xmx/-Xms)
#   Decrease number of Java threads
#   Decrease Java thread stack sizes (-Xss)
#   Set larger code cache with -XX:ReservedCodeCacheSize=
#   JVM is running with Unscaled Compressed Oops mode in which the Java heap is
#     placed in the first 4GB address space. The Java Heap base address is the
#     maximum limit for the native heap growth. Please use -XX:HeapBaseMinAddress
#     to set the Java Heap base and to place the Java Heap above 4GB virtual address.
# This output file may be truncated or incomplete.
#
#  Out of Memory Error (./src/hotspot/share/memory/arena.cpp:81), pid=15760, tid=11272
#
# JRE version: OpenJDK Runtime Environment 18.9 (11.0.13+8) (build 11.0.13+8)
# Java VM: OpenJDK 64-Bit Server VM 18.9 (11.0.13+8, mixed mode, tiered, compressed oops, g1 gc, windows-amd64)
# No core dump will be written. Minidumps are not enabled by default on client versions of Windows
#

---------------  S U M M A R Y ------------

Command Line: --add-opens=java.base/java.util=ALL-UNNAMED --add-opens=java.base/java.lang=ALL-UNNAMED --add-opens=java.base/java.lang.invoke=ALL-UNNAMED --add-opens=java.base/java.util=ALL-UNNAMED --add-opens=java.prefs/java.util.prefs=ALL-UNNAMED --add-opens=java.prefs/java.util.prefs=ALL-UNNAMED --add-opens=java.base/java.nio.charset=ALL-UNNAMED --add-opens=java.base/java.net=ALL-UNNAMED --add-opens=java.base/java.util.concurrent.atomic=ALL-UNNAMED -XX:MaxMetaspaceSize=256m -XX:+HeapDumpOnOutOfMemoryError -Xms256m -Xmx512m -Dfile.encoding=windows-1252 -Duser.country=BR -Duser.language=pt -Duser.variant org.gradle.launcher.daemon.bootstrap.GradleDaemon 7.2

Host: Intel(R) Core(TM) i3-9100F CPU @ 3.60GHz, 4 cores, 15G,  Windows 10 , 64 bit Build 19041 (10.0.19041.1645)
Time: Thu Apr 28 12:28:09 2022 Hora oficial do Brasil elapsed time: 497.554880 seconds (0d 0h 8m 17s)

---------------  T H R E A D  ---------------

Current thread (0x000001cd4838d000):  JavaThread "C2 CompilerThread0" daemon [_thread_in_native, id=11272, stack(0x000000866a500000,0x000000866a600000)]


Current CompileTask:
C2: 497554 16762       4       org.gradle.internal.service.DefaultServiceRegistry$ClassInspector::getDetailsForClass (50 bytes)

Stack: [0x000000866a500000,0x000000866a600000]
Native frames: (J=compiled Java code, j=interpreted, Vv=VM code, C=native code)
V  [jvm.dll+0x64b92a]
V  [jvm.dll+0x78e4e9]
V  [jvm.dll+0x78fbcc]
V  [jvm.dll+0x790293]
V  [jvm.dll+0x265118]
V  [jvm.dll+0xca05b]
V  [jvm.dll+0xca3bc]
V  [jvm.dll+0x37f83d]
V  [jvm.dll+0x53c934]
V  [jvm.dll+0x3465a2]
V  [jvm.dll+0x34589a]
V  [jvm.dll+0x21da75]
V  [jvm.dll+0x21cc4a]
V  [jvm.dll+0x19d971]
V  [jvm.dll+0x22c754]
V  [jvm.dll+0x22a9e1]
V  [jvm.dll+0x74ff8c]
V  [jvm.dll+0x748b7d]
V  [jvm.dll+0x64a5f6]
C  [ucrtbase.dll+0x21bb2]
C  [KERNEL32.DLL+0x17034]
C  [ntdll.dll+0x52651]


---------------  P R O C E S S  ---------------

Threads class SMR info:
_java_thread_list=0x000001cd55059390, length=40, elements={
0x000001cd2d433800, 0x000001cd48367000, 0x000001cd48372000, 0x000001cd48389000,
0x000001cd4838a800, 0x000001cd4838b800, 0x000001cd4838d000, 0x000001cd48394000,
0x000001cd48d0c000, 0x000001cd48e67000, 0x000001cd49a6c000, 0x000001cd4baef000,
0x000001cd4a4ab800, 0x000001cd4a4ab000, 0x000001cd4b99e000, 0x000001cd4b99d000,
0x000001cd4b99f800, 0x000001cd4b9a0800, 0x000001cd4b9a4800, 0x000001cd4b99e800,
0x000001cd4b9a8800, 0x000001cd4b9a7800, 0x000001cd4b9ab000, 0x000001cd4b9a9800,
0x000001cd4b37f000, 0x000001cd4b38b800, 0x000001cd4b389800, 0x000001cd4b38a800,
0x000001cd4b38c000, 0x000001cd4b386800, 0x000001cd4b383000, 0x000001cd4b380800,
0x000001cd4b387800, 0x000001cd4b381800, 0x000001cd4b385800, 0x000001cd4b388000,
0x000001cd4b382800, 0x000001cd4b38d000, 0x000001cd4b38e000, 0x000001cd4b389000
}

Java Threads: ( => current thread )
  0x000001cd2d433800 JavaThread "main" [_thread_blocked, id=4052, stack(0x0000008669900000,0x0000008669a00000)]
  0x000001cd48367000 JavaThread "Reference Handler" daemon [_thread_blocked, id=7036, stack(0x000000866a000000,0x000000866a100000)]
  0x000001cd48372000 JavaThread "Finalizer" daemon [_thread_blocked, id=16008, stack(0x000000866a100000,0x000000866a200000)]
  0x000001cd48389000 JavaThread "Signal Dispatcher" daemon [_thread_blocked, id=8468, stack(0x000000866a200000,0x000000866a300000)]
  0x000001cd4838a800 JavaThread "Attach Listener" daemon [_thread_blocked, id=11140, stack(0x000000866a300000,0x000000866a400000)]
  0x000001cd4838b800 JavaThread "Service Thread" daemon [_thread_blocked, id=12424, stack(0x000000866a400000,0x000000866a500000)]
=>0x000001cd4838d000 JavaThread "C2 CompilerThread0" daemon [_thread_in_native, id=11272, stack(0x000000866a500000,0x000000866a600000)]
  0x000001cd48394000 JavaThread "C1 CompilerThread0" daemon [_thread_blocked, id=3604, stack(0x000000866a600000,0x000000866a700000)]
  0x000001cd48d0c000 JavaThread "Sweeper thread" daemon [_thread_blocked, id=1812, stack(0x000000866a700000,0x000000866a800000)]
  0x000001cd48e67000 JavaThread "Common-Cleaner" daemon [_thread_blocked, id=12836, stack(0x000000866a800000,0x000000866a900000)]
  0x000001cd49a6c000 JavaThread "Daemon health stats" [_thread_blocked, id=6848, stack(0x000000866ae00000,0x000000866af00000)]
  0x000001cd4baef000 JavaThread "Incoming local TCP Connector on port 57164" [_thread_in_native, id=8992, stack(0x000000866af00000,0x000000866b000000)]
  0x000001cd4a4ab800 JavaThread "Daemon periodic checks" [_thread_blocked, id=1864, stack(0x000000866b000000,0x000000866b100000)]
  0x000001cd4a4ab000 JavaThread "Cache worker for journal cache (C:\Users\tfreitas.RJ\.gradle\caches\journal-1)" [_thread_blocked, id=7552, stack(0x000000866b800000,0x000000866b900000)]
  0x000001cd4b99e000 JavaThread "File lock request listener" [_thread_in_native, id=12716, stack(0x000000866b900000,0x000000866ba00000)]
  0x000001cd4b99d000 JavaThread "Cache worker for file hash cache (C:\Users\tfreitas.RJ\.gradle\caches\7.2\fileHashes)" [_thread_blocked, id=10908, stack(0x000000866ba00000,0x000000866bb00000)]
  0x000001cd4b99f800 JavaThread "File watcher server" daemon [_thread_in_native, id=32, stack(0x000000866bc00000,0x000000866bd00000)]
  0x000001cd4b9a0800 JavaThread "File watcher consumer" daemon [_thread_in_native, id=15660, stack(0x000000866bd00000,0x000000866be00000)]
  0x000001cd4b9a4800 JavaThread "Cache worker for execution history cache (C:\Users\tfreitas.RJ\.gradle\caches\7.2\executionHistory)" [_thread_blocked, id=7404, stack(0x000000866c100000,0x000000866c200000)]
  0x000001cd4b99e800 JavaThread "jar transforms" [_thread_blocked, id=13748, stack(0x000000866c200000,0x000000866c300000)]
  0x000001cd4b9a8800 JavaThread "jar transforms Thread 2" [_thread_blocked, id=14804, stack(0x000000866c300000,0x000000866c400000)]
  0x000001cd4b9a7800 JavaThread "Cache worker for file content cache (C:\Users\tfreitas.RJ\.gradle\caches\7.2\fileContent)" [_thread_blocked, id=7032, stack(0x000000866c400000,0x000000866c500000)]
  0x000001cd4b9ab000 JavaThread "jar transforms Thread 3" [_thread_blocked, id=6552, stack(0x000000866c500000,0x000000866c600000)]
  0x000001cd4b9a9800 JavaThread "jar transforms Thread 4" [_thread_blocked, id=2148, stack(0x000000866c600000,0x000000866c700000)]
  0x000001cd4b37f000 JavaThread "Memory manager" [_thread_blocked, id=7588, stack(0x000000866f100000,0x000000866f200000)]
  0x000001cd4b38b800 JavaThread "ForkJoinPool.commonPool-worker-5" daemon [_thread_blocked, id=2360, stack(0x000000866fb00000,0x000000866fc00000)]
  0x000001cd4b389800 JavaThread "Monitor" [_thread_in_native, id=876, stack(0x000000866fd00000,0x000000866fe00000)]
  0x000001cd4b38a800 JavaThread "JdwpProxyConnection" [_thread_in_native, id=13480, stack(0x000000866aa00000,0x000000866ab00000)]
  0x000001cd4b38c000 JavaThread "Device List Monitor" [_thread_in_native, id=8776, stack(0x000000866fe00000,0x000000866ff00000)]
  0x000001cd4b386800 JavaThread "Daemon Thread 2" [_thread_blocked, id=11436, stack(0x0000008669600000,0x0000008669700000)]
  0x000001cd4b383000 JavaThread "Daemon worker Thread 2" [_thread_in_native, id=4288, stack(0x000000866b200000,0x000000866b300000)]
  0x000001cd4b380800 JavaThread "Handler for socket connection from /127.0.0.1:57164 to /127.0.0.1:63439" [_thread_in_native, id=14936, stack(0x0000008669700000,0x0000008669800000)]
  0x000001cd4b387800 JavaThread "Cancel handler" [_thread_blocked, id=14476, stack(0x000000866b100000,0x000000866b200000)]
  0x000001cd4b381800 JavaThread "Asynchronous log dispatcher for DefaultDaemonConnection: socket connection from /127.0.0.1:57164 to /127.0.0.1:63439" [_thread_blocked, id=13632, stack(0x000000866b300000,0x000000866b400000)]
  0x000001cd4b385800 JavaThread "Stdin handler" [_thread_blocked, id=9728, stack(0x000000866b400000,0x000000866b500000)]
  0x000001cd4b388000 JavaThread "Daemon client event forwarder" [_thread_blocked, id=11576, stack(0x000000866b500000,0x000000866b600000)]
  0x000001cd4b382800 JavaThread "Cache worker for file hash cache (C:\Users\tfreitas.RJ\Documents\Sistemas\ivan\mobile\android\.gradle\7.2\fileHashes)" [_thread_blocked, id=15904, stack(0x000000866b600000,0x000000866b700000)]
  0x000001cd4b38d000 JavaThread "Cache worker for checksums cache (C:\Users\tfreitas.RJ\Documents\Sistemas\ivan\mobile\android\.gradle\checksums)" [_thread_blocked, id=200, stack(0x000000866b700000,0x000000866b800000)]
  0x000001cd4b38e000 JavaThread "Cache worker for cache directory md-supplier (C:\Users\tfreitas.RJ\.gradle\caches\7.2\md-supplier)" [_thread_blocked, id=12868, stack(0x000000866bb00000,0x000000866bc00000)]
  0x000001cd4b389000 JavaThread "Cache worker for cache directory md-rule (C:\Users\tfreitas.RJ\.gradle\caches\7.2\md-rule)" [_thread_blocked, id=12268, stack(0x000000866be00000,0x000000866bf00000)]

Other Threads:
  0x000001cd48343800 VMThread "VM Thread" [stack: 0x0000008669f00000,0x000000866a000000] [id=14040]
  0x000001cd48e96000 WatcherThread [stack: 0x000000866a900000,0x000000866aa00000] [id=5744]
  0x000001cd2d44b800 GCTaskThread "GC Thread#0" [stack: 0x0000008669a00000,0x0000008669b00000] [id=11728]
  0x000001cd495b9800 GCTaskThread "GC Thread#1" [stack: 0x000000866ab00000,0x000000866ac00000] [id=13048]
  0x000001cd495ba000 GCTaskThread "GC Thread#2" [stack: 0x000000866ac00000,0x000000866ad00000] [id=2068]
  0x000001cd491df000 GCTaskThread "GC Thread#3" [stack: 0x000000866ad00000,0x000000866ae00000] [id=7684]
  0x000001cd2d45c800 ConcurrentGCThread "G1 Main Marker" [stack: 0x0000008669b00000,0x0000008669c00000] [id=15892]
  0x000001cd2d45d800 ConcurrentGCThread "G1 Conc#0" [stack: 0x0000008669c00000,0x0000008669d00000] [id=4868]
  0x000001cd2d50d800 ConcurrentGCThread "G1 Refine#0" [stack: 0x0000008669d00000,0x0000008669e00000] [id=13940]
  0x000001cd2d50e800 ConcurrentGCThread "G1 Young RemSet Sampling" [stack: 0x0000008669e00000,0x0000008669f00000] [id=14152]

Threads with active compile tasks:
C2 CompilerThread0 497577 16762       4       org.gradle.internal.service.DefaultServiceRegistry$ClassInspector::getDetailsForClass (50 bytes)

VM state:not at safepoint (normal execution)

VM Mutex/Monitor currently owned by a thread: None

Heap address: 0x00000000e0000000, size: 512 MB, Compressed Oops mode: 32-bit
Narrow klass base: 0x0000000000000000, Narrow klass shift: 3
Compressed class space size: 260046848 Address: 0x0000000100000000

Heap:
 garbage-first heap   total 377856K, used 284106K [0x00000000e0000000, 0x0000000100000000)
  region size 1024K, 4 young (4096K), 2 survivors (2048K)
 Metaspace       used 115559K, capacity 119544K, committed 119632K, reserved 358400K
  class space    used 14517K, capacity 15864K, committed 15872K, reserved 253952K
Heap Regions: E=young(eden), S=young(survivor), O=old, HS=humongous(starts), HC=humongous(continues), CS=collection set, F=free, A=archive, TAMS=top-at-mark-start (previous, next)
|   0|0x00000000e0000000, 0x00000000e0100000, 0x00000000e0100000|100%| O|  |TAMS 0x00000000e0100000, 0x00000000e0100000| Untracked 
|   1|0x00000000e0100000, 0x00000000e0200000, 0x00000000e0200000|100%| O|  |TAMS 0x00000000e0200000, 0x00000000e0200000| Untracked 
|   2|0x00000000e0200000, 0x00000000e0300000, 0x00000000e0300000|100%| O|  |TAMS 0x00000000e0300000, 0x00000000e0300000| Untracked 
|   3|0x00000000e0300000, 0x00000000e0400000, 0x00000000e0400000|100%|HS|  |TAMS 0x00000000e0400000, 0x00000000e0400000| Complete 
|   4|0x00000000e0400000, 0x00000000e0500000, 0x00000000e0500000|100%|HC|  |TAMS 0x00000000e0500000, 0x00000000e0500000| Complete 
|   5|0x00000000e0500000, 0x00000000e0600000, 0x00000000e0600000|100%|HC|  |TAMS 0x00000000e0600000, 0x00000000e0600000| Complete 
|   6|0x00000000e0600000, 0x00000000e0700000, 0x00000000e0700000|100%| O|  |TAMS 0x00000000e0700000, 0x00000000e0700000| Untracked 
|   7|0x00000000e0700000, 0x00000000e0800000, 0x00000000e0800000|100%| O|  |TAMS 0x00000000e0800000, 0x00000000e0800000| Untracked 
|   8|0x00000000e0800000, 0x00000000e0900000, 0x00000000e0900000|100%| O|  |TAMS 0x00000000e0900000, 0x00000000e0900000| Untracked 
|   9|0x00000000e0900000, 0x00000000e0a00000, 0x00000000e0a00000|100%| O|  |TAMS 0x00000000e0a00000, 0x00000000e0a00000| Untracked 
|  10|0x00000000e0a00000, 0x00000000e0b00000, 0x00000000e0b00000|100%| O|  |TAMS 0x00000000e0b00000, 0x00000000e0b00000| Untracked 
|  11|0x00000000e0b00000, 0x00000000e0c00000, 0x00000000e0c00000|100%| O|  |TAMS 0x00000000e0c00000, 0x00000000e0c00000| Untracked 
|  12|0x00000000e0c00000, 0x00000000e0d00000, 0x00000000e0d00000|100%| O|  |TAMS 0x00000000e0d00000, 0x00000000e0d00000| Untracked 
|  13|0x00000000e0d00000, 0x00000000e0e00000, 0x00000000e0e00000|100%| O|  |TAMS 0x00000000e0e00000, 0x00000000e0e00000| Untracked 
|  14|0x00000000e0e00000, 0x00000000e0f00000, 0x00000000e0f00000|100%| O|  |TAMS 0x00000000e0f00000, 0x00000000e0f00000| Untracked 
|  15|0x00000000e0f00000, 0x00000000e1000000, 0x00000000e1000000|100%| O|  |TAMS 0x00000000e1000000, 0x00000000e1000000| Untracked 
|  16|0x00000000e1000000, 0x00000000e1100000, 0x00000000e1100000|100%| O|  |TAMS 0x00000000e1100000, 0x00000000e1100000| Untracked 
|  17|0x00000000e1100000, 0x00000000e1200000, 0x00000000e1200000|100%|HS|  |TAMS 0x00000000e1200000, 0x00000000e1200000| Complete 
|  18|0x00000000e1200000, 0x00000000e1300000, 0x00000000e1300000|100%|HS|  |TAMS 0x00000000e1300000, 0x00000000e1300000| Complete 
|  19|0x00000000e1300000, 0x00000000e1400000, 0x00000000e1400000|100%|HC|  |TAMS 0x00000000e1400000, 0x00000000e1400000| Complete 
|  20|0x00000000e1400000, 0x00000000e1500000, 0x00000000e1500000|100%| O|  |TAMS 0x00000000e1500000, 0x00000000e1500000| Untracked 
|  21|0x00000000e1500000, 0x00000000e1600000, 0x00000000e1600000|100%| O|  |TAMS 0x00000000e1600000, 0x00000000e1600000| Untracked 
|  22|0x00000000e1600000, 0x00000000e1700000, 0x00000000e1700000|100%| O|  |TAMS 0x00000000e1700000, 0x00000000e1700000| Untracked 
|  23|0x00000000e1700000, 0x00000000e1800000, 0x00000000e1800000|100%| O|  |TAMS 0x00000000e1800000, 0x00000000e1800000| Untracked 
|  24|0x00000000e1800000, 0x00000000e1900000, 0x00000000e1900000|100%| O|  |TAMS 0x00000000e1900000, 0x00000000e1900000| Untracked 
|  25|0x00000000e1900000, 0x00000000e1a00000, 0x00000000e1a00000|100%| O|  |TAMS 0x00000000e1a00000, 0x00000000e1a00000| Untracked 
|  26|0x00000000e1a00000, 0x00000000e1b00000, 0x00000000e1b00000|100%| O|  |TAMS 0x00000000e1b00000, 0x00000000e1b00000| Untracked 
|  27|0x00000000e1b00000, 0x00000000e1c00000, 0x00000000e1c00000|100%| O|  |TAMS 0x00000000e1c00000, 0x00000000e1c00000| Untracked 
|  28|0x00000000e1c00000, 0x00000000e1d00000, 0x00000000e1d00000|100%| O|  |TAMS 0x00000000e1d00000, 0x00000000e1d00000| Untracked 
|  29|0x00000000e1d00000, 0x00000000e1e00000, 0x00000000e1e00000|100%| O|  |TAMS 0x00000000e1e00000, 0x00000000e1e00000| Untracked 
|  30|0x00000000e1e00000, 0x00000000e1f00000, 0x00000000e1f00000|100%| O|  |TAMS 0x00000000e1f00000, 0x00000000e1f00000| Untracked 
|  31|0x00000000e1f00000, 0x00000000e2000000, 0x00000000e2000000|100%| O|  |TAMS 0x00000000e2000000, 0x00000000e2000000| Untracked 
|  32|0x00000000e2000000, 0x00000000e2100000, 0x00000000e2100000|100%| O|  |TAMS 0x00000000e2100000, 0x00000000e2100000| Untracked 
|  33|0x00000000e2100000, 0x00000000e2200000, 0x00000000e2200000|100%| O|  |TAMS 0x00000000e2200000, 0x00000000e2200000| Untracked 
|  34|0x00000000e2200000, 0x00000000e2300000, 0x00000000e2300000|100%|HS|  |TAMS 0x00000000e2300000, 0x00000000e2300000| Complete 
|  35|0x00000000e2300000, 0x00000000e2400000, 0x00000000e2400000|100%| O|  |TAMS 0x00000000e2400000, 0x00000000e2400000| Untracked 
|  36|0x00000000e2400000, 0x00000000e2500000, 0x00000000e2500000|100%| O|  |TAMS 0x00000000e2500000, 0x00000000e2500000| Untracked 
|  37|0x00000000e2500000, 0x00000000e2600000, 0x00000000e2600000|100%| O|  |TAMS 0x00000000e2600000, 0x00000000e2600000| Untracked 
|  38|0x00000000e2600000, 0x00000000e2700000, 0x00000000e2700000|100%| O|  |TAMS 0x00000000e2700000, 0x00000000e2700000| Untracked 
|  39|0x00000000e2700000, 0x00000000e2800000, 0x00000000e2800000|100%| O|  |TAMS 0x00000000e2800000, 0x00000000e2800000| Untracked 
|  40|0x00000000e2800000, 0x00000000e2900000, 0x00000000e2900000|100%| O|  |TAMS 0x00000000e2900000, 0x00000000e2900000| Untracked 
|  41|0x00000000e2900000, 0x00000000e2a00000, 0x00000000e2a00000|100%| O|  |TAMS 0x00000000e2a00000, 0x00000000e2a00000| Untracked 
|  42|0x00000000e2a00000, 0x00000000e2b00000, 0x00000000e2b00000|100%| O|  |TAMS 0x00000000e2b00000, 0x00000000e2b00000| Untracked 
|  43|0x00000000e2b00000, 0x00000000e2c00000, 0x00000000e2c00000|100%| O|  |TAMS 0x00000000e2c00000, 0x00000000e2c00000| Untracked 
|  44|0x00000000e2c00000, 0x00000000e2d00000, 0x00000000e2d00000|100%| O|  |TAMS 0x00000000e2d00000, 0x00000000e2d00000| Untracked 
|  45|0x00000000e2d00000, 0x00000000e2e00000, 0x00000000e2e00000|100%| O|  |TAMS 0x00000000e2e00000, 0x00000000e2e00000| Untracked 
|  46|0x00000000e2e00000, 0x00000000e2f00000, 0x00000000e2f00000|100%|HS|  |TAMS 0x00000000e2f00000, 0x00000000e2f00000| Complete 
|  47|0x00000000e2f00000, 0x00000000e3000000, 0x00000000e3000000|100%|HC|  |TAMS 0x00000000e3000000, 0x00000000e3000000| Complete 
|  48|0x00000000e3000000, 0x00000000e3100000, 0x00000000e3100000|100%|HC|  |TAMS 0x00000000e3100000, 0x00000000e3100000| Complete 
|  49|0x00000000e3100000, 0x00000000e3200000, 0x00000000e3200000|100%| O|  |TAMS 0x00000000e3200000, 0x00000000e3200000| Untracked 
|  50|0x00000000e3200000, 0x00000000e3300000, 0x00000000e3300000|100%| O|  |TAMS 0x00000000e3300000, 0x00000000e3300000| Untracked 
|  51|0x00000000e3300000, 0x00000000e3400000, 0x00000000e3400000|100%| O|  |TAMS 0x00000000e3400000, 0x00000000e3400000| Untracked 
|  52|0x00000000e3400000, 0x00000000e3500000, 0x00000000e3500000|100%| O|  |TAMS 0x00000000e3500000, 0x00000000e3500000| Untracked 
|  53|0x00000000e3500000, 0x00000000e3600000, 0x00000000e3600000|100%| O|  |TAMS 0x00000000e3600000, 0x00000000e3600000| Untracked 
|  54|0x00000000e3600000, 0x00000000e3700000, 0x00000000e3700000|100%| O|  |TAMS 0x00000000e3700000, 0x00000000e3700000| Untracked 
|  55|0x00000000e3700000, 0x00000000e3800000, 0x00000000e3800000|100%| O|  |TAMS 0x00000000e3800000, 0x00000000e3800000| Untracked 
|  56|0x00000000e3800000, 0x00000000e3900000, 0x00000000e3900000|100%| O|  |TAMS 0x00000000e3900000, 0x00000000e3900000| Untracked 
|  57|0x00000000e3900000, 0x00000000e3a00000, 0x00000000e3a00000|100%| O|  |TAMS 0x00000000e3a00000, 0x00000000e3a00000| Untracked 
|  58|0x00000000e3a00000, 0x00000000e3b00000, 0x00000000e3b00000|100%| O|  |TAMS 0x00000000e3b00000, 0x00000000e3b00000| Untracked 
|  59|0x00000000e3b00000, 0x00000000e3c00000, 0x00000000e3c00000|100%| O|  |TAMS 0x00000000e3c00000, 0x00000000e3c00000| Untracked 
|  60|0x00000000e3c00000, 0x00000000e3d00000, 0x00000000e3d00000|100%| O|  |TAMS 0x00000000e3d00000, 0x00000000e3d00000| Untracked 
|  61|0x00000000e3d00000, 0x00000000e3e00000, 0x00000000e3e00000|100%|HS|  |TAMS 0x00000000e3e00000, 0x00000000e3e00000| Complete 
|  62|0x00000000e3e00000, 0x00000000e3f00000, 0x00000000e3f00000|100%|HS|  |TAMS 0x00000000e3f00000, 0x00000000e3f00000| Complete 
|  63|0x00000000e3f00000, 0x00000000e4000000, 0x00000000e4000000|100%|HC|  |TAMS 0x00000000e4000000, 0x00000000e4000000| Complete 
|  64|0x00000000e4000000, 0x00000000e4100000, 0x00000000e4100000|100%|HC|  |TAMS 0x00000000e4100000, 0x00000000e4100000| Complete 
|  65|0x00000000e4100000, 0x00000000e4200000, 0x00000000e4200000|100%|HS|  |TAMS 0x00000000e4200000, 0x00000000e4200000| Complete 
|  66|0x00000000e4200000, 0x00000000e4300000, 0x00000000e4300000|100%|HC|  |TAMS 0x00000000e4300000, 0x00000000e4300000| Complete 
|  67|0x00000000e4300000, 0x00000000e4400000, 0x00000000e4400000|100%|HC|  |TAMS 0x00000000e4400000, 0x00000000e4400000| Complete 
|  68|0x00000000e4400000, 0x00000000e4500000, 0x00000000e4500000|100%| O|  |TAMS 0x00000000e4500000, 0x00000000e4500000| Untracked 
|  69|0x00000000e4500000, 0x00000000e4600000, 0x00000000e4600000|100%| O|  |TAMS 0x00000000e4600000, 0x00000000e4600000| Untracked 
|  70|0x00000000e4600000, 0x00000000e4700000, 0x00000000e4700000|100%| O|  |TAMS 0x00000000e4700000, 0x00000000e4700000| Untracked 
|  71|0x00000000e4700000, 0x00000000e4800000, 0x00000000e4800000|100%| O|  |TAMS 0x00000000e4800000, 0x00000000e4800000| Untracked 
|  72|0x00000000e4800000, 0x00000000e4900000, 0x00000000e4900000|100%| O|  |TAMS 0x00000000e4900000, 0x00000000e4900000| Untracked 
|  73|0x00000000e4900000, 0x00000000e4a00000, 0x00000000e4a00000|100%| O|  |TAMS 0x00000000e4a00000, 0x00000000e4a00000| Untracked 
|  74|0x00000000e4a00000, 0x00000000e4b00000, 0x00000000e4b00000|100%| O|  |TAMS 0x00000000e4b00000, 0x00000000e4b00000| Untracked 
|  75|0x00000000e4b00000, 0x00000000e4c00000, 0x00000000e4c00000|100%| O|  |TAMS 0x00000000e4c00000, 0x00000000e4c00000| Untracked 
|  76|0x00000000e4c00000, 0x00000000e4d00000, 0x00000000e4d00000|100%| O|  |TAMS 0x00000000e4d00000, 0x00000000e4d00000| Untracked 
|  77|0x00000000e4d00000, 0x00000000e4e00000, 0x00000000e4e00000|100%| O|  |TAMS 0x00000000e4e00000, 0x00000000e4e00000| Untracked 
|  78|0x00000000e4e00000, 0x00000000e4f00000, 0x00000000e4f00000|100%| O|  |TAMS 0x00000000e4f00000, 0x00000000e4f00000| Untracked 
|  79|0x00000000e4f00000, 0x00000000e5000000, 0x00000000e5000000|100%| O|  |TAMS 0x00000000e5000000, 0x00000000e5000000| Untracked 
|  80|0x00000000e5000000, 0x00000000e5100000, 0x00000000e5100000|100%| O|  |TAMS 0x00000000e5100000, 0x00000000e5100000| Untracked 
|  81|0x00000000e5100000, 0x00000000e5200000, 0x00000000e5200000|100%| O|  |TAMS 0x00000000e5200000, 0x00000000e5200000| Untracked 
|  82|0x00000000e5200000, 0x00000000e5300000, 0x00000000e5300000|100%| O|  |TAMS 0x00000000e5300000, 0x00000000e5300000| Untracked 
|  83|0x00000000e5300000, 0x00000000e5400000, 0x00000000e5400000|100%| O|  |TAMS 0x00000000e5400000, 0x00000000e5400000| Untracked 
|  84|0x00000000e5400000, 0x00000000e5500000, 0x00000000e5500000|100%| O|  |TAMS 0x00000000e5500000, 0x00000000e5500000| Untracked 
|  85|0x00000000e5500000, 0x00000000e5600000, 0x00000000e5600000|100%| O|  |TAMS 0x00000000e5600000, 0x00000000e5600000| Untracked 
|  86|0x00000000e5600000, 0x00000000e5700000, 0x00000000e5700000|100%| O|  |TAMS 0x00000000e5700000, 0x00000000e5700000| Untracked 
|  87|0x00000000e5700000, 0x00000000e5800000, 0x00000000e5800000|100%| O|  |TAMS 0x00000000e5800000, 0x00000000e5800000| Untracked 
|  88|0x00000000e5800000, 0x00000000e5900000, 0x00000000e5900000|100%| O|  |TAMS 0x00000000e5900000, 0x00000000e5900000| Untracked 
|  89|0x00000000e5900000, 0x00000000e5a00000, 0x00000000e5a00000|100%| O|  |TAMS 0x00000000e5a00000, 0x00000000e5a00000| Untracked 
|  90|0x00000000e5a00000, 0x00000000e5b00000, 0x00000000e5b00000|100%| O|  |TAMS 0x00000000e5b00000, 0x00000000e5b00000| Untracked 
|  91|0x00000000e5b00000, 0x00000000e5c00000, 0x00000000e5c00000|100%| O|  |TAMS 0x00000000e5c00000, 0x00000000e5c00000| Untracked 
|  92|0x00000000e5c00000, 0x00000000e5d00000, 0x00000000e5d00000|100%| O|  |TAMS 0x00000000e5d00000, 0x00000000e5d00000| Untracked 
|  93|0x00000000e5d00000, 0x00000000e5e00000, 0x00000000e5e00000|100%| O|  |TAMS 0x00000000e5e00000, 0x00000000e5e00000| Untracked 
|  94|0x00000000e5e00000, 0x00000000e5f00000, 0x00000000e5f00000|100%| O|  |TAMS 0x00000000e5f00000, 0x00000000e5f00000| Untracked 
|  95|0x00000000e5f00000, 0x00000000e6000000, 0x00000000e6000000|100%| O|  |TAMS 0x00000000e6000000, 0x00000000e6000000| Untracked 
|  96|0x00000000e6000000, 0x00000000e6100000, 0x00000000e6100000|100%| O|  |TAMS 0x00000000e6100000, 0x00000000e6100000| Untracked 
|  97|0x00000000e6100000, 0x00000000e6200000, 0x00000000e6200000|100%| O|  |TAMS 0x00000000e6200000, 0x00000000e6200000| Untracked 
|  98|0x00000000e6200000, 0x00000000e6300000, 0x00000000e6300000|100%| O|  |TAMS 0x00000000e6300000, 0x00000000e6300000| Untracked 
|  99|0x00000000e6300000, 0x00000000e6400000, 0x00000000e6400000|100%| O|  |TAMS 0x00000000e6400000, 0x00000000e6400000| Untracked 
| 100|0x00000000e6400000, 0x00000000e6500000, 0x00000000e6500000|100%| O|  |TAMS 0x00000000e6500000, 0x00000000e6500000| Untracked 
| 101|0x00000000e6500000, 0x00000000e6600000, 0x00000000e6600000|100%| O|  |TAMS 0x00000000e6600000, 0x00000000e6600000| Untracked 
| 102|0x00000000e6600000, 0x00000000e6700000, 0x00000000e6700000|100%| O|  |TAMS 0x00000000e6700000, 0x00000000e6700000| Untracked 
| 103|0x00000000e6700000, 0x00000000e6800000, 0x00000000e6800000|100%| O|  |TAMS 0x00000000e6800000, 0x00000000e6800000| Untracked 
| 104|0x00000000e6800000, 0x00000000e6900000, 0x00000000e6900000|100%| O|  |TAMS 0x00000000e6900000, 0x00000000e6900000| Untracked 
| 105|0x00000000e6900000, 0x00000000e6a00000, 0x00000000e6a00000|100%| O|  |TAMS 0x00000000e6a00000, 0x00000000e6a00000| Untracked 
| 106|0x00000000e6a00000, 0x00000000e6b00000, 0x00000000e6b00000|100%| O|  |TAMS 0x00000000e6b00000, 0x00000000e6b00000| Untracked 
| 107|0x00000000e6b00000, 0x00000000e6c00000, 0x00000000e6c00000|100%| O|  |TAMS 0x00000000e6c00000, 0x00000000e6c00000| Untracked 
| 108|0x00000000e6c00000, 0x00000000e6d00000, 0x00000000e6d00000|100%| O|  |TAMS 0x00000000e6d00000, 0x00000000e6d00000| Untracked 
| 109|0x00000000e6d00000, 0x00000000e6e00000, 0x00000000e6e00000|100%| O|  |TAMS 0x00000000e6e00000, 0x00000000e6e00000| Untracked 
| 110|0x00000000e6e00000, 0x00000000e6f00000, 0x00000000e6f00000|100%| O|  |TAMS 0x00000000e6f00000, 0x00000000e6f00000| Untracked 
| 111|0x00000000e6f00000, 0x00000000e7000000, 0x00000000e7000000|100%| O|  |TAMS 0x00000000e7000000, 0x00000000e7000000| Untracked 
| 112|0x00000000e7000000, 0x00000000e7100000, 0x00000000e7100000|100%| O|  |TAMS 0x00000000e7100000, 0x00000000e7100000| Untracked 
| 113|0x00000000e7100000, 0x00000000e7200000, 0x00000000e7200000|100%| O|  |TAMS 0x00000000e7200000, 0x00000000e7200000| Untracked 
| 114|0x00000000e7200000, 0x00000000e7300000, 0x00000000e7300000|100%| O|  |TAMS 0x00000000e7300000, 0x00000000e7300000| Untracked 
| 115|0x00000000e7300000, 0x00000000e7400000, 0x00000000e7400000|100%| O|  |TAMS 0x00000000e7400000, 0x00000000e7400000| Untracked 
| 116|0x00000000e7400000, 0x00000000e7500000, 0x00000000e7500000|100%| O|  |TAMS 0x00000000e7500000, 0x00000000e7500000| Untracked 
| 117|0x00000000e7500000, 0x00000000e7600000, 0x00000000e7600000|100%| O|  |TAMS 0x00000000e7600000, 0x00000000e7600000| Untracked 
| 118|0x00000000e7600000, 0x00000000e7700000, 0x00000000e7700000|100%| O|  |TAMS 0x00000000e7700000, 0x00000000e7700000| Untracked 
| 119|0x00000000e7700000, 0x00000000e7800000, 0x00000000e7800000|100%| O|  |TAMS 0x00000000e7800000, 0x00000000e7800000| Untracked 
| 120|0x00000000e7800000, 0x00000000e7900000, 0x00000000e7900000|100%| O|  |TAMS 0x00000000e7900000, 0x00000000e7900000| Untracked 
| 121|0x00000000e7900000, 0x00000000e7a00000, 0x00000000e7a00000|100%| O|  |TAMS 0x00000000e7a00000, 0x00000000e7a00000| Untracked 
| 122|0x00000000e7a00000, 0x00000000e7b00000, 0x00000000e7b00000|100%| O|  |TAMS 0x00000000e7b00000, 0x00000000e7b00000| Untracked 
| 123|0x00000000e7b00000, 0x00000000e7c00000, 0x00000000e7c00000|100%| O|  |TAMS 0x00000000e7c00000, 0x00000000e7c00000| Untracked 
| 124|0x00000000e7c00000, 0x00000000e7d00000, 0x00000000e7d00000|100%| O|  |TAMS 0x00000000e7d00000, 0x00000000e7d00000| Untracked 
| 125|0x00000000e7d00000, 0x00000000e7e00000, 0x00000000e7e00000|100%| O|  |TAMS 0x00000000e7e00000, 0x00000000e7e00000| Untracked 
| 126|0x00000000e7e00000, 0x00000000e7f00000, 0x00000000e7f00000|100%| O|  |TAMS 0x00000000e7f00000, 0x00000000e7f00000| Untracked 
| 127|0x00000000e7f00000, 0x00000000e8000000, 0x00000000e8000000|100%| O|  |TAMS 0x00000000e8000000, 0x00000000e8000000| Untracked 
| 128|0x00000000e8000000, 0x00000000e8100000, 0x00000000e8100000|100%| O|  |TAMS 0x00000000e8100000, 0x00000000e8100000| Untracked 
| 129|0x00000000e8100000, 0x00000000e8200000, 0x00000000e8200000|100%| O|  |TAMS 0x00000000e8200000, 0x00000000e8200000| Untracked 
| 130|0x00000000e8200000, 0x00000000e8300000, 0x00000000e8300000|100%| O|  |TAMS 0x00000000e8300000, 0x00000000e8300000| Untracked 
| 131|0x00000000e8300000, 0x00000000e8400000, 0x00000000e8400000|100%| O|  |TAMS 0x00000000e8400000, 0x00000000e8400000| Untracked 
| 132|0x00000000e8400000, 0x00000000e8500000, 0x00000000e8500000|100%| O|  |TAMS 0x00000000e8500000, 0x00000000e8500000| Untracked 
| 133|0x00000000e8500000, 0x00000000e8600000, 0x00000000e8600000|100%| O|  |TAMS 0x00000000e8600000, 0x00000000e8600000| Untracked 
| 134|0x00000000e8600000, 0x00000000e8700000, 0x00000000e8700000|100%| O|  |TAMS 0x00000000e8700000, 0x00000000e8700000| Untracked 
| 135|0x00000000e8700000, 0x00000000e8800000, 0x00000000e8800000|100%| O|  |TAMS 0x00000000e8800000, 0x00000000e8800000| Untracked 
| 136|0x00000000e8800000, 0x00000000e8900000, 0x00000000e8900000|100%| O|  |TAMS 0x00000000e8900000, 0x00000000e8900000| Untracked 
| 137|0x00000000e8900000, 0x00000000e8a00000, 0x00000000e8a00000|100%| O|  |TAMS 0x00000000e8a00000, 0x00000000e8a00000| Untracked 
| 138|0x00000000e8a00000, 0x00000000e8b00000, 0x00000000e8b00000|100%| O|  |TAMS 0x00000000e8b00000, 0x00000000e8b00000| Untracked 
| 139|0x00000000e8b00000, 0x00000000e8c00000, 0x00000000e8c00000|100%| O|  |TAMS 0x00000000e8c00000, 0x00000000e8c00000| Untracked 
| 140|0x00000000e8c00000, 0x00000000e8d00000, 0x00000000e8d00000|100%| O|  |TAMS 0x00000000e8d00000, 0x00000000e8d00000| Untracked 
| 141|0x00000000e8d00000, 0x00000000e8e00000, 0x00000000e8e00000|100%| O|  |TAMS 0x00000000e8e00000, 0x00000000e8e00000| Untracked 
| 142|0x00000000e8e00000, 0x00000000e8f00000, 0x00000000e8f00000|100%| O|  |TAMS 0x00000000e8f00000, 0x00000000e8f00000| Untracked 
| 143|0x00000000e8f00000, 0x00000000e9000000, 0x00000000e9000000|100%| O|  |TAMS 0x00000000e9000000, 0x00000000e9000000| Untracked 
| 144|0x00000000e9000000, 0x00000000e9100000, 0x00000000e9100000|100%| O|  |TAMS 0x00000000e9100000, 0x00000000e9100000| Untracked 
| 145|0x00000000e9100000, 0x00000000e9200000, 0x00000000e9200000|100%| O|  |TAMS 0x00000000e9200000, 0x00000000e9200000| Untracked 
| 146|0x00000000e9200000, 0x00000000e9300000, 0x00000000e9300000|100%| O|  |TAMS 0x00000000e9300000, 0x00000000e9300000| Untracked 
| 147|0x00000000e9300000, 0x00000000e9400000, 0x00000000e9400000|100%| O|  |TAMS 0x00000000e9400000, 0x00000000e9400000| Untracked 
| 148|0x00000000e9400000, 0x00000000e9500000, 0x00000000e9500000|100%| O|  |TAMS 0x00000000e9500000, 0x00000000e9500000| Untracked 
| 149|0x00000000e9500000, 0x00000000e9600000, 0x00000000e9600000|100%| O|  |TAMS 0x00000000e9600000, 0x00000000e9600000| Untracked 
| 150|0x00000000e9600000, 0x00000000e9700000, 0x00000000e9700000|100%| O|  |TAMS 0x00000000e9700000, 0x00000000e9700000| Untracked 
| 151|0x00000000e9700000, 0x00000000e9800000, 0x00000000e9800000|100%| O|  |TAMS 0x00000000e9800000, 0x00000000e9800000| Untracked 
| 152|0x00000000e9800000, 0x00000000e9900000, 0x00000000e9900000|100%| O|  |TAMS 0x00000000e9900000, 0x00000000e9900000| Untracked 
| 153|0x00000000e9900000, 0x00000000e9a00000, 0x00000000e9a00000|100%| O|  |TAMS 0x00000000e9a00000, 0x00000000e9a00000| Untracked 
| 154|0x00000000e9a00000, 0x00000000e9b00000, 0x00000000e9b00000|100%|HS|  |TAMS 0x00000000e9b00000, 0x00000000e9b00000| Complete 
| 155|0x00000000e9b00000, 0x00000000e9c00000, 0x00000000e9c00000|100%|HC|  |TAMS 0x00000000e9c00000, 0x00000000e9c00000| Complete 
| 156|0x00000000e9c00000, 0x00000000e9d00000, 0x00000000e9d00000|100%| O|  |TAMS 0x00000000e9d00000, 0x00000000e9d00000| Untracked 
| 157|0x00000000e9d00000, 0x00000000e9e00000, 0x00000000e9e00000|100%| O|  |TAMS 0x00000000e9e00000, 0x00000000e9e00000| Untracked 
| 158|0x00000000e9e00000, 0x00000000e9f00000, 0x00000000e9f00000|100%|HS|  |TAMS 0x00000000e9f00000, 0x00000000e9f00000| Complete 
| 159|0x00000000e9f00000, 0x00000000ea000000, 0x00000000ea000000|100%|HC|  |TAMS 0x00000000ea000000, 0x00000000ea000000| Complete 
| 160|0x00000000ea000000, 0x00000000ea100000, 0x00000000ea100000|100%| O|  |TAMS 0x00000000ea100000, 0x00000000ea100000| Untracked 
| 161|0x00000000ea100000, 0x00000000ea200000, 0x00000000ea200000|100%|HS|  |TAMS 0x00000000ea200000, 0x00000000ea200000| Complete 
| 162|0x00000000ea200000, 0x00000000ea200000, 0x00000000ea300000|  0%| F|  |TAMS 0x00000000ea200000, 0x00000000ea200000| Untracked 
| 163|0x00000000ea300000, 0x00000000ea400000, 0x00000000ea400000|100%|HS|  |TAMS 0x00000000ea400000, 0x00000000ea400000| Complete 
| 164|0x00000000ea400000, 0x00000000ea500000, 0x00000000ea500000|100%|HS|  |TAMS 0x00000000ea500000, 0x00000000ea500000| Complete 
| 165|0x00000000ea500000, 0x00000000ea600000, 0x00000000ea600000|100%|HC|  |TAMS 0x00000000ea600000, 0x00000000ea600000| Complete 
| 166|0x00000000ea600000, 0x00000000ea700000, 0x00000000ea700000|100%|HC|  |TAMS 0x00000000ea700000, 0x00000000ea700000| Complete 
| 167|0x00000000ea700000, 0x00000000ea800000, 0x00000000ea800000|100%|HC|  |TAMS 0x00000000ea800000, 0x00000000ea800000| Complete 
| 168|0x00000000ea800000, 0x00000000ea900000, 0x00000000ea900000|100%|HC|  |TAMS 0x00000000ea900000, 0x00000000ea900000| Complete 
| 169|0x00000000ea900000, 0x00000000eaa00000, 0x00000000eaa00000|100%|HC|  |TAMS 0x00000000eaa00000, 0x00000000eaa00000| Complete 
| 170|0x00000000eaa00000, 0x00000000eab00000, 0x00000000eab00000|100%|HC|  |TAMS 0x00000000eab00000, 0x00000000eab00000| Complete 
| 171|0x00000000eab00000, 0x00000000eac00000, 0x00000000eac00000|100%|HC|  |TAMS 0x00000000eac00000, 0x00000000eac00000| Complete 
| 172|0x00000000eac00000, 0x00000000ead00000, 0x00000000ead00000|100%|HC|  |TAMS 0x00000000ead00000, 0x00000000ead00000| Complete 
| 173|0x00000000ead00000, 0x00000000eae00000, 0x00000000eae00000|100%|HC|  |TAMS 0x00000000eae00000, 0x00000000eae00000| Complete 
| 174|0x00000000eae00000, 0x00000000eaf00000, 0x00000000eaf00000|100%|HS|  |TAMS 0x00000000eaf00000, 0x00000000eaf00000| Complete 
| 175|0x00000000eaf00000, 0x00000000eb000000, 0x00000000eb000000|100%|HS|  |TAMS 0x00000000eb000000, 0x00000000eb000000| Complete 
| 176|0x00000000eb000000, 0x00000000eb100000, 0x00000000eb100000|100%|HS|  |TAMS 0x00000000eb100000, 0x00000000eb100000| Complete 
| 177|0x00000000eb100000, 0x00000000eb200000, 0x00000000eb200000|100%|HC|  |TAMS 0x00000000eb200000, 0x00000000eb200000| Complete 
| 178|0x00000000eb200000, 0x00000000eb300000, 0x00000000eb300000|100%|HS|  |TAMS 0x00000000eb300000, 0x00000000eb300000| Complete 
| 179|0x00000000eb300000, 0x00000000eb400000, 0x00000000eb400000|100%|HC|  |TAMS 0x00000000eb400000, 0x00000000eb400000| Complete 
| 180|0x00000000eb400000, 0x00000000eb500000, 0x00000000eb500000|100%|HS|  |TAMS 0x00000000eb500000, 0x00000000eb500000| Complete 
| 181|0x00000000eb500000, 0x00000000eb600000, 0x00000000eb600000|100%|HS|  |TAMS 0x00000000eb600000, 0x00000000eb600000| Complete 
| 182|0x00000000eb600000, 0x00000000eb700000, 0x00000000eb700000|100%|HC|  |TAMS 0x00000000eb700000, 0x00000000eb700000| Complete 
| 183|0x00000000eb700000, 0x00000000eb800000, 0x00000000eb800000|100%|HC|  |TAMS 0x00000000eb800000, 0x00000000eb800000| Complete 
| 184|0x00000000eb800000, 0x00000000eb900000, 0x00000000eb900000|100%|HC|  |TAMS 0x00000000eb900000, 0x00000000eb900000| Complete 
| 185|0x00000000eb900000, 0x00000000eba00000, 0x00000000eba00000|100%|HC|  |TAMS 0x00000000eba00000, 0x00000000eba00000| Complete 
| 186|0x00000000eba00000, 0x00000000ebb00000, 0x00000000ebb00000|100%|HS|  |TAMS 0x00000000ebb00000, 0x00000000ebb00000| Complete 
| 187|0x00000000ebb00000, 0x00000000ebc00000, 0x00000000ebc00000|100%|HS|  |TAMS 0x00000000ebc00000, 0x00000000ebc00000| Complete 
| 188|0x00000000ebc00000, 0x00000000ebd00000, 0x00000000ebd00000|100%|HS|  |TAMS 0x00000000ebd00000, 0x00000000ebd00000| Complete 
| 189|0x00000000ebd00000, 0x00000000ebe00000, 0x00000000ebe00000|100%|HS|  |TAMS 0x00000000ebe00000, 0x00000000ebe00000| Complete 
| 190|0x00000000ebe00000, 0x00000000ebf00000, 0x00000000ebf00000|100%|HS|  |TAMS 0x00000000ebf00000, 0x00000000ebf00000| Complete 
| 191|0x00000000ebf00000, 0x00000000ec000000, 0x00000000ec000000|100%|HC|  |TAMS 0x00000000ec000000, 0x00000000ec000000| Complete 
| 192|0x00000000ec000000, 0x00000000ec100000, 0x00000000ec100000|100%|HS|  |TAMS 0x00000000ec100000, 0x00000000ec100000| Complete 
| 193|0x00000000ec100000, 0x00000000ec200000, 0x00000000ec200000|100%|HS|  |TAMS 0x00000000ec200000, 0x00000000ec200000| Complete 
| 194|0x00000000ec200000, 0x00000000ec300000, 0x00000000ec300000|100%|HS|  |TAMS 0x00000000ec300000, 0x00000000ec300000| Complete 
| 195|0x00000000ec300000, 0x00000000ec300000, 0x00000000ec400000|  0%| F|  |TAMS 0x00000000ec300000, 0x00000000ec300000| Untracked 
| 196|0x00000000ec400000, 0x00000000ec500000, 0x00000000ec500000|100%|HS|  |TAMS 0x00000000ec500000, 0x00000000ec500000| Complete 
| 197|0x00000000ec500000, 0x00000000ec600000, 0x00000000ec600000|100%|HS|  |TAMS 0x00000000ec600000, 0x00000000ec600000| Complete 
| 198|0x00000000ec600000, 0x00000000ec700000, 0x00000000ec700000|100%|HS|  |TAMS 0x00000000ec700000, 0x00000000ec700000| Complete 
| 199|0x00000000ec700000, 0x00000000ec800000, 0x00000000ec800000|100%|HC|  |TAMS 0x00000000ec800000, 0x00000000ec800000| Complete 
| 200|0x00000000ec800000, 0x00000000ec900000, 0x00000000ec900000|100%|HC|  |TAMS 0x00000000ec900000, 0x00000000ec900000| Complete 
| 201|0x00000000ec900000, 0x00000000eca00000, 0x00000000eca00000|100%|HC|  |TAMS 0x00000000eca00000, 0x00000000eca00000| Complete 
| 202|0x00000000eca00000, 0x00000000ecb00000, 0x00000000ecb00000|100%|HS|  |TAMS 0x00000000ecb00000, 0x00000000ecb00000| Complete 
| 203|0x00000000ecb00000, 0x00000000ecb00000, 0x00000000ecc00000|  0%| F|  |TAMS 0x00000000ecb00000, 0x00000000ecb00000| Untracked 
| 204|0x00000000ecc00000, 0x00000000ecd00000, 0x00000000ecd00000|100%|HS|  |TAMS 0x00000000ecd00000, 0x00000000ecd00000| Complete 
| 205|0x00000000ecd00000, 0x00000000ece00000, 0x00000000ece00000|100%|HC|  |TAMS 0x00000000ece00000, 0x00000000ece00000| Complete 
| 206|0x00000000ece00000, 0x00000000ecf00000, 0x00000000ecf00000|100%|HS|  |TAMS 0x00000000ecf00000, 0x00000000ecf00000| Complete 
| 207|0x00000000ecf00000, 0x00000000ed000000, 0x00000000ed000000|100%|HS|  |TAMS 0x00000000ed000000, 0x00000000ed000000| Complete 
| 208|0x00000000ed000000, 0x00000000ed100000, 0x00000000ed100000|100%|HS|  |TAMS 0x00000000ed100000, 0x00000000ed100000| Complete 
| 209|0x00000000ed100000, 0x00000000ed200000, 0x00000000ed200000|100%|HS|  |TAMS 0x00000000ed200000, 0x00000000ed200000| Complete 
| 210|0x00000000ed200000, 0x00000000ed200000, 0x00000000ed300000|  0%| F|  |TAMS 0x00000000ed200000, 0x00000000ed200000| Untracked 
| 211|0x00000000ed300000, 0x00000000ed400000, 0x00000000ed400000|100%|HS|  |TAMS 0x00000000ed400000, 0x00000000ed400000| Complete 
| 212|0x00000000ed400000, 0x00000000ed500000, 0x00000000ed500000|100%|HC|  |TAMS 0x00000000ed500000, 0x00000000ed500000| Complete 
| 213|0x00000000ed500000, 0x00000000ed600000, 0x00000000ed600000|100%|HC|  |TAMS 0x00000000ed600000, 0x00000000ed600000| Complete 
| 214|0x00000000ed600000, 0x00000000ed700000, 0x00000000ed700000|100%|HS|  |TAMS 0x00000000ed700000, 0x00000000ed700000| Complete 
| 215|0x00000000ed700000, 0x00000000ed800000, 0x00000000ed800000|100%|HS|  |TAMS 0x00000000ed800000, 0x00000000ed800000| Complete 
| 216|0x00000000ed800000, 0x00000000ed800000, 0x00000000ed900000|  0%| F|  |TAMS 0x00000000ed800000, 0x00000000ed800000| Untracked 
| 217|0x00000000ed900000, 0x00000000eda00000, 0x00000000eda00000|100%|HS|  |TAMS 0x00000000eda00000, 0x00000000eda00000| Complete 
| 218|0x00000000eda00000, 0x00000000eda00000, 0x00000000edb00000|  0%| F|  |TAMS 0x00000000eda00000, 0x00000000eda00000| Untracked 
| 219|0x00000000edb00000, 0x00000000edb00000, 0x00000000edc00000|  0%| F|  |TAMS 0x00000000edb00000, 0x00000000edb00000| Untracked 
| 220|0x00000000edc00000, 0x00000000edd00000, 0x00000000edd00000|100%| O|  |TAMS 0x00000000edd00000, 0x00000000edd00000| Untracked 
| 221|0x00000000edd00000, 0x00000000ede00000, 0x00000000ede00000|100%|HS|  |TAMS 0x00000000ede00000, 0x00000000ede00000| Complete 
| 222|0x00000000ede00000, 0x00000000edf00000, 0x00000000edf00000|100%|HC|  |TAMS 0x00000000edf00000, 0x00000000edf00000| Complete 
| 223|0x00000000edf00000, 0x00000000ee000000, 0x00000000ee000000|100%|HC|  |TAMS 0x00000000ee000000, 0x00000000ee000000| Complete 
| 224|0x00000000ee000000, 0x00000000ee100000, 0x00000000ee100000|100%|HS|  |TAMS 0x00000000ee100000, 0x00000000ee100000| Complete 
| 225|0x00000000ee100000, 0x00000000ee200000, 0x00000000ee200000|100%|HC|  |TAMS 0x00000000ee200000, 0x00000000ee200000| Complete 
| 226|0x00000000ee200000, 0x00000000ee300000, 0x00000000ee300000|100%|HS|  |TAMS 0x00000000ee300000, 0x00000000ee300000| Complete 
| 227|0x00000000ee300000, 0x00000000ee400000, 0x00000000ee400000|100%|HC|  |TAMS 0x00000000ee400000, 0x00000000ee400000| Complete 
| 228|0x00000000ee400000, 0x00000000ee500000, 0x00000000ee500000|100%|HS|  |TAMS 0x00000000ee500000, 0x00000000ee500000| Complete 
| 229|0x00000000ee500000, 0x00000000ee600000, 0x00000000ee600000|100%|HC|  |TAMS 0x00000000ee600000, 0x00000000ee600000| Complete 
| 230|0x00000000ee600000, 0x00000000ee700000, 0x00000000ee700000|100%|HS|  |TAMS 0x00000000ee700000, 0x00000000ee700000| Complete 
| 231|0x00000000ee700000, 0x00000000ee800000, 0x00000000ee800000|100%|HC|  |TAMS 0x00000000ee800000, 0x00000000ee800000| Complete 
| 232|0x00000000ee800000, 0x00000000ee800000, 0x00000000ee900000|  0%| F|  |TAMS 0x00000000ee800000, 0x00000000ee800000| Untracked 
| 233|0x00000000ee900000, 0x00000000ee900000, 0x00000000eea00000|  0%| F|  |TAMS 0x00000000ee900000, 0x00000000ee900000| Untracked 
| 234|0x00000000eea00000, 0x00000000eea00000, 0x00000000eeb00000|  0%| F|  |TAMS 0x00000000eea00000, 0x00000000eea00000| Untracked 
| 235|0x00000000eeb00000, 0x00000000eeb00000, 0x00000000eec00000|  0%| F|  |TAMS 0x00000000eeb00000, 0x00000000eeb00000| Untracked 
| 236|0x00000000eec00000, 0x00000000eec00000, 0x00000000eed00000|  0%| F|  |TAMS 0x00000000eec00000, 0x00000000eec00000| Untracked 
| 237|0x00000000eed00000, 0x00000000eed00000, 0x00000000eee00000|  0%| F|  |TAMS 0x00000000eed00000, 0x00000000eed00000| Untracked 
| 238|0x00000000eee00000, 0x00000000eef00000, 0x00000000eef00000|100%|HS|  |TAMS 0x00000000eef00000, 0x00000000eef00000| Complete 
| 239|0x00000000eef00000, 0x00000000ef000000, 0x00000000ef000000|100%|HC|  |TAMS 0x00000000ef000000, 0x00000000ef000000| Complete 
| 240|0x00000000ef000000, 0x00000000ef100000, 0x00000000ef100000|100%|HC|  |TAMS 0x00000000ef100000, 0x00000000ef100000| Complete 
| 241|0x00000000ef100000, 0x00000000ef200000, 0x00000000ef200000|100%|HC|  |TAMS 0x00000000ef200000, 0x00000000ef200000| Complete 
| 242|0x00000000ef200000, 0x00000000ef300000, 0x00000000ef300000|100%|HC|  |TAMS 0x00000000ef300000, 0x00000000ef300000| Complete 
| 243|0x00000000ef300000, 0x00000000ef400000, 0x00000000ef400000|100%|HC|  |TAMS 0x00000000ef400000, 0x00000000ef400000| Complete 
| 244|0x00000000ef400000, 0x00000000ef400000, 0x00000000ef500000|  0%| F|  |TAMS 0x00000000ef400000, 0x00000000ef400000| Untracked 
| 245|0x00000000ef500000, 0x00000000ef500000, 0x00000000ef600000|  0%| F|  |TAMS 0x00000000ef500000, 0x00000000ef500000| Untracked 
| 246|0x00000000ef600000, 0x00000000ef700000, 0x00000000ef700000|100%|HS|  |TAMS 0x00000000ef700000, 0x00000000ef700000| Complete 
| 247|0x00000000ef700000, 0x00000000ef800000, 0x00000000ef800000|100%|HC|  |TAMS 0x00000000ef800000, 0x00000000ef800000| Complete 
| 248|0x00000000ef800000, 0x00000000ef800000, 0x00000000ef900000|  0%| F|  |TAMS 0x00000000ef800000, 0x00000000ef800000| Untracked 
| 249|0x00000000ef900000, 0x00000000ef900000, 0x00000000efa00000|  0%| F|  |TAMS 0x00000000ef900000, 0x00000000ef900000| Untracked 
| 250|0x00000000efa00000, 0x00000000efb00000, 0x00000000efb00000|100%|HS|  |TAMS 0x00000000efb00000, 0x00000000efb00000| Complete 
| 251|0x00000000efb00000, 0x00000000efc00000, 0x00000000efc00000|100%|HC|  |TAMS 0x00000000efc00000, 0x00000000efc00000| Complete 
| 252|0x00000000efc00000, 0x00000000efd00000, 0x00000000efd00000|100%|HS|  |TAMS 0x00000000efd00000, 0x00000000efd00000| Complete 
| 253|0x00000000efd00000, 0x00000000efe00000, 0x00000000efe00000|100%|HC|  |TAMS 0x00000000efe00000, 0x00000000efe00000| Complete 
| 254|0x00000000efe00000, 0x00000000eff00000, 0x00000000eff00000|100%|HC|  |TAMS 0x00000000eff00000, 0x00000000eff00000| Complete 
| 255|0x00000000eff00000, 0x00000000f0000000, 0x00000000f0000000|100%|HC|  |TAMS 0x00000000f0000000, 0x00000000f0000000| Complete 
| 256|0x00000000f0000000, 0x00000000f0100000, 0x00000000f0100000|100%|HC|  |TAMS 0x00000000f0100000, 0x00000000f0100000| Complete 
| 257|0x00000000f0100000, 0x00000000f0200000, 0x00000000f0200000|100%|HC|  |TAMS 0x00000000f0200000, 0x00000000f0200000| Complete 
| 258|0x00000000f0200000, 0x00000000f0300000, 0x00000000f0300000|100%|HS|  |TAMS 0x00000000f0300000, 0x00000000f0300000| Complete 
| 259|0x00000000f0300000, 0x00000000f0400000, 0x00000000f0400000|100%|HC|  |TAMS 0x00000000f0400000, 0x00000000f0400000| Complete 
| 260|0x00000000f0400000, 0x00000000f0500000, 0x00000000f0500000|100%| O|  |TAMS 0x00000000f0500000, 0x00000000f0500000| Untracked 
| 261|0x00000000f0500000, 0x00000000f0600000, 0x00000000f0600000|100%| O|  |TAMS 0x00000000f0600000, 0x00000000f0600000| Untracked 
| 262|0x00000000f0600000, 0x00000000f0626800, 0x00000000f0700000| 15%| O|  |TAMS 0x00000000f0626800, 0x00000000f0626800| Untracked 
| 263|0x00000000f0700000, 0x00000000f0800000, 0x00000000f0800000|100%| O|  |TAMS 0x00000000f0800000, 0x00000000f0800000| Untracked 
| 264|0x00000000f0800000, 0x00000000f0800000, 0x00000000f0900000|  0%| F|  |TAMS 0x00000000f0800000, 0x00000000f0800000| Untracked 
| 265|0x00000000f0900000, 0x00000000f0a00000, 0x00000000f0a00000|100%| O|  |TAMS 0x00000000f0a00000, 0x00000000f0a00000| Untracked 
| 266|0x00000000f0a00000, 0x00000000f0a00000, 0x00000000f0b00000|  0%| F|  |TAMS 0x00000000f0a00000, 0x00000000f0a00000| Untracked 
| 267|0x00000000f0b00000, 0x00000000f0c00000, 0x00000000f0c00000|100%| O|  |TAMS 0x00000000f0c00000, 0x00000000f0c00000| Untracked 
| 268|0x00000000f0c00000, 0x00000000f0d00000, 0x00000000f0d00000|100%| O|  |TAMS 0x00000000f0d00000, 0x00000000f0d00000| Untracked 
| 269|0x00000000f0d00000, 0x00000000f0e00000, 0x00000000f0e00000|100%| O|  |TAMS 0x00000000f0e00000, 0x00000000f0e00000| Untracked 
| 270|0x00000000f0e00000, 0x00000000f0f00000, 0x00000000f0f00000|100%| O|  |TAMS 0x00000000f0f00000, 0x00000000f0f00000| Untracked 
| 271|0x00000000f0f00000, 0x00000000f1000000, 0x00000000f1000000|100%| O|  |TAMS 0x00000000f1000000, 0x00000000f1000000| Untracked 
| 272|0x00000000f1000000, 0x00000000f1100000, 0x00000000f1100000|100%| O|  |TAMS 0x00000000f1100000, 0x00000000f1100000| Untracked 
| 273|0x00000000f1100000, 0x00000000f1200000, 0x00000000f1200000|100%| O|  |TAMS 0x00000000f1200000, 0x00000000f1200000| Untracked 
| 274|0x00000000f1200000, 0x00000000f1300000, 0x00000000f1300000|100%| O|  |TAMS 0x00000000f1300000, 0x00000000f1300000| Untracked 
| 275|0x00000000f1300000, 0x00000000f1400000, 0x00000000f1400000|100%| O|  |TAMS 0x00000000f1400000, 0x00000000f1400000| Untracked 
| 276|0x00000000f1400000, 0x00000000f1500000, 0x00000000f1500000|100%| O|  |TAMS 0x00000000f1500000, 0x00000000f1500000| Untracked 
| 277|0x00000000f1500000, 0x00000000f1600000, 0x00000000f1600000|100%| O|  |TAMS 0x00000000f1600000, 0x00000000f1600000| Untracked 
| 278|0x00000000f1600000, 0x00000000f1700000, 0x00000000f1700000|100%| O|  |TAMS 0x00000000f1700000, 0x00000000f1700000| Untracked 
| 279|0x00000000f1700000, 0x00000000f1700000, 0x00000000f1800000|  0%| F|  |TAMS 0x00000000f1700000, 0x00000000f1700000| Untracked 
| 280|0x00000000f1800000, 0x00000000f1800000, 0x00000000f1900000|  0%| F|  |TAMS 0x00000000f1800000, 0x00000000f1800000| Untracked 
| 281|0x00000000f1900000, 0x00000000f1900000, 0x00000000f1a00000|  0%| F|  |TAMS 0x00000000f1900000, 0x00000000f1900000| Untracked 
| 282|0x00000000f1a00000, 0x00000000f1a00000, 0x00000000f1b00000|  0%| F|  |TAMS 0x00000000f1a00000, 0x00000000f1a00000| Untracked 
| 283|0x00000000f1b00000, 0x00000000f1b00000, 0x00000000f1c00000|  0%| F|  |TAMS 0x00000000f1b00000, 0x00000000f1b00000| Untracked 
| 284|0x00000000f1c00000, 0x00000000f1c00000, 0x00000000f1d00000|  0%| F|  |TAMS 0x00000000f1c00000, 0x00000000f1c00000| Untracked 
| 285|0x00000000f1d00000, 0x00000000f1e00000, 0x00000000f1e00000|100%|HS|  |TAMS 0x00000000f1e00000, 0x00000000f1e00000| Complete 
| 286|0x00000000f1e00000, 0x00000000f1f00000, 0x00000000f1f00000|100%|HC|  |TAMS 0x00000000f1f00000, 0x00000000f1f00000| Complete 
| 287|0x00000000f1f00000, 0x00000000f2000000, 0x00000000f2000000|100%|HC|  |TAMS 0x00000000f2000000, 0x00000000f2000000| Complete 
| 288|0x00000000f2000000, 0x00000000f2100000, 0x00000000f2100000|100%|HC|  |TAMS 0x00000000f2100000, 0x00000000f2100000| Complete 
| 289|0x00000000f2100000, 0x00000000f2200000, 0x00000000f2200000|100%|HC|  |TAMS 0x00000000f2200000, 0x00000000f2200000| Complete 
| 290|0x00000000f2200000, 0x00000000f2300000, 0x00000000f2300000|100%|HC|  |TAMS 0x00000000f2300000, 0x00000000f2300000| Complete 
| 291|0x00000000f2300000, 0x00000000f2300000, 0x00000000f2400000|  0%| F|  |TAMS 0x00000000f2300000, 0x00000000f2300000| Untracked 
| 292|0x00000000f2400000, 0x00000000f2400000, 0x00000000f2500000|  0%| F|  |TAMS 0x00000000f2400000, 0x00000000f2400000| Untracked 
| 293|0x00000000f2500000, 0x00000000f2500000, 0x00000000f2600000|  0%| F|  |TAMS 0x00000000f2500000, 0x00000000f2500000| Untracked 
| 294|0x00000000f2600000, 0x00000000f2600000, 0x00000000f2700000|  0%| F|  |TAMS 0x00000000f2600000, 0x00000000f2600000| Untracked 
| 295|0x00000000f2700000, 0x00000000f2800000, 0x00000000f2800000|100%|HS|  |TAMS 0x00000000f2800000, 0x00000000f2800000| Complete 
| 296|0x00000000f2800000, 0x00000000f2900000, 0x00000000f2900000|100%|HC|  |TAMS 0x00000000f2900000, 0x00000000f2900000| Complete 
| 297|0x00000000f2900000, 0x00000000f2a00000, 0x00000000f2a00000|100%|HC|  |TAMS 0x00000000f2a00000, 0x00000000f2a00000| Complete 
| 298|0x00000000f2a00000, 0x00000000f2b00000, 0x00000000f2b00000|100%|HC|  |TAMS 0x00000000f2b00000, 0x00000000f2b00000| Complete 
| 299|0x00000000f2b00000, 0x00000000f2b00000, 0x00000000f2c00000|  0%| F|  |TAMS 0x00000000f2b00000, 0x00000000f2b00000| Untracked 
| 300|0x00000000f2c00000, 0x00000000f2d00000, 0x00000000f2d00000|100%| O|  |TAMS 0x00000000f2d00000, 0x00000000f2d00000| Untracked 
| 301|0x00000000f2d00000, 0x00000000f2e00000, 0x00000000f2e00000|100%| O|  |TAMS 0x00000000f2e00000, 0x00000000f2e00000| Untracked 
| 302|0x00000000f2e00000, 0x00000000f2f00000, 0x00000000f2f00000|100%| O|  |TAMS 0x00000000f2f00000, 0x00000000f2f00000| Untracked 
| 303|0x00000000f2f00000, 0x00000000f3000000, 0x00000000f3000000|100%| O|  |TAMS 0x00000000f3000000, 0x00000000f3000000| Untracked 
| 304|0x00000000f3000000, 0x00000000f3100000, 0x00000000f3100000|100%| O|  |TAMS 0x00000000f3100000, 0x00000000f3100000| Untracked 
| 305|0x00000000f3100000, 0x00000000f3200000, 0x00000000f3200000|100%| O|  |TAMS 0x00000000f3200000, 0x00000000f3200000| Untracked 
| 306|0x00000000f3200000, 0x00000000f3200000, 0x00000000f3300000|  0%| F|  |TAMS 0x00000000f3200000, 0x00000000f3200000| Untracked 
| 307|0x00000000f3300000, 0x00000000f3300000, 0x00000000f3400000|  0%| F|  |TAMS 0x00000000f3300000, 0x00000000f3300000| Untracked 
| 308|0x00000000f3400000, 0x00000000f3400000, 0x00000000f3500000|  0%| F|  |TAMS 0x00000000f3400000, 0x00000000f3400000| Untracked 
| 309|0x00000000f3500000, 0x00000000f3500000, 0x00000000f3600000|  0%| F|  |TAMS 0x00000000f3500000, 0x00000000f3500000| Untracked 
| 310|0x00000000f3600000, 0x00000000f3600000, 0x00000000f3700000|  0%| F|  |TAMS 0x00000000f3600000, 0x00000000f3600000| Untracked 
| 311|0x00000000f3700000, 0x00000000f3700000, 0x00000000f3800000|  0%| F|  |TAMS 0x00000000f3700000, 0x00000000f3700000| Untracked 
| 312|0x00000000f3800000, 0x00000000f3800000, 0x00000000f3900000|  0%| F|  |TAMS 0x00000000f3800000, 0x00000000f3800000| Untracked 
| 313|0x00000000f3900000, 0x00000000f3900000, 0x00000000f3a00000|  0%| F|  |TAMS 0x00000000f3900000, 0x00000000f3900000| Untracked 
| 314|0x00000000f3a00000, 0x00000000f3a00000, 0x00000000f3b00000|  0%| F|  |TAMS 0x00000000f3a00000, 0x00000000f3a00000| Untracked 
| 315|0x00000000f3b00000, 0x00000000f3b00000, 0x00000000f3c00000|  0%| F|  |TAMS 0x00000000f3b00000, 0x00000000f3b00000| Untracked 
| 316|0x00000000f3c00000, 0x00000000f3c00000, 0x00000000f3d00000|  0%| F|  |TAMS 0x00000000f3c00000, 0x00000000f3c00000| Untracked 
| 317|0x00000000f3d00000, 0x00000000f3d00000, 0x00000000f3e00000|  0%| F|  |TAMS 0x00000000f3d00000, 0x00000000f3d00000| Untracked 
| 318|0x00000000f3e00000, 0x00000000f3e00000, 0x00000000f3f00000|  0%| F|  |TAMS 0x00000000f3e00000, 0x00000000f3e00000| Untracked 
| 319|0x00000000f3f00000, 0x00000000f3f00000, 0x00000000f4000000|  0%| F|  |TAMS 0x00000000f3f00000, 0x00000000f3f00000| Untracked 
| 320|0x00000000f4000000, 0x00000000f4000000, 0x00000000f4100000|  0%| F|  |TAMS 0x00000000f4000000, 0x00000000f4000000| Untracked 
| 321|0x00000000f4100000, 0x00000000f4100000, 0x00000000f4200000|  0%| F|  |TAMS 0x00000000f4100000, 0x00000000f4100000| Untracked 
| 322|0x00000000f4200000, 0x00000000f4200000, 0x00000000f4300000|  0%| F|  |TAMS 0x00000000f4200000, 0x00000000f4200000| Untracked 
| 323|0x00000000f4300000, 0x00000000f4300000, 0x00000000f4400000|  0%| F|  |TAMS 0x00000000f4300000, 0x00000000f4300000| Untracked 
| 324|0x00000000f4400000, 0x00000000f4400000, 0x00000000f4500000|  0%| F|  |TAMS 0x00000000f4400000, 0x00000000f4400000| Untracked 
| 325|0x00000000f4500000, 0x00000000f4500000, 0x00000000f4600000|  0%| F|  |TAMS 0x00000000f4500000, 0x00000000f4500000| Untracked 
| 326|0x00000000f4600000, 0x00000000f4600000, 0x00000000f4700000|  0%| F|  |TAMS 0x00000000f4600000, 0x00000000f4600000| Untracked 
| 327|0x00000000f4700000, 0x00000000f4700000, 0x00000000f4800000|  0%| F|  |TAMS 0x00000000f4700000, 0x00000000f4700000| Untracked 
| 328|0x00000000f4800000, 0x00000000f4800000, 0x00000000f4900000|  0%| F|  |TAMS 0x00000000f4800000, 0x00000000f4800000| Untracked 
| 329|0x00000000f4900000, 0x00000000f4900000, 0x00000000f4a00000|  0%| F|  |TAMS 0x00000000f4900000, 0x00000000f4900000| Untracked 
| 330|0x00000000f4a00000, 0x00000000f4a00000, 0x00000000f4b00000|  0%| F|  |TAMS 0x00000000f4a00000, 0x00000000f4a00000| Untracked 
| 331|0x00000000f4b00000, 0x00000000f4b00000, 0x00000000f4c00000|  0%| F|  |TAMS 0x00000000f4b00000, 0x00000000f4b00000| Untracked 
| 332|0x00000000f4c00000, 0x00000000f4c00000, 0x00000000f4d00000|  0%| F|  |TAMS 0x00000000f4c00000, 0x00000000f4c00000| Untracked 
| 333|0x00000000f4d00000, 0x00000000f4d4c2d0, 0x00000000f4e00000| 29%| S|CS|TAMS 0x00000000f4d00000, 0x00000000f4d00000| Complete 
| 334|0x00000000f4e00000, 0x00000000f4f00000, 0x00000000f4f00000|100%| S|CS|TAMS 0x00000000f4e00000, 0x00000000f4e00000| Complete 
| 335|0x00000000f4f00000, 0x00000000f4f00000, 0x00000000f5000000|  0%| F|  |TAMS 0x00000000f4f00000, 0x00000000f4f00000| Untracked 
| 336|0x00000000f5000000, 0x00000000f5000000, 0x00000000f5100000|  0%| F|  |TAMS 0x00000000f5000000, 0x00000000f5000000| Untracked 
| 337|0x00000000f5100000, 0x00000000f5100000, 0x00000000f5200000|  0%| F|  |TAMS 0x00000000f5100000, 0x00000000f5100000| Untracked 
| 338|0x00000000f5200000, 0x00000000f5200000, 0x00000000f5300000|  0%| F|  |TAMS 0x00000000f5200000, 0x00000000f5200000| Untracked 
| 339|0x00000000f5300000, 0x00000000f5300000, 0x00000000f5400000|  0%| F|  |TAMS 0x00000000f5300000, 0x00000000f5300000| Untracked 
| 340|0x00000000f5400000, 0x00000000f5400000, 0x00000000f5500000|  0%| F|  |TAMS 0x00000000f5400000, 0x00000000f5400000| Untracked 
| 341|0x00000000f5500000, 0x00000000f5500000, 0x00000000f5600000|  0%| F|  |TAMS 0x00000000f5500000, 0x00000000f5500000| Untracked 
| 342|0x00000000f5600000, 0x00000000f5600000, 0x00000000f5700000|  0%| F|  |TAMS 0x00000000f5600000, 0x00000000f5600000| Untracked 
| 343|0x00000000f5700000, 0x00000000f5700000, 0x00000000f5800000|  0%| F|  |TAMS 0x00000000f5700000, 0x00000000f5700000| Untracked 
| 344|0x00000000f5800000, 0x00000000f5800000, 0x00000000f5900000|  0%| F|  |TAMS 0x00000000f5800000, 0x00000000f5800000| Untracked 
| 345|0x00000000f5900000, 0x00000000f5900000, 0x00000000f5a00000|  0%| F|  |TAMS 0x00000000f5900000, 0x00000000f5900000| Untracked 
| 346|0x00000000f5a00000, 0x00000000f5a00000, 0x00000000f5b00000|  0%| F|  |TAMS 0x00000000f5a00000, 0x00000000f5a00000| Untracked 
| 347|0x00000000f5b00000, 0x00000000f5b00000, 0x00000000f5c00000|  0%| F|  |TAMS 0x00000000f5b00000, 0x00000000f5b00000| Untracked 
| 348|0x00000000f5c00000, 0x00000000f5c00000, 0x00000000f5d00000|  0%| F|  |TAMS 0x00000000f5c00000, 0x00000000f5c00000| Untracked 
| 349|0x00000000f5d00000, 0x00000000f5d00000, 0x00000000f5e00000|  0%| F|  |TAMS 0x00000000f5d00000, 0x00000000f5d00000| Untracked 
| 350|0x00000000f5e00000, 0x00000000f5e00000, 0x00000000f5f00000|  0%| F|  |TAMS 0x00000000f5e00000, 0x00000000f5e00000| Untracked 
| 351|0x00000000f5f00000, 0x00000000f5f00000, 0x00000000f6000000|  0%| F|  |TAMS 0x00000000f5f00000, 0x00000000f5f00000| Untracked 
| 352|0x00000000f6000000, 0x00000000f6000000, 0x00000000f6100000|  0%| F|  |TAMS 0x00000000f6000000, 0x00000000f6000000| Untracked 
| 353|0x00000000f6100000, 0x00000000f6100000, 0x00000000f6200000|  0%| F|  |TAMS 0x00000000f6100000, 0x00000000f6100000| Untracked 
| 354|0x00000000f6200000, 0x00000000f6200000, 0x00000000f6300000|  0%| F|  |TAMS 0x00000000f6200000, 0x00000000f6200000| Untracked 
| 355|0x00000000f6300000, 0x00000000f6300000, 0x00000000f6400000|  0%| F|  |TAMS 0x00000000f6300000, 0x00000000f6300000| Untracked 
| 356|0x00000000f6400000, 0x00000000f6400000, 0x00000000f6500000|  0%| F|  |TAMS 0x00000000f6400000, 0x00000000f6400000| Untracked 
| 357|0x00000000f6500000, 0x00000000f6500000, 0x00000000f6600000|  0%| F|  |TAMS 0x00000000f6500000, 0x00000000f6500000| Untracked 
| 358|0x00000000f6600000, 0x00000000f6600000, 0x00000000f6700000|  0%| F|  |TAMS 0x00000000f6600000, 0x00000000f6600000| Untracked 
| 359|0x00000000f6700000, 0x00000000f6700000, 0x00000000f6800000|  0%| F|  |TAMS 0x00000000f6700000, 0x00000000f6700000| Untracked 
| 360|0x00000000f6800000, 0x00000000f6800000, 0x00000000f6900000|  0%| F|  |TAMS 0x00000000f6800000, 0x00000000f6800000| Untracked 
| 361|0x00000000f6900000, 0x00000000f6900000, 0x00000000f6a00000|  0%| F|  |TAMS 0x00000000f6900000, 0x00000000f6900000| Untracked 
| 362|0x00000000f6a00000, 0x00000000f6a00000, 0x00000000f6b00000|  0%| F|  |TAMS 0x00000000f6a00000, 0x00000000f6a00000| Untracked 
| 363|0x00000000f6b00000, 0x00000000f6b00000, 0x00000000f6c00000|  0%| F|  |TAMS 0x00000000f6b00000, 0x00000000f6b00000| Untracked 
| 364|0x00000000f6c00000, 0x00000000f6c00000, 0x00000000f6d00000|  0%| F|  |TAMS 0x00000000f6c00000, 0x00000000f6c00000| Untracked 
| 365|0x00000000f6d00000, 0x00000000f6d00000, 0x00000000f6e00000|  0%| F|  |TAMS 0x00000000f6d00000, 0x00000000f6d00000| Untracked 
| 366|0x00000000f6e00000, 0x00000000f6e00000, 0x00000000f6f00000|  0%| F|  |TAMS 0x00000000f6e00000, 0x00000000f6e00000| Untracked 
| 367|0x00000000f6f00000, 0x00000000f6fedfc0, 0x00000000f7000000| 92%| E|  |TAMS 0x00000000f6f00000, 0x00000000f6f00000| Complete 
| 368|0x00000000f7000000, 0x00000000f7100000, 0x00000000f7100000|100%| E|CS|TAMS 0x00000000f7000000, 0x00000000f7000000| Complete 

Card table byte_map: [0x000001cd44b60000,0x000001cd44c60000] _byte_map_base: 0x000001cd44460000

Marking Bits (Prev, Next): (CMBitMap*) 0x000001cd2d459c38, (CMBitMap*) 0x000001cd2d459c70
 Prev Bits: [0x000001cd44d60000, 0x000001cd45560000)
 Next Bits: [0x000001cd45560000, 0x000001cd45d60000)

Polling page: 0x000001cd2cc10000

Metaspace:

Usage:
  Non-class:    101.25 MB capacity,    98.67 MB ( 97%) used,     2.22 MB (  2%) free+waste,   362.44 KB ( <1%) overhead. 
      Class:     15.49 MB capacity,    14.18 MB ( 92%) used,     1.16 MB (  7%) free+waste,   162.31 KB (  1%) overhead. 
       Both:    116.74 MB capacity,   112.85 MB ( 97%) used,     3.38 MB (  3%) free+waste,   524.75 KB ( <1%) overhead. 

Virtual space:
  Non-class space:      102.00 MB reserved,     101.33 MB (>99%) committed 
      Class space:      248.00 MB reserved,      15.50 MB (  6%) committed 
             Both:      350.00 MB reserved,     116.83 MB ( 33%) committed 

Chunk freelists:
   Non-Class:  0 bytes
       Class:  0 bytes
        Both:  0 bytes

MaxMetaspaceSize: 256.00 MB
CompressedClassSpaceSize: 248.00 MB
Initial GC threshold: 20.80 MB
Current GC threshold: 187.42 MB
CDS: off

CodeHeap 'non-profiled nmethods': size=120064Kb used=9865Kb max_used=9865Kb free=110198Kb
 bounds [0x000001cd3d620000, 0x000001cd3dfd0000, 0x000001cd44b60000]
CodeHeap 'profiled nmethods': size=120000Kb used=35034Kb max_used=35034Kb free=84965Kb
 bounds [0x000001cd360f0000, 0x000001cd38330000, 0x000001cd3d620000]
CodeHeap 'non-nmethods': size=5696Kb used=2425Kb max_used=2463Kb free=3270Kb
 bounds [0x000001cd35b60000, 0x000001cd35dd0000, 0x000001cd360f0000]
 total_blobs=17623 nmethods=16664 adapters=871
 compilation: enabled
              stopped_count=0, restarted_count=0
 full_count=0

Compilation events (20 events):
Event: 497.461 Thread 0x000001cd48394000 16771       3       org.gradle.cache.internal.AbstractFileAccess::<init> (5 bytes)
Event: 497.461 Thread 0x000001cd48394000 nmethod 16771 0x000001cd3831f610 code [0x000001cd3831f7c0, 0x000001cd3831f918]
Event: 497.462 Thread 0x000001cd48394000 16772       3       java.util.Random::<init> (53 bytes)
Event: 497.462 Thread 0x000001cd48394000 nmethod 16772 0x000001cd3831fa10 code [0x000001cd3831fc20, 0x000001cd383202e8]
Event: 497.462 Thread 0x000001cd48394000 16773       3       org.gradle.internal.fingerprint.impl.FileCollectionFingerprinterRegistrations$$Lambda$217/0x00000001003ba440::apply (16 bytes)
Event: 497.463 Thread 0x000001cd48394000 nmethod 16773 0x000001cd38320510 code [0x000001cd38320720, 0x000001cd38320f48]
Event: 497.463 Thread 0x000001cd48394000 16774       3       org.gradle.internal.fingerprint.impl.FileCollectionFingerprinterRegistrations::lambda$registrationsFor$2 (7 bytes)
Event: 497.463 Thread 0x000001cd48394000 nmethod 16774 0x000001cd38321190 code [0x000001cd383213a0, 0x000001cd38321a48]
Event: 497.463 Thread 0x000001cd48394000 16777       3       org.gradle.internal.instantiation.generator.ParamsMatchingConstructorSelector::forParams (426 bytes)
Event: 497.465 Thread 0x000001cd48394000 nmethod 16777 0x000001cd38321c90 code [0x000001cd38322160, 0x000001cd38324a48]
Event: 497.465 Thread 0x000001cd48394000 16779       3       java.math.MutableBigInteger::normalize (91 bytes)
Event: 497.466 Thread 0x000001cd48394000 nmethod 16779 0x000001cd38325790 code [0x000001cd38325960, 0x000001cd38325cb8]
Event: 497.466 Thread 0x000001cd48394000 16775       3       org.gradle.internal.fingerprint.impl.FingerprinterRegistration::registration (20 bytes)
Event: 497.466 Thread 0x000001cd48394000 nmethod 16775 0x000001cd38325e10 code [0x000001cd38326000, 0x000001cd38326648]
Event: 497.466 Thread 0x000001cd48394000 16778       1       org.gradle.api.attributes.LibraryElements$Impl::isImmutable (3 bytes)
Event: 497.466 Thread 0x000001cd48394000 nmethod 16778 0x000001cd3dfc1e10 code [0x000001cd3dfc1fc0, 0x000001cd3dfc2078]
Event: 497.466 Thread 0x000001cd48394000 16780       1       org.gradle.api.internal.artifacts.repositories.transport.RepositoryTransportFactory$DefaultResourceConnectorSpecification::getAuthentications (5 bytes)
Event: 497.466 Thread 0x000001cd48394000 nmethod 16780 0x000001cd3dfc2110 code [0x000001cd3dfc22c0, 0x000001cd3dfc2378]
Event: 497.466 Thread 0x000001cd48394000 16781       1       org.gradle.api.internal.artifacts.repositories.transport.RepositoryTransportFactory$DefaultResourceConnectorSpecification::getRedirectVerifier (5 bytes)
Event: 497.466 Thread 0x000001cd48394000 nmethod 16781 0x000001cd3dfc2410 code [0x000001cd3dfc25c0, 0x000001cd3dfc2678]

GC Heap History (20 events):
Event: 27.290 GC heap before
{Heap before GC invocations=38 (full 0):
 garbage-first heap   total 350208K, used 340933K [0x00000000e0000000, 0x0000000100000000)
  region size 1024K, 17 young (17408K), 2 survivors (2048K)
 Metaspace       used 110488K, capacity 114310K, committed 114640K, reserved 354304K
  class space    used 14038K, capacity 15375K, committed 15488K, reserved 253952K
}
Event: 27.292 GC heap after
{Heap after GC invocations=39 (full 0):
 garbage-first heap   total 350208K, used 282439K [0x00000000e0000000, 0x0000000100000000)
  region size 1024K, 2 young (2048K), 2 survivors (2048K)
 Metaspace       used 110488K, capacity 114310K, committed 114640K, reserved 354304K
  class space    used 14038K, capacity 15375K, committed 15488K, reserved 253952K
}
Event: 27.418 GC heap before
{Heap before GC invocations=39 (full 0):
 garbage-first heap   total 350208K, used 327495K [0x00000000e0000000, 0x0000000100000000)
  region size 1024K, 17 young (17408K), 2 survivors (2048K)
 Metaspace       used 110489K, capacity 114310K, committed 114640K, reserved 354304K
  class space    used 14038K, capacity 15375K, committed 15488K, reserved 253952K
}
Event: 27.419 GC heap after
{Heap after GC invocations=40 (full 0):
 garbage-first heap   total 350208K, used 282547K [0x00000000e0000000, 0x0000000100000000)
  region size 1024K, 2 young (2048K), 2 survivors (2048K)
 Metaspace       used 110489K, capacity 114310K, committed 114640K, reserved 354304K
  class space    used 14038K, capacity 15375K, committed 15488K, reserved 253952K
}
Event: 27.469 GC heap before
{Heap before GC invocations=41 (full 0):
 garbage-first heap   total 350208K, used 296883K [0x00000000e0000000, 0x0000000100000000)
  region size 1024K, 11 young (11264K), 2 survivors (2048K)
 Metaspace       used 110489K, capacity 114310K, committed 114640K, reserved 354304K
  class space    used 14038K, capacity 15375K, committed 15488K, reserved 253952K
}
Event: 27.470 GC heap after
{Heap after GC invocations=42 (full 0):
 garbage-first heap   total 350208K, used 282571K [0x00000000e0000000, 0x0000000100000000)
  region size 1024K, 2 young (2048K), 2 survivors (2048K)
 Metaspace       used 110489K, capacity 114310K, committed 114640K, reserved 354304K
  class space    used 14038K, capacity 15375K, committed 15488K, reserved 253952K
}
Event: 27.600 GC heap before
{Heap before GC invocations=42 (full 0):
 garbage-first heap   total 350208K, used 335819K [0x00000000e0000000, 0x0000000100000000)
  region size 1024K, 17 young (17408K), 2 survivors (2048K)
 Metaspace       used 110493K, capacity 114310K, committed 114640K, reserved 354304K
  class space    used 14038K, capacity 15375K, committed 15488K, reserved 253952K
}
Event: 27.601 GC heap after
{Heap after GC invocations=43 (full 0):
 garbage-first heap   total 350208K, used 282099K [0x00000000e0000000, 0x0000000100000000)
  region size 1024K, 1 young (1024K), 1 survivors (1024K)
 Metaspace       used 110493K, capacity 114310K, committed 114640K, reserved 354304K
  class space    used 14038K, capacity 15375K, committed 15488K, reserved 253952K
}
Event: 27.728 GC heap before
{Heap before GC invocations=43 (full 0):
 garbage-first heap   total 350208K, used 333299K [0x00000000e0000000, 0x0000000100000000)
  region size 1024K, 17 young (17408K), 1 survivors (1024K)
 Metaspace       used 110498K, capacity 114310K, committed 114640K, reserved 354304K
  class space    used 14038K, capacity 15375K, committed 15488K, reserved 253952K
}
Event: 27.729 GC heap after
{Heap after GC invocations=44 (full 0):
 garbage-first heap   total 350208K, used 281940K [0x00000000e0000000, 0x0000000100000000)
  region size 1024K, 1 young (1024K), 1 survivors (1024K)
 Metaspace       used 110498K, capacity 114310K, committed 114640K, reserved 354304K
  class space    used 14038K, capacity 15375K, committed 15488K, reserved 253952K
}
Event: 27.783 GC heap before
{Heap before GC invocations=45 (full 0):
 garbage-first heap   total 350208K, used 303444K [0x00000000e0000000, 0x0000000100000000)
  region size 1024K, 6 young (6144K), 1 survivors (1024K)
 Metaspace       used 110499K, capacity 114310K, committed 114640K, reserved 354304K
  class space    used 14038K, capacity 15375K, committed 15488K, reserved 253952K
}
Event: 27.784 GC heap after
{Heap after GC invocations=46 (full 0):
 garbage-first heap   total 350208K, used 290015K [0x00000000e0000000, 0x0000000100000000)
  region size 1024K, 1 young (1024K), 1 survivors (1024K)
 Metaspace       used 110499K, capacity 114310K, committed 114640K, reserved 354304K
  class space    used 14038K, capacity 15375K, committed 15488K, reserved 253952K
}
Event: 27.927 GC heap before
{Heap before GC invocations=46 (full 0):
 garbage-first heap   total 353280K, used 350431K [0x00000000e0000000, 0x0000000100000000)
  region size 1024K, 17 young (17408K), 1 survivors (1024K)
 Metaspace       used 110521K, capacity 114374K, committed 114640K, reserved 354304K
  class space    used 14038K, capacity 15375K, committed 15488K, reserved 253952K
}
Event: 27.928 GC heap after
{Heap after GC invocations=47 (full 0):
 garbage-first heap   total 354304K, used 281892K [0x00000000e0000000, 0x0000000100000000)
  region size 1024K, 1 young (1024K), 1 survivors (1024K)
 Metaspace       used 110521K, capacity 114374K, committed 114640K, reserved 354304K
  class space    used 14038K, capacity 15375K, committed 15488K, reserved 253952K
}
Event: 28.165 GC heap before
{Heap before GC invocations=48 (full 0):
 garbage-first heap   total 354304K, used 307492K [0x00000000e0000000, 0x0000000100000000)
  region size 1024K, 21 young (21504K), 1 survivors (1024K)
 Metaspace       used 110844K, capacity 114685K, committed 114896K, reserved 354304K
  class space    used 14075K, capacity 15411K, committed 15488K, reserved 253952K
}
Event: 28.167 GC heap after
{Heap after GC invocations=49 (full 0):
 garbage-first heap   total 354304K, used 282745K [0x00000000e0000000, 0x0000000100000000)
  region size 1024K, 1 young (1024K), 1 survivors (1024K)
 Metaspace       used 110844K, capacity 114685K, committed 114896K, reserved 354304K
  class space    used 14075K, capacity 15411K, committed 15488K, reserved 253952K
}
Event: 28.990 GC heap before
{Heap before GC invocations=50 (full 0):
 garbage-first heap   total 376832K, used 374905K [0x00000000e0000000, 0x0000000100000000)
  region size 1024K, 10 young (10240K), 1 survivors (1024K)
 Metaspace       used 111842K, capacity 115719K, committed 116048K, reserved 356352K
  class space    used 14203K, capacity 15542K, committed 15616K, reserved 253952K
}
Event: 28.992 GC heap after
{Heap after GC invocations=51 (full 0):
 garbage-first heap   total 377856K, used 282467K [0x00000000e0000000, 0x0000000100000000)
  region size 1024K, 1 young (1024K), 1 survivors (1024K)
 Metaspace       used 111842K, capacity 115719K, committed 116048K, reserved 356352K
  class space    used 14203K, capacity 15542K, committed 15616K, reserved 253952K
}
Event: 497.436 GC heap before
{Heap before GC invocations=51 (full 0):
 garbage-first heap   total 377856K, used 315235K [0x00000000e0000000, 0x0000000100000000)
  region size 1024K, 34 young (34816K), 1 survivors (1024K)
 Metaspace       used 115537K, capacity 119540K, committed 119632K, reserved 358400K
  class space    used 14515K, capacity 15863K, committed 15872K, reserved 253952K
}
Event: 497.438 GC heap after
{Heap after GC invocations=52 (full 0):
 garbage-first heap   total 377856K, used 283082K [0x00000000e0000000, 0x0000000100000000)
  region size 1024K, 2 young (2048K), 2 survivors (2048K)
 Metaspace       used 115537K, capacity 119540K, committed 119632K, reserved 358400K
  class space    used 14515K, capacity 15863K, committed 15872K, reserved 253952K
}

Deoptimization events (20 events):
Event: 492.915 Thread 0x000001cd49a6c000 Uncommon trap: trap_request=0xffffffde fr.pc=0x000001cd3dfc11a0 relative=0x0000000000000100
Event: 492.915 Thread 0x000001cd49a6c000 Uncommon trap: reason=class_check action=maybe_recompile pc=0x000001cd3dfc11a0 method=jdk.internal.misc.Unsafe.allocateUninitializedArray(Ljava/lang/Class;I)Ljava/lang/Object; @ 48 c2
Event: 492.915 Thread 0x000001cd49a6c000 DEOPT PACKING pc=0x000001cd3dfc11a0 sp=0x000000866aefe690
Event: 492.915 Thread 0x000001cd49a6c000 DEOPT UNPACKING pc=0x000001cd35baa1af sp=0x000000866aefe618 mode 2
Event: 492.915 Thread 0x000001cd49a6c000 Uncommon trap: trap_request=0xffffffde fr.pc=0x000001cd3dfc11a0 relative=0x0000000000000100
Event: 492.915 Thread 0x000001cd49a6c000 Uncommon trap: reason=class_check action=maybe_recompile pc=0x000001cd3dfc11a0 method=jdk.internal.misc.Unsafe.allocateUninitializedArray(Ljava/lang/Class;I)Ljava/lang/Object; @ 48 c2
Event: 492.915 Thread 0x000001cd49a6c000 DEOPT PACKING pc=0x000001cd3dfc11a0 sp=0x000000866aefe690
Event: 492.915 Thread 0x000001cd49a6c000 DEOPT UNPACKING pc=0x000001cd35baa1af sp=0x000000866aefe618 mode 2
Event: 497.442 Thread 0x000001cd4b383000 Uncommon trap: trap_request=0xffffffc6 fr.pc=0x000001cd3de42970 relative=0x0000000000000130
Event: 497.442 Thread 0x000001cd4b383000 Uncommon trap: reason=bimorphic_or_optimized_type_check action=maybe_recompile pc=0x000001cd3de42970 method=java.util.Collections$UnmodifiableList.get(I)Ljava/lang/Object; @ 5 c2
Event: 497.442 Thread 0x000001cd4b383000 DEOPT PACKING pc=0x000001cd3de42970 sp=0x000000866b2fe4b0
Event: 497.442 Thread 0x000001cd4b383000 DEOPT UNPACKING pc=0x000001cd35baa1af sp=0x000000866b2fe448 mode 2
Event: 497.442 Thread 0x000001cd4b383000 Uncommon trap: trap_request=0xffffffc6 fr.pc=0x000001cd3de42970 relative=0x0000000000000130
Event: 497.442 Thread 0x000001cd4b383000 Uncommon trap: reason=bimorphic_or_optimized_type_check action=maybe_recompile pc=0x000001cd3de42970 method=java.util.Collections$UnmodifiableList.get(I)Ljava/lang/Object; @ 5 c2
Event: 497.442 Thread 0x000001cd4b383000 DEOPT PACKING pc=0x000001cd3de42970 sp=0x000000866b2fe4a0
Event: 497.442 Thread 0x000001cd4b383000 DEOPT UNPACKING pc=0x000001cd35baa1af sp=0x000000866b2fe438 mode 2
Event: 497.462 Thread 0x000001cd4b383000 Uncommon trap: trap_request=0xffffffde fr.pc=0x000001cd3de81d20 relative=0x00000000000003a0
Event: 497.462 Thread 0x000001cd4b383000 Uncommon trap: reason=class_check action=maybe_recompile pc=0x000001cd3de81d20 method=java.util.stream.ReferencePipeline.collect(Ljava/util/stream/Collector;)Ljava/lang/Object; @ 118 c2
Event: 497.462 Thread 0x000001cd4b383000 DEOPT PACKING pc=0x000001cd3de81d20 sp=0x000000866b2f94a0
Event: 497.463 Thread 0x000001cd4b383000 DEOPT UNPACKING pc=0x000001cd35baa1af sp=0x000000866b2f9468 mode 2

Classes redefined (0 events):
No events

Internal exceptions (20 events):
Event: 25.860 Thread 0x000001cd4b388000 Implicit null exception at 0x000001cd3d94d22b to 0x000001cd3d94d4fc
Event: 28.283 Thread 0x000001cd4b380800 Exception <a 'java/lang/NoSuchMethodError'{0x00000000f2baba68}: 'java.lang.Object java.lang.invoke.DirectMethodHandle$Holder.invokeVirtual(java.lang.Object, java.lang.Object, int)'> (0x00000000f2baba68) thrown at [./src/hotspot/share/interpreter/linkResolver.cpp, line 773]
Event: 28.306 Thread 0x000001cd4b380800 Implicit null exception at 0x000001cd3deb2ccc to 0x000001cd3deb2cfc
Event: 28.500 Thread 0x000001cd4a4b0000 Exception <a 'java/lang/NoSuchMethodError'{0x00000000f0ad3ac8}: 'void java.lang.invoke.DirectMethodHandle$Holder.invokeStatic(java.lang.Object, java.lang.Object, java.lang.Object, java.lang.Object, java.lang.Object, java.lang.Object, java.lang.Object)'> (0x00000000f0ad3ac8) thrown at [./src/hotspot/share/interpreter/linkResolver.cpp, line 773]
Event: 28.738 Thread 0x000001cd4a4b0000 Exception <a 'java/lang/NoSuchMethodError'{0x00000000ecbf3570}: 'java.lang.Object java.lang.invoke.DirectMethodHandle$Holder.invokeInterface(java.lang.Object, java.lang.Object, java.lang.Object, java.lang.Object)'> (0x00000000ecbf3570) thrown at [./src/hotspot/share/interpreter/linkResolver.cpp, line 773]
Event: 28.880 Thread 0x000001cd4a4b0000 Exception <a 'java/net/BindException'{0x00000000ec3b7b30}: Address already in use: bind> (0x00000000ec3b7b30) thrown at [./src/hotspot/share/prims/jni.cpp, line 637]
Event: 31.294 Thread 0x000001cd4a4b0000 Exception <a 'java/lang/NoSuchMethodError'{0x00000000f6c5e810}: 'int java.lang.invoke.DirectMethodHandle$Holder.invokeVirtual(java.lang.Object, java.lang.Object, java.lang.Object)'> (0x00000000f6c5e810) thrown at [./src/hotspot/share/interpreter/linkResolver.cpp, line 773]
Event: 31.545 Thread 0x000001cd4a4b0000 Implicit null exception at 0x000001cd3db12b2f to 0x000001cd3db12b7c
Event: 31.557 Thread 0x000001cd4a4b0000 Implicit null exception at 0x000001cd3df621de to 0x000001cd3df63e0c
Event: 41.196 Thread 0x000001cd4a4ab800 Implicit null exception at 0x000001cd3d9cfd14 to 0x000001cd3d9d02fc
Event: 470.681 Thread 0x000001cd4b383000 Exception <a 'java/lang/ClassNotFoundException'{0x00000000f52a8fd0}: java/lang/ExceptionBeanInfo> (0x00000000f52a8fd0) thrown at [./src/hotspot/share/classfile/systemDictionary.cpp, line 231]
Event: 470.681 Thread 0x000001cd4b383000 Exception <a 'java/lang/ClassNotFoundException'{0x00000000f52ae0c8}: java/lang/ThrowableBeanInfo> (0x00000000f52ae0c8) thrown at [./src/hotspot/share/classfile/systemDictionary.cpp, line 231]
Event: 470.681 Thread 0x000001cd4b383000 Exception <a 'java/lang/ClassNotFoundException'{0x00000000f52b2f20}: java/lang/ThrowableCustomizer> (0x00000000f52b2f20) thrown at [./src/hotspot/share/classfile/systemDictionary.cpp, line 231]
Event: 470.681 Thread 0x000001cd4b383000 Exception <a 'java/lang/ClassNotFoundException'{0x00000000f52c02f8}: java/lang/ExceptionCustomizer> (0x00000000f52c02f8) thrown at [./src/hotspot/share/classfile/systemDictionary.cpp, line 231]
Event: 470.682 Thread 0x000001cd4b383000 Exception <a 'java/lang/reflect/InvocationTargetException'{0x00000000f52c8b08}> (0x00000000f52c8b08) thrown at [./src/hotspot/share/runtime/reflection.cpp, line 1247]
Event: 470.756 Thread 0x000001cd4b386800 Exception <a 'java/lang/NoSuchMethodError'{0x00000000f4f03210}: <clinit>> (0x00000000f4f03210) thrown at [./src/hotspot/share/prims/jni.cpp, line 1366]
Event: 470.757 Thread 0x000001cd4b386800 Exception <a 'java/lang/NoSuchMethodError'{0x00000000f4f14248}: <clinit>> (0x00000000f4f14248) thrown at [./src/hotspot/share/prims/jni.cpp, line 1366]
Event: 470.757 Thread 0x000001cd4b386800 Exception <a 'java/lang/NoSuchMethodError'{0x00000000f4f15930}: <clinit>> (0x00000000f4f15930) thrown at [./src/hotspot/share/prims/jni.cpp, line 1366]
Event: 470.757 Thread 0x000001cd4b386800 Exception <a 'java/lang/NoSuchMethodError'{0x00000000f4f27cf8}: <clinit>> (0x00000000f4f27cf8) thrown at [./src/hotspot/share/prims/jni.cpp, line 1366]
Event: 470.758 Thread 0x000001cd4b386800 Exception <a 'java/lang/NoSuchMethodError'{0x00000000f4f34090}: <clinit>> (0x00000000f4f34090) thrown at [./src/hotspot/share/prims/jni.cpp, line 1366]

Events (20 events):
Event: 470.762 Thread 0x000001cd4b380800 Thread exited: 0x000001cd4b380800
Event: 470.779 Executing VM operation: RevokeBias
Event: 470.779 Executing VM operation: RevokeBias done
Event: 470.779 Executing VM operation: RevokeBias
Event: 470.779 Executing VM operation: RevokeBias done
Event: 470.780 Executing VM operation: RevokeBias
Event: 470.780 Executing VM operation: RevokeBias done
Event: 470.780 Thread 0x000001cd4b385800 Thread exited: 0x000001cd4b385800
Event: 472.928 Thread 0x000001cd54cdb800 Thread exited: 0x000001cd54cdb800
Event: 497.420 Thread 0x000001cd4b380800 Thread added: 0x000001cd4b380800
Event: 497.435 Thread 0x000001cd4b387800 Thread added: 0x000001cd4b387800
Event: 497.436 Executing VM operation: G1CollectForAllocation
Event: 497.438 Executing VM operation: G1CollectForAllocation done
Event: 497.442 Thread 0x000001cd4b381800 Thread added: 0x000001cd4b381800
Event: 497.443 Thread 0x000001cd4b385800 Thread added: 0x000001cd4b385800
Event: 497.443 Thread 0x000001cd4b388000 Thread added: 0x000001cd4b388000
Event: 497.446 Thread 0x000001cd4b382800 Thread added: 0x000001cd4b382800
Event: 497.455 Thread 0x000001cd4b38d000 Thread added: 0x000001cd4b38d000
Event: 497.458 Thread 0x000001cd4b38e000 Thread added: 0x000001cd4b38e000
Event: 497.461 Thread 0x000001cd4b389000 Thread added: 0x000001cd4b389000


Dynamic libraries:
0x00007ff67e560000 - 0x00007ff67e56d000 	C:\Program Files\OpenJDK\openjdk-11.0.13_8\bin\java.exe
0x00007ffbd4bb0000 - 0x00007ffbd4da5000 	C:\WINDOWS\SYSTEM32\ntdll.dll
0x00007ffbd4380000 - 0x00007ffbd443e000 	C:\WINDOWS\System32\KERNEL32.DLL
0x00007ffbd2380000 - 0x00007ffbd2648000 	C:\WINDOWS\System32\KERNELBASE.dll
0x00007ffbd2700000 - 0x00007ffbd2800000 	C:\WINDOWS\System32\ucrtbase.dll
0x00007ffbc0f30000 - 0x00007ffbc0f46000 	C:\Program Files\OpenJDK\openjdk-11.0.13_8\bin\VCRUNTIME140.dll
0x00007ffbc0f10000 - 0x00007ffbc0f28000 	C:\Program Files\OpenJDK\openjdk-11.0.13_8\bin\jli.dll
0x00007ffbd4440000 - 0x00007ffbd45e0000 	C:\WINDOWS\System32\USER32.dll
0x00007ffbd2300000 - 0x00007ffbd2322000 	C:\WINDOWS\System32\win32u.dll
0x00007ffbcace0000 - 0x00007ffbcaf7a000 	C:\WINDOWS\WinSxS\amd64_microsoft.windows.common-controls_6595b64144ccf1df_6.0.19041.1110_none_60b5254171f9507e\COMCTL32.dll
0x00007ffbd3690000 - 0x00007ffbd372e000 	C:\WINDOWS\System32\msvcrt.dll
0x00007ffbd4170000 - 0x00007ffbd419a000 	C:\WINDOWS\System32\GDI32.dll
0x00007ffbd2800000 - 0x00007ffbd290b000 	C:\WINDOWS\System32\gdi32full.dll
0x00007ffbd2910000 - 0x00007ffbd29ad000 	C:\WINDOWS\System32\msvcp_win.dll
0x00007ffbd2da0000 - 0x00007ffbd2dd0000 	C:\WINDOWS\System32\IMM32.DLL
0x00007ffba8300000 - 0x00007ffba83aa000 	C:\Program Files\OpenJDK\openjdk-11.0.13_8\bin\msvcp140.dll
0x00007ffba6880000 - 0x00007ffba73cc000 	C:\Program Files\OpenJDK\openjdk-11.0.13_8\bin\server\jvm.dll
0x00007ffbd35e0000 - 0x00007ffbd368e000 	C:\WINDOWS\System32\ADVAPI32.dll
0x00007ffbd3980000 - 0x00007ffbd3a1c000 	C:\WINDOWS\System32\sechost.dll
0x00007ffbd2c10000 - 0x00007ffbd2d35000 	C:\WINDOWS\System32\RPCRT4.dll
0x00007ffbd4ae0000 - 0x00007ffbd4ae8000 	C:\WINDOWS\System32\PSAPI.DLL
0x00007ffbcbd50000 - 0x00007ffbcbd77000 	C:\WINDOWS\SYSTEM32\WINMM.dll
0x00007ffbc3070000 - 0x00007ffbc3079000 	C:\WINDOWS\SYSTEM32\WSOCK32.dll
0x00007ffbcbd80000 - 0x00007ffbcbd8a000 	C:\WINDOWS\SYSTEM32\VERSION.dll
0x00007ffbd38b0000 - 0x00007ffbd391b000 	C:\WINDOWS\System32\WS2_32.dll
0x00007ffbd0130000 - 0x00007ffbd0142000 	C:\WINDOWS\SYSTEM32\kernel.appcore.dll
0x00007ffbc0ef0000 - 0x00007ffbc0f01000 	C:\Program Files\OpenJDK\openjdk-11.0.13_8\bin\verify.dll
0x00007ffbc1c50000 - 0x00007ffbc1e34000 	C:\WINDOWS\SYSTEM32\DBGHELP.DLL
0x00007ffbc09f0000 - 0x00007ffbc0a1c000 	C:\WINDOWS\SYSTEM32\dbgcore.DLL
0x00007ffbd2b10000 - 0x00007ffbd2b92000 	C:\WINDOWS\System32\bcryptPrimitives.dll
0x00007ffbbd6a0000 - 0x00007ffbbd6c9000 	C:\Program Files\OpenJDK\openjdk-11.0.13_8\bin\java.dll
0x00007ffbceb90000 - 0x00007ffbceb9a000 	C:\Program Files\OpenJDK\openjdk-11.0.13_8\bin\jimage.dll
0x00007ffbb8b50000 - 0x00007ffbb8b67000 	C:\Program Files\OpenJDK\openjdk-11.0.13_8\bin\zip.dll
0x00007ffbd3a20000 - 0x00007ffbd4164000 	C:\WINDOWS\System32\SHELL32.dll
0x00007ffbd0410000 - 0x00007ffbd0ba4000 	C:\WINDOWS\SYSTEM32\windows.storage.dll
0x00007ffbd3280000 - 0x00007ffbd35d4000 	C:\WINDOWS\System32\combase.dll
0x00007ffbd1c70000 - 0x00007ffbd1c9c000 	C:\WINDOWS\SYSTEM32\Wldp.dll
0x00007ffbd2ea0000 - 0x00007ffbd2f4d000 	C:\WINDOWS\System32\SHCORE.dll
0x00007ffbd45e0000 - 0x00007ffbd4635000 	C:\WINDOWS\System32\shlwapi.dll
0x00007ffbd2210000 - 0x00007ffbd222f000 	C:\WINDOWS\SYSTEM32\profapi.dll
0x00007ffbb82e0000 - 0x00007ffbb82f9000 	C:\Program Files\OpenJDK\openjdk-11.0.13_8\bin\net.dll
0x00007ffbcc400000 - 0x00007ffbcc50a000 	C:\WINDOWS\SYSTEM32\WINHTTP.dll
0x00007ffbd19d0000 - 0x00007ffbd1a3a000 	C:\WINDOWS\system32\mswsock.dll
0x00007ffbb82c0000 - 0x00007ffbb82d3000 	C:\Program Files\OpenJDK\openjdk-11.0.13_8\bin\nio.dll
0x00007ffbb8130000 - 0x00007ffbb8157000 	C:\Users\tfreitas.RJ\.gradle\native\e1d6ef7f7dcc3fd88c89a11ec53ec762bb8ba0a96d01ffa2cd45eb1d1d8dd5c5\windows-amd64\native-platform.dll
0x00007ffba65b0000 - 0x00007ffba66f4000 	C:\Users\tfreitas.RJ\.gradle\native\5664cfc778a61ccfe75a443a1ab52a65af34e5dc3c78e0209fed803814484fcb\windows-amd64\native-platform-file-events.dll
0x00007ffbc0fe0000 - 0x00007ffbc0fe9000 	C:\Program Files\OpenJDK\openjdk-11.0.13_8\bin\management.dll
0x00007ffbc0ea0000 - 0x00007ffbc0eac000 	C:\Program Files\OpenJDK\openjdk-11.0.13_8\bin\management_ext.dll
0x00007ffbd1bd0000 - 0x00007ffbd1be8000 	C:\WINDOWS\SYSTEM32\CRYPTSP.dll
0x00007ffbd1350000 - 0x00007ffbd1384000 	C:\WINDOWS\system32\rsaenh.dll
0x00007ffbd22d0000 - 0x00007ffbd22f7000 	C:\WINDOWS\System32\bcrypt.dll
0x00007ffbd21d0000 - 0x00007ffbd21fe000 	C:\WINDOWS\SYSTEM32\USERENV.dll
0x00007ffbd1bc0000 - 0x00007ffbd1bcc000 	C:\WINDOWS\SYSTEM32\CRYPTBASE.dll
0x00007ffbd16c0000 - 0x00007ffbd16fb000 	C:\WINDOWS\SYSTEM32\IPHLPAPI.DLL
0x00007ffbd4ad0000 - 0x00007ffbd4ad8000 	C:\WINDOWS\System32\NSI.dll
0x00007ffbcdbd0000 - 0x00007ffbcdbe7000 	C:\WINDOWS\SYSTEM32\dhcpcsvc6.DLL
0x00007ffbcd260000 - 0x00007ffbcd27d000 	C:\WINDOWS\SYSTEM32\dhcpcsvc.DLL
0x00007ffbd1700000 - 0x00007ffbd17cb000 	C:\WINDOWS\SYSTEM32\DNSAPI.dll
0x00007ffbc0120000 - 0x00007ffbc012e000 	C:\Program Files\OpenJDK\openjdk-11.0.13_8\bin\sunmscapi.dll
0x00007ffbd29b0000 - 0x00007ffbd2b06000 	C:\WINDOWS\System32\CRYPT32.dll
0x00007ffbd1ce0000 - 0x00007ffbd1d07000 	C:\WINDOWS\SYSTEM32\ncrypt.dll
0x00007ffbd1ca0000 - 0x00007ffbd1cdb000 	C:\WINDOWS\SYSTEM32\NTASN1.dll
0x00007ffbb7660000 - 0x00007ffbb7686000 	C:\Program Files\OpenJDK\openjdk-11.0.13_8\bin\sunec.dll
0x000000005afd0000 - 0x000000005aff6000 	C:\Program Files\Bonjour\mdnsNSP.dll
0x00007ffbcc000000 - 0x00007ffbcc00a000 	C:\Windows\System32\rasadhlp.dll
0x00007ffbcd810000 - 0x00007ffbcd88f000 	C:\WINDOWS\System32\fwpuclnt.dll

dbghelp: loaded successfully - version: 4.0.5 - missing functions: none
symbol engine: initialized successfully - sym options: 0x614 - pdb path: .;C:\Program Files\OpenJDK\openjdk-11.0.13_8\bin;C:\WINDOWS\SYSTEM32;C:\WINDOWS\WinSxS\amd64_microsoft.windows.common-controls_6595b64144ccf1df_6.0.19041.1110_none_60b5254171f9507e;C:\Program Files\OpenJDK\openjdk-11.0.13_8\bin\server;C:\Users\tfreitas.RJ\.gradle\native\e1d6ef7f7dcc3fd88c89a11ec53ec762bb8ba0a96d01ffa2cd45eb1d1d8dd5c5\windows-amd64;C:\Users\tfreitas.RJ\.gradle\native\5664cfc778a61ccfe75a443a1ab52a65af34e5dc3c78e0209fed803814484fcb\windows-amd64;C:\Program Files\Bonjour

VM Arguments:
jvm_args: --add-opens=java.base/java.util=ALL-UNNAMED --add-opens=java.base/java.lang=ALL-UNNAMED --add-opens=java.base/java.lang.invoke=ALL-UNNAMED --add-opens=java.base/java.util=ALL-UNNAMED --add-opens=java.prefs/java.util.prefs=ALL-UNNAMED --add-opens=java.prefs/java.util.prefs=ALL-UNNAMED --add-opens=java.base/java.nio.charset=ALL-UNNAMED --add-opens=java.base/java.net=ALL-UNNAMED --add-opens=java.base/java.util.concurrent.atomic=ALL-UNNAMED -XX:MaxMetaspaceSize=256m -XX:+HeapDumpOnOutOfMemoryError -Xms256m -Xmx512m -Dfile.encoding=windows-1252 -Duser.country=BR -Duser.language=pt -Duser.variant 
java_command: org.gradle.launcher.daemon.bootstrap.GradleDaemon 7.2
java_class_path (initial): C:\Users\tfreitas.RJ\.gradle\wrapper\dists\gradle-7.2-all\260hg96vuh6ex27h9vo47iv4d\gradle-7.2\lib\gradle-launcher-7.2.jar
Launcher Type: SUN_STANDARD

[Global flags]
     intx CICompilerCount                          = 3                                         {product} {ergonomic}
   size_t CompressedClassSpaceSize                 = 260046848                                 {product} {ergonomic}
     uint ConcGCThreads                            = 1                                         {product} {ergonomic}
     uint G1ConcRefinementThreads                  = 4                                         {product} {ergonomic}
   size_t G1HeapRegionSize                         = 1048576                                   {product} {ergonomic}
    uintx GCDrainStackTargetSize                   = 64                                        {product} {ergonomic}
     bool HeapDumpOnOutOfMemoryError               = true                                   {manageable} {command line}
   size_t InitialHeapSize                          = 268435456                                 {product} {command line}
   size_t MarkStackSize                            = 4194304                                   {product} {ergonomic}
   size_t MaxHeapSize                              = 536870912                                 {product} {command line}
   size_t MaxMetaspaceSize                         = 268435456                                 {product} {command line}
   size_t MaxNewSize                               = 321912832                                 {product} {ergonomic}
   size_t MinHeapDeltaBytes                        = 1048576                                   {product} {ergonomic}
    uintx NonNMethodCodeHeapSize                   = 5830732                                {pd product} {ergonomic}
    uintx NonProfiledCodeHeapSize                  = 122913754                              {pd product} {ergonomic}
    uintx ProfiledCodeHeapSize                     = 122913754                              {pd product} {ergonomic}
    uintx ReservedCodeCacheSize                    = 251658240                              {pd product} {ergonomic}
     bool SegmentedCodeCache                       = true                                      {product} {ergonomic}
     bool UseCompressedClassPointers               = true                                 {lp64_product} {ergonomic}
     bool UseCompressedOops                        = true                                 {lp64_product} {ergonomic}
     bool UseG1GC                                  = true                                      {product} {ergonomic}
     bool UseLargePagesIndividualAllocation        = false                                  {pd product} {ergonomic}

Logging:
Log output configuration:
 #0: stdout all=warning uptime,level,tags
 #1: stderr all=off uptime,level,tags

Environment Variables:
JAVA_HOME=C:\Program Files\OpenJDK\openjdk-11.0.13_8
CLASSPATH=C:\Users\tfreitas.RJ\Documents\Sistemas\ivan\mobile\android\\gradle\wrapper\gradle-wrapper.jar
PATH=C:\Users\tfreitas.RJ\Documents\Sistemas\ivan\mobile\android\node_modules\.bin;C:\Users\tfreitas.RJ\Documents\Sistemas\ivan\mobile\node_modules\.bin;C:\Users\tfreitas.RJ\Documents\Sistemas\ivan\node_modules\.bin;C:\Users\tfreitas.RJ\Documents\Sistemas\node_modules\.bin;C:\Users\tfreitas.RJ\Documents\node_modules\.bin;C:\Users\tfreitas.RJ\node_modules\.bin;C:\Users\node_modules\.bin;C:\node_modules\.bin;C:\Program Files\nodejs;C:\Users\tfreitas.RJ\Documents\Sistemas\ivan\mobile\node_modules\.bin;C:\Users\tfreitas.RJ\Documents\Sistemas\ivan\node_modules\.bin;C:\Users\tfreitas.RJ\Documents\Sistemas\node_modules\.bin;C:\Users\tfreitas.RJ\Documents\node_modules\.bin;C:\Users\tfreitas.RJ\node_modules\.bin;C:\Users\node_modules\.bin;C:\node_modules\.bin;C:\Program Files\nodejs\node_modules\npm\node_modules\@npmcli\run-script\lib\node-gyp-bin;C:\Program Files (x86)\Common Files\Oracle\Java\javapath;C:\Program Files (x86)\NVIDIA Corporation\PhysX\Common;C:\WINDOWS\system32;C:\WINDOWS;C:\WINDOWS\System32\Wbem;C:\WINDOWS\System32\WindowsPowerShell\v1.0\;C:\Program Files\Git\cmd;C:\Program Files\PuTTY\;C:\WINDOWS\System32\OpenSSH\;C:\Program Files\Microsoft VS Code\bin;C:\Users\tfreitas.RJ\AppData\Local\Microsoft\WindowsApps;C:\Program Files\heroku\bin;c:\smart\pb6dk;c:\smart\pb12dk;C:\Program Files (x86)\Appeon\Shared\PowerBuilder\;C:\laragon\bin\php\php-7.4.19-Win32-vc15-x64;C:\composer;C:\Program Files (x86)\Bitvise SSH Client;C:\ProgramData\chocolatey\bin;C:\Program Files\nodejs\;C:\Program Files\OpenJDK\openjdk-11.0.13_8\bin;C:\Program Files (x86)\Yarn\bin\;C:\Android\Sdk\emulator;C:\Android\Sdk\tools;C:\Android\Sdk\tools\bin;C:\Android\Sdk\platform-tools;C:\laragon\bin;C:\laragon\bin\apache\httpd-2.4.47-win64-VS16\bin;C:\laragon\bin\composer;C:\laragon\bin\git\bin;C:\laragon\bin\git\cmd;C:\laragon\bin\git\mingw64\bin;C:\laragon\bin\git\usr\bin;C:\laragon\bin\laragon\utils;C:\laragon\bin\mysql\mysql-8.0.28-winx64\bin;C:\laragon\bin\nginx\nginx-1.19.10;C:\laragon\bin\ngrok
USERNAME=tfreitas
OS=Windows_NT
PROCESSOR_IDENTIFIER=Intel64 Family 6 Model 158 Stepping 10, GenuineIntel



---------------  S Y S T E M  ---------------

OS: Windows 10 , 64 bit Build 19041 (10.0.19041.1645)
OS uptime: 3 days 1:01 hours

CPU:total 4 (initial active 4) (4 cores per cpu, 1 threads per core) family 6 model 158 stepping 10 microcode 0xb4, cmov, cx8, fxsr, mmx, sse, sse2, sse3, ssse3, sse4.1, sse4.2, popcnt, avx, avx2, aes, clmul, erms, 3dnowpref, lzcnt, tsc, tscinvbit, bmi1, bmi2, adx, fma

Memory: 4k page, system-wide physical 16319M (3173M free)
TotalPageFile size 16319M (AvailPageFile size 1M)
current process WorkingSet (physical memory assigned to process): 676M, peak: 699M
current process commit charge ("private bytes"): 720M, peak: 756M

vm_info: OpenJDK 64-Bit Server VM (11.0.13+8) for windows-amd64 JRE (11.0.13+8), built on Oct  8 2021 16:28:06 by "" with MS VC++ 15.5 (VS2017)

END.
