#
# There is insufficient memory for the Java Runtime Environment to continue.
# Native memory allocation (mmap) failed to map 54525952 bytes for Failed to commit area from 0x0000000711000000 to 0x0000000714400000 of length 54525952.
# Possible reasons:
#   The system is out of physical RAM or swap space
#   The process is running with CompressedOops enabled, and the Java Heap may be blocking the growth of the native heap
# Possible solutions:
#   Reduce memory load on the system
#   Increase physical memory or swap space
#   Check if swap backing store is full
#   Decrease Java heap size (-Xmx/-Xms)
#   Decrease number of Java threads
#   Decrease Java thread stack sizes (-Xss)
#   Set larger code cache with -XX:ReservedCodeCacheSize=
#   JVM is running with Zero Based Compressed Oops mode in which the Java heap is
#     placed in the first 32GB address space. The Java Heap base address is the
#     maximum limit for the native heap growth. Please use -XX:HeapBaseMinAddress
#     to set the Java Heap base and to place the Java Heap above 32GB virtual address.
# This output file may be truncated or incomplete.
#
#  Out of Memory Error (./src/hotspot/os/windows/os_windows.cpp:3311), pid=15980, tid=1144
#
# JRE version: OpenJDK Runtime Environment 18.9 (11.0.13+8) (build 11.0.13+8)
# Java VM: OpenJDK 64-Bit Server VM 18.9 (11.0.13+8, mixed mode, tiered, compressed oops, g1 gc, windows-amd64)
# No core dump will be written. Minidumps are not enabled by default on client versions of Windows
#

---------------  S U M M A R Y ------------

Command Line: org.jetbrains.kotlin.cli.jvm.K2JVMCompiler @C:\Users\tfreitas.RJ\Documents\Sistemas\ivan\mobile\node_modules\react-native-gesture-handler\android\build\20220428_10338076167948556976.compiler.options

Host: Intel(R) Core(TM) i3-9100F CPU @ 3.60GHz, 4 cores, 15G,  Windows 10 , 64 bit Build 19041 (10.0.19041.1645)
Time: Thu Apr 28 13:34:14 2022 Hora oficial do Brasil elapsed time: 3.649875 seconds (0d 0h 0m 3s)

---------------  T H R E A D  ---------------

Current thread (0x000001596f927800):  VMThread "VM Thread" [stack: 0x0000001399c00000,0x0000001399d00000] [id=1144]

Stack: [0x0000001399c00000,0x0000001399d00000]
[error occurred during error reporting (printing stack bounds), id 0xc0000005, EXCEPTION_ACCESS_VIOLATION (0xc0000005) at pc=0x0000015954cb112d]

Native frames: (J=compiled Java code, j=interpreted, Vv=VM code, C=native code)
V  [jvm.dll+0x64b92a]
V  [jvm.dll+0x78e4e9]
V  [jvm.dll+0x78fbcc]
V  [jvm.dll+0x7901f5]
V  [jvm.dll+0x7901ab]
V  [jvm.dll+0x64ac28]
V  [jvm.dll+0x64b348]
C  [ntdll.dll+0xa20cf]
C  [ntdll.dll+0x51454]
C  [ntdll.dll+0xa0bfe]
C  0x0000015954cb112d

VM_Operation (0x00000013996fdb80): G1CollectForAllocation, mode: safepoint, requested by thread 0x000001594c581000


---------------  P R O C E S S  ---------------

Threads class SMR info:
_java_thread_list=0x0000015970399fb0, length=11, elements={
0x000001594c581000, 0x000001596f92e000, 0x00000159701ea800, 0x000001597024c800,
0x000001597024e800, 0x0000015970251800, 0x0000015970253000, 0x00000159701fe000,
0x000001596f95c000, 0x00000159703b7800, 0x00000159703f4800
}

Java Threads: ( => current thread )
  0x000001594c581000 JavaThread "main" [_thread_blocked, id=964, stack(0x0000001399600000,0x0000001399700000)]
  0x000001596f92e000 JavaThread "Reference Handler" daemon [_thread_blocked, id=14000, stack(0x0000001399d00000,0x0000001399e00000)]
  0x00000159701ea800 JavaThread "Finalizer" daemon [_thread_blocked, id=8748, stack(0x0000001399e00000,0x0000001399f00000)]
  0x000001597024c800 JavaThread "Signal Dispatcher" daemon [_thread_blocked, id=16164, stack(0x0000001399f00000,0x000000139a000000)]
  0x000001597024e800 JavaThread "Attach Listener" daemon [_thread_blocked, id=1640, stack(0x000000139a000000,0x000000139a100000)]
  0x0000015970251800 JavaThread "Service Thread" daemon [_thread_blocked, id=3208, stack(0x000000139a100000,0x000000139a200000)]
  0x0000015970253000 JavaThread "C2 CompilerThread0" daemon [_thread_blocked, id=10072, stack(0x000000139a200000,0x000000139a300000)]
  0x00000159701fe000 JavaThread "C1 CompilerThread0" daemon [_thread_blocked, id=14904, stack(0x000000139a300000,0x000000139a400000)]
  0x000001596f95c000 JavaThread "Sweeper thread" daemon [_thread_blocked, id=3788, stack(0x000000139a400000,0x000000139a500000)]
  0x00000159703b7800 JavaThread "Common-Cleaner" daemon [_thread_blocked, id=15520, stack(0x000000139a600000,0x000000139a700000)]
  0x00000159703f4800 JavaThread "C2 CompilerThread1" daemon [_thread_in_native, id=13548, stack(0x000000139a700000,0x000000139a800000)]

Other Threads:
=>0x000001596f927800 VMThread "VM Thread" [stack: 0x0000001399c00000,0x0000001399d00000] [id=1144]
  0x00000159703b3000 WatcherThread [stack: 0x000000139a500000,0x000000139a600000] [id=12800]
  0x000001594c599000 GCTaskThread "GC Thread#0" [stack: 0x0000001399700000,0x0000001399800000] [id=14072]
  0x000001597098a000 GCTaskThread "GC Thread#1" [stack: 0x000000139a800000,0x000000139a900000] [id=3068]
  0x000001597098a800 GCTaskThread "GC Thread#2" [stack: 0x000000139a900000,0x000000139aa00000] [id=9164]
  0x000001597098b800 GCTaskThread "GC Thread#3" [stack: 0x000000139aa00000,0x000000139ab00000] [id=8560]
  0x000001594c5f4000 ConcurrentGCThread "G1 Main Marker" [stack: 0x0000001399800000,0x0000001399900000] [id=10628]
  0x000001594c5f5800 ConcurrentGCThread "G1 Conc#0" [stack: 0x0000001399900000,0x0000001399a00000] [id=11348]
  0x000001596f807800 ConcurrentGCThread "G1 Refine#0" [stack: 0x0000001399a00000,0x0000001399b00000] [id=9332]
  0x000001596f808000 ConcurrentGCThread "G1 Young RemSet Sampling" [stack: 0x0000001399b00000,0x0000001399c00000] [id=1960]

Threads with active compile tasks:
C2 CompilerThread0   3654 5970       4       java.util.concurrent.locks.ReentrantLock$NonfairSync::tryAcquire (6 bytes)
C1 CompilerThread0   3654 6009       2       kotlin.collections.CollectionsKt__IterablesKt::convertToSetForSetOperationWith (98 bytes)
C2 CompilerThread1   3654 5571       4       org.jetbrains.kotlin.parsing.AbstractKotlinParsing::at (114 bytes)

VM state:at safepoint (normal execution)

VM Mutex/Monitor currently owned by a thread:  ([mutex/lock_event])
[0x000001594c57c4f0] Threads_lock - owner thread: 0x000001596f927800
[0x000001594c57cf10] Heap_lock - owner thread: 0x000001594c581000

Heap address: 0x0000000701000000, size: 4080 MB, Compressed Oops mode: Zero based, Oop shift amount: 3
Narrow klass base: 0x0000000800000000, Narrow klass shift: 0
Compressed class space size: 1073741824 Address: 0x0000000800000000

Heap:
 garbage-first heap   total 315392K, used 42125K [0x0000000701000000, 0x0000000800000000)
  region size 1024K, 19 young (19456K), 19 survivors (19456K)
 Metaspace       used 57493K, capacity 58205K, committed 58368K, reserved 1101824K
  class space    used 6641K, capacity 6910K, committed 6912K, reserved 1048576K
Heap Regions: E=young(eden), S=young(survivor), O=old, HS=humongous(starts), HC=humongous(continues), CS=collection set, F=free, A=archive, TAMS=top-at-mark-start (previous, next)
|   0|0x0000000701000000, 0x0000000701100000, 0x0000000701100000|100%|HS|  |TAMS 0x0000000701100000, 0x0000000701000000| Complete 
|   1|0x0000000701100000, 0x0000000701200000, 0x0000000701200000|100%|HC|  |TAMS 0x0000000701200000, 0x0000000701100000| Complete 
|   2|0x0000000701200000, 0x0000000701300000, 0x0000000701300000|100%|HC|  |TAMS 0x0000000701300000, 0x0000000701200000| Complete 
|   3|0x0000000701300000, 0x0000000701400000, 0x0000000701400000|100%| O|  |TAMS 0x0000000701400000, 0x0000000701300000| Untracked 
|   4|0x0000000701400000, 0x0000000701500000, 0x0000000701500000|100%| O|  |TAMS 0x0000000701500000, 0x0000000701400000| Untracked 
|   5|0x0000000701500000, 0x0000000701600000, 0x0000000701600000|100%|HS|  |TAMS 0x0000000701600000, 0x0000000701500000| Complete 
|   6|0x0000000701600000, 0x0000000701700000, 0x0000000701700000|100%|HC|  |TAMS 0x0000000701700000, 0x0000000701600000| Complete 
|   7|0x0000000701700000, 0x0000000701800000, 0x0000000701800000|100%|HC|  |TAMS 0x0000000701800000, 0x0000000701700000| Complete 
|   8|0x0000000701800000, 0x0000000701900000, 0x0000000701900000|100%|HS|  |TAMS 0x0000000701900000, 0x0000000701800000| Complete 
|   9|0x0000000701900000, 0x0000000701a00000, 0x0000000701a00000|100%|HC|  |TAMS 0x0000000701a00000, 0x0000000701900000| Complete 
|  10|0x0000000701a00000, 0x0000000701b00000, 0x0000000701b00000|100%|HC|  |TAMS 0x0000000701b00000, 0x0000000701a00000| Complete 
|  11|0x0000000701b00000, 0x0000000701c00000, 0x0000000701c00000|100%|HS|  |TAMS 0x0000000701b00000, 0x0000000701b00000| Complete 
|  12|0x0000000701c00000, 0x0000000701d00000, 0x0000000701d00000|100%|HC|  |TAMS 0x0000000701c00000, 0x0000000701c00000| Complete 
|  13|0x0000000701d00000, 0x0000000701d00000, 0x0000000701e00000|  0%| F|  |TAMS 0x0000000701d00000, 0x0000000701d00000| Untracked 
|  14|0x0000000701e00000, 0x0000000701f00000, 0x0000000701f00000|100%| O|  |TAMS 0x0000000701e00000, 0x0000000701e00000| Untracked 
|  15|0x0000000701f00000, 0x0000000702000000, 0x0000000702000000|100%| O|  |TAMS 0x0000000701f00000, 0x0000000701f00000| Untracked 
|  16|0x0000000702000000, 0x0000000702100000, 0x0000000702100000|100%| O|  |TAMS 0x0000000702000000, 0x0000000702000000| Untracked 
|  17|0x0000000702100000, 0x0000000702200000, 0x0000000702200000|100%| O|  |TAMS 0x0000000702200000, 0x0000000702100000| Untracked 
|  18|0x0000000702200000, 0x0000000702300000, 0x0000000702300000|100%| O|  |TAMS 0x0000000702300000, 0x0000000702200000| Untracked 
|  19|0x0000000702300000, 0x0000000702400000, 0x0000000702400000|100%| O|  |TAMS 0x0000000702400000, 0x0000000702300000| Untracked 
|  20|0x0000000702400000, 0x0000000702500000, 0x0000000702500000|100%| O|  |TAMS 0x0000000702500000, 0x0000000702400000| Untracked 
|  21|0x0000000702500000, 0x0000000702600000, 0x0000000702600000|100%| O|  |TAMS 0x000000070251b400, 0x0000000702500000| Untracked 
|  22|0x0000000702600000, 0x0000000702700000, 0x0000000702700000|100%| O|  |TAMS 0x0000000702600000, 0x0000000702600000| Untracked 
|  23|0x0000000702700000, 0x0000000702723600, 0x0000000702800000| 13%| O|  |TAMS 0x0000000702700000, 0x0000000702700000| Untracked 
|  24|0x0000000702800000, 0x0000000702800000, 0x0000000702900000|  0%| F|  |TAMS 0x0000000702800000, 0x0000000702800000| Untracked 
|  25|0x0000000702900000, 0x0000000702900000, 0x0000000702a00000|  0%| F|  |TAMS 0x0000000702900000, 0x0000000702900000| Untracked 
|  26|0x0000000702a00000, 0x0000000702a00000, 0x0000000702b00000|  0%| F|  |TAMS 0x0000000702a00000, 0x0000000702a00000| Untracked 
|  27|0x0000000702b00000, 0x0000000702b00000, 0x0000000702c00000|  0%| F|  |TAMS 0x0000000702b00000, 0x0000000702b00000| Untracked 
|  28|0x0000000702c00000, 0x0000000702c00000, 0x0000000702d00000|  0%| F|  |TAMS 0x0000000702c00000, 0x0000000702c00000| Untracked 
|  29|0x0000000702d00000, 0x0000000702d00000, 0x0000000702e00000|  0%| F|  |TAMS 0x0000000702d00000, 0x0000000702d00000| Untracked 
|  30|0x0000000702e00000, 0x0000000702e00000, 0x0000000702f00000|  0%| F|  |TAMS 0x0000000702e00000, 0x0000000702e00000| Untracked 
|  31|0x0000000702f00000, 0x0000000702f00000, 0x0000000703000000|  0%| F|  |TAMS 0x0000000702f00000, 0x0000000702f00000| Untracked 
|  32|0x0000000703000000, 0x0000000703000000, 0x0000000703100000|  0%| F|  |TAMS 0x0000000703000000, 0x0000000703000000| Untracked 
|  33|0x0000000703100000, 0x0000000703100000, 0x0000000703200000|  0%| F|  |TAMS 0x0000000703100000, 0x0000000703100000| Untracked 
|  34|0x0000000703200000, 0x0000000703200000, 0x0000000703300000|  0%| F|  |TAMS 0x0000000703200000, 0x0000000703200000| Untracked 
|  35|0x0000000703300000, 0x0000000703300000, 0x0000000703400000|  0%| F|  |TAMS 0x0000000703300000, 0x0000000703300000| Untracked 
|  36|0x0000000703400000, 0x0000000703400000, 0x0000000703500000|  0%| F|  |TAMS 0x0000000703400000, 0x0000000703400000| Untracked 
|  37|0x0000000703500000, 0x0000000703500000, 0x0000000703600000|  0%| F|  |TAMS 0x0000000703500000, 0x0000000703500000| Untracked 
|  38|0x0000000703600000, 0x0000000703600000, 0x0000000703700000|  0%| F|  |TAMS 0x0000000703600000, 0x0000000703600000| Untracked 
|  39|0x0000000703700000, 0x0000000703700000, 0x0000000703800000|  0%| F|  |TAMS 0x0000000703700000, 0x0000000703700000| Untracked 
|  40|0x0000000703800000, 0x0000000703800000, 0x0000000703900000|  0%| F|  |TAMS 0x0000000703800000, 0x0000000703800000| Untracked 
|  41|0x0000000703900000, 0x0000000703900000, 0x0000000703a00000|  0%| F|  |TAMS 0x0000000703900000, 0x0000000703900000| Untracked 
|  42|0x0000000703a00000, 0x0000000703a00000, 0x0000000703b00000|  0%| F|  |TAMS 0x0000000703a00000, 0x0000000703a00000| Untracked 
|  43|0x0000000703b00000, 0x0000000703b00000, 0x0000000703c00000|  0%| F|  |TAMS 0x0000000703b00000, 0x0000000703b00000| Untracked 
|  44|0x0000000703c00000, 0x0000000703c00000, 0x0000000703d00000|  0%| F|  |TAMS 0x0000000703c00000, 0x0000000703c00000| Untracked 
|  45|0x0000000703d00000, 0x0000000703d00000, 0x0000000703e00000|  0%| F|  |TAMS 0x0000000703d00000, 0x0000000703d00000| Untracked 
|  46|0x0000000703e00000, 0x0000000703e00000, 0x0000000703f00000|  0%| F|  |TAMS 0x0000000703e00000, 0x0000000703e00000| Untracked 
|  47|0x0000000703f00000, 0x0000000703f00000, 0x0000000704000000|  0%| F|  |TAMS 0x0000000703f00000, 0x0000000703f00000| Untracked 
|  48|0x0000000704000000, 0x0000000704000000, 0x0000000704100000|  0%| F|  |TAMS 0x0000000704000000, 0x0000000704000000| Untracked 
|  49|0x0000000704100000, 0x0000000704100000, 0x0000000704200000|  0%| F|  |TAMS 0x0000000704100000, 0x0000000704100000| Untracked 
|  50|0x0000000704200000, 0x0000000704200000, 0x0000000704300000|  0%| F|  |TAMS 0x0000000704200000, 0x0000000704200000| Untracked 
|  51|0x0000000704300000, 0x0000000704300000, 0x0000000704400000|  0%| F|  |TAMS 0x0000000704300000, 0x0000000704300000| Untracked 
|  52|0x0000000704400000, 0x0000000704400000, 0x0000000704500000|  0%| F|  |TAMS 0x0000000704400000, 0x0000000704400000| Untracked 
|  53|0x0000000704500000, 0x0000000704500000, 0x0000000704600000|  0%| F|  |TAMS 0x0000000704500000, 0x0000000704500000| Untracked 
|  54|0x0000000704600000, 0x0000000704600000, 0x0000000704700000|  0%| F|  |TAMS 0x0000000704600000, 0x0000000704600000| Untracked 
|  55|0x0000000704700000, 0x0000000704700000, 0x0000000704800000|  0%| F|  |TAMS 0x0000000704700000, 0x0000000704700000| Untracked 
|  56|0x0000000704800000, 0x0000000704800000, 0x0000000704900000|  0%| F|  |TAMS 0x0000000704800000, 0x0000000704800000| Untracked 
|  57|0x0000000704900000, 0x0000000704900000, 0x0000000704a00000|  0%| F|  |TAMS 0x0000000704900000, 0x0000000704900000| Untracked 
|  58|0x0000000704a00000, 0x0000000704a00000, 0x0000000704b00000|  0%| F|  |TAMS 0x0000000704a00000, 0x0000000704a00000| Untracked 
|  59|0x0000000704b00000, 0x0000000704b00000, 0x0000000704c00000|  0%| F|  |TAMS 0x0000000704b00000, 0x0000000704b00000| Untracked 
|  60|0x0000000704c00000, 0x0000000704c00000, 0x0000000704d00000|  0%| F|  |TAMS 0x0000000704c00000, 0x0000000704c00000| Untracked 
|  61|0x0000000704d00000, 0x0000000704d00000, 0x0000000704e00000|  0%| F|  |TAMS 0x0000000704d00000, 0x0000000704d00000| Untracked 
|  62|0x0000000704e00000, 0x0000000704e00000, 0x0000000704f00000|  0%| F|  |TAMS 0x0000000704e00000, 0x0000000704e00000| Untracked 
|  63|0x0000000704f00000, 0x0000000704f00000, 0x0000000705000000|  0%| F|  |TAMS 0x0000000704f00000, 0x0000000704f00000| Untracked 
|  64|0x0000000705000000, 0x0000000705000000, 0x0000000705100000|  0%| F|  |TAMS 0x0000000705000000, 0x0000000705000000| Untracked 
|  65|0x0000000705100000, 0x0000000705100000, 0x0000000705200000|  0%| F|  |TAMS 0x0000000705100000, 0x0000000705100000| Untracked 
|  66|0x0000000705200000, 0x0000000705200000, 0x0000000705300000|  0%| F|  |TAMS 0x0000000705200000, 0x0000000705200000| Untracked 
|  67|0x0000000705300000, 0x0000000705300000, 0x0000000705400000|  0%| F|  |TAMS 0x0000000705300000, 0x0000000705300000| Untracked 
|  68|0x0000000705400000, 0x0000000705400000, 0x0000000705500000|  0%| F|  |TAMS 0x0000000705400000, 0x0000000705400000| Untracked 
|  69|0x0000000705500000, 0x0000000705500000, 0x0000000705600000|  0%| F|  |TAMS 0x0000000705500000, 0x0000000705500000| Untracked 
|  70|0x0000000705600000, 0x0000000705600000, 0x0000000705700000|  0%| F|  |TAMS 0x0000000705600000, 0x0000000705600000| Untracked 
|  71|0x0000000705700000, 0x0000000705700000, 0x0000000705800000|  0%| F|  |TAMS 0x0000000705700000, 0x0000000705700000| Untracked 
|  72|0x0000000705800000, 0x0000000705800000, 0x0000000705900000|  0%| F|  |TAMS 0x0000000705800000, 0x0000000705800000| Untracked 
|  73|0x0000000705900000, 0x0000000705900000, 0x0000000705a00000|  0%| F|  |TAMS 0x0000000705900000, 0x0000000705900000| Untracked 
|  74|0x0000000705a00000, 0x0000000705a00000, 0x0000000705b00000|  0%| F|  |TAMS 0x0000000705a00000, 0x0000000705a00000| Untracked 
|  75|0x0000000705b00000, 0x0000000705b00000, 0x0000000705c00000|  0%| F|  |TAMS 0x0000000705b00000, 0x0000000705b00000| Untracked 
|  76|0x0000000705c00000, 0x0000000705c00000, 0x0000000705d00000|  0%| F|  |TAMS 0x0000000705c00000, 0x0000000705c00000| Untracked 
|  77|0x0000000705d00000, 0x0000000705d00000, 0x0000000705e00000|  0%| F|  |TAMS 0x0000000705d00000, 0x0000000705d00000| Untracked 
|  78|0x0000000705e00000, 0x0000000705e00000, 0x0000000705f00000|  0%| F|  |TAMS 0x0000000705e00000, 0x0000000705e00000| Untracked 
|  79|0x0000000705f00000, 0x0000000705f00000, 0x0000000706000000|  0%| F|  |TAMS 0x0000000705f00000, 0x0000000705f00000| Untracked 
|  80|0x0000000706000000, 0x0000000706000000, 0x0000000706100000|  0%| F|  |TAMS 0x0000000706000000, 0x0000000706000000| Untracked 
|  81|0x0000000706100000, 0x0000000706100000, 0x0000000706200000|  0%| F|  |TAMS 0x0000000706100000, 0x0000000706100000| Untracked 
|  82|0x0000000706200000, 0x0000000706200000, 0x0000000706300000|  0%| F|  |TAMS 0x0000000706200000, 0x0000000706200000| Untracked 
|  83|0x0000000706300000, 0x0000000706300000, 0x0000000706400000|  0%| F|  |TAMS 0x0000000706300000, 0x0000000706300000| Untracked 
|  84|0x0000000706400000, 0x0000000706400000, 0x0000000706500000|  0%| F|  |TAMS 0x0000000706400000, 0x0000000706400000| Untracked 
|  85|0x0000000706500000, 0x0000000706500000, 0x0000000706600000|  0%| F|  |TAMS 0x0000000706500000, 0x0000000706500000| Untracked 
|  86|0x0000000706600000, 0x0000000706600000, 0x0000000706700000|  0%| F|  |TAMS 0x0000000706600000, 0x0000000706600000| Untracked 
|  87|0x0000000706700000, 0x0000000706800000, 0x0000000706800000|100%| S|CS|TAMS 0x0000000706700000, 0x0000000706700000| Complete 
|  88|0x0000000706800000, 0x0000000706900000, 0x0000000706900000|100%| S|CS|TAMS 0x0000000706800000, 0x0000000706800000| Complete 
|  89|0x0000000706900000, 0x0000000706a00000, 0x0000000706a00000|100%| S|CS|TAMS 0x0000000706900000, 0x0000000706900000| Complete 
|  90|0x0000000706a00000, 0x0000000706b00000, 0x0000000706b00000|100%| S|CS|TAMS 0x0000000706a00000, 0x0000000706a00000| Complete 
|  91|0x0000000706b00000, 0x0000000706c00000, 0x0000000706c00000|100%| S|CS|TAMS 0x0000000706b00000, 0x0000000706b00000| Complete 
|  92|0x0000000706c00000, 0x0000000706d00000, 0x0000000706d00000|100%| S|CS|TAMS 0x0000000706c00000, 0x0000000706c00000| Complete 
|  93|0x0000000706d00000, 0x0000000706e00000, 0x0000000706e00000|100%| S|CS|TAMS 0x0000000706d00000, 0x0000000706d00000| Complete 
|  94|0x0000000706e00000, 0x0000000706f00000, 0x0000000706f00000|100%| S|CS|TAMS 0x0000000706e00000, 0x0000000706e00000| Complete 
|  95|0x0000000706f00000, 0x0000000707000000, 0x0000000707000000|100%| S|CS|TAMS 0x0000000706f00000, 0x0000000706f00000| Complete 
|  96|0x0000000707000000, 0x0000000707100000, 0x0000000707100000|100%| S|CS|TAMS 0x0000000707000000, 0x0000000707000000| Complete 
|  97|0x0000000707100000, 0x0000000707200000, 0x0000000707200000|100%| S|CS|TAMS 0x0000000707100000, 0x0000000707100000| Complete 
|  98|0x0000000707200000, 0x0000000707300000, 0x0000000707300000|100%| S|CS|TAMS 0x0000000707200000, 0x0000000707200000| Complete 
|  99|0x0000000707300000, 0x0000000707400000, 0x0000000707400000|100%| S|CS|TAMS 0x0000000707300000, 0x0000000707300000| Complete 
| 100|0x0000000707400000, 0x0000000707500000, 0x0000000707500000|100%| S|CS|TAMS 0x0000000707400000, 0x0000000707400000| Complete 
| 101|0x0000000707500000, 0x0000000707600000, 0x0000000707600000|100%| S|CS|TAMS 0x0000000707500000, 0x0000000707500000| Complete 
| 102|0x0000000707600000, 0x0000000707700000, 0x0000000707700000|100%| S|CS|TAMS 0x0000000707600000, 0x0000000707600000| Complete 
| 103|0x0000000707700000, 0x0000000707800000, 0x0000000707800000|100%| S|CS|TAMS 0x0000000707700000, 0x0000000707700000| Complete 
| 104|0x0000000707800000, 0x0000000707900000, 0x0000000707900000|100%| S|CS|TAMS 0x0000000707800000, 0x0000000707800000| Complete 
| 105|0x0000000707900000, 0x0000000707a00000, 0x0000000707a00000|100%| S|CS|TAMS 0x0000000707900000, 0x0000000707900000| Complete 
| 106|0x0000000707a00000, 0x0000000707a00000, 0x0000000707b00000|  0%| F|  |TAMS 0x0000000707a00000, 0x0000000707a00000| Untracked 
| 107|0x0000000707b00000, 0x0000000707b00000, 0x0000000707c00000|  0%| F|  |TAMS 0x0000000707b00000, 0x0000000707b00000| Untracked 
| 108|0x0000000707c00000, 0x0000000707c00000, 0x0000000707d00000|  0%| F|  |TAMS 0x0000000707c00000, 0x0000000707c00000| Untracked 
| 109|0x0000000707d00000, 0x0000000707d00000, 0x0000000707e00000|  0%| F|  |TAMS 0x0000000707d00000, 0x0000000707d00000| Untracked 
| 110|0x0000000707e00000, 0x0000000707e00000, 0x0000000707f00000|  0%| F|  |TAMS 0x0000000707e00000, 0x0000000707e00000| Untracked 
| 111|0x0000000707f00000, 0x0000000707f00000, 0x0000000708000000|  0%| F|  |TAMS 0x0000000707f00000, 0x0000000707f00000| Untracked 
| 112|0x0000000708000000, 0x0000000708000000, 0x0000000708100000|  0%| F|  |TAMS 0x0000000708000000, 0x0000000708000000| Untracked 
| 113|0x0000000708100000, 0x0000000708100000, 0x0000000708200000|  0%| F|  |TAMS 0x0000000708100000, 0x0000000708100000| Untracked 
| 114|0x0000000708200000, 0x0000000708200000, 0x0000000708300000|  0%| F|  |TAMS 0x0000000708200000, 0x0000000708200000| Untracked 
| 115|0x0000000708300000, 0x0000000708300000, 0x0000000708400000|  0%| F|  |TAMS 0x0000000708300000, 0x0000000708300000| Untracked 
| 116|0x0000000708400000, 0x0000000708400000, 0x0000000708500000|  0%| F|  |TAMS 0x0000000708400000, 0x0000000708400000| Untracked 
| 117|0x0000000708500000, 0x0000000708500000, 0x0000000708600000|  0%| F|  |TAMS 0x0000000708500000, 0x0000000708500000| Untracked 
| 118|0x0000000708600000, 0x0000000708600000, 0x0000000708700000|  0%| F|  |TAMS 0x0000000708600000, 0x0000000708600000| Untracked 
| 119|0x0000000708700000, 0x0000000708700000, 0x0000000708800000|  0%| F|  |TAMS 0x0000000708700000, 0x0000000708700000| Untracked 
| 120|0x0000000708800000, 0x0000000708800000, 0x0000000708900000|  0%| F|  |TAMS 0x0000000708800000, 0x0000000708800000| Untracked 
| 121|0x0000000708900000, 0x0000000708900000, 0x0000000708a00000|  0%| F|  |TAMS 0x0000000708900000, 0x0000000708900000| Untracked 
| 122|0x0000000708a00000, 0x0000000708a00000, 0x0000000708b00000|  0%| F|  |TAMS 0x0000000708a00000, 0x0000000708a00000| Untracked 
| 123|0x0000000708b00000, 0x0000000708b00000, 0x0000000708c00000|  0%| F|  |TAMS 0x0000000708b00000, 0x0000000708b00000| Untracked 
| 124|0x0000000708c00000, 0x0000000708c00000, 0x0000000708d00000|  0%| F|  |TAMS 0x0000000708c00000, 0x0000000708c00000| Untracked 
| 125|0x0000000708d00000, 0x0000000708d00000, 0x0000000708e00000|  0%| F|  |TAMS 0x0000000708d00000, 0x0000000708d00000| Untracked 
| 126|0x0000000708e00000, 0x0000000708e00000, 0x0000000708f00000|  0%| F|  |TAMS 0x0000000708e00000, 0x0000000708e00000| Untracked 
| 127|0x0000000708f00000, 0x0000000708f00000, 0x0000000709000000|  0%| F|  |TAMS 0x0000000708f00000, 0x0000000708f00000| Untracked 
| 128|0x0000000709000000, 0x0000000709000000, 0x0000000709100000|  0%| F|  |TAMS 0x0000000709000000, 0x0000000709000000| Untracked 
| 129|0x0000000709100000, 0x0000000709100000, 0x0000000709200000|  0%| F|  |TAMS 0x0000000709100000, 0x0000000709100000| Untracked 
| 130|0x0000000709200000, 0x0000000709200000, 0x0000000709300000|  0%| F|  |TAMS 0x0000000709200000, 0x0000000709200000| Untracked 
| 131|0x0000000709300000, 0x0000000709300000, 0x0000000709400000|  0%| F|  |TAMS 0x0000000709300000, 0x0000000709300000| Untracked 
| 132|0x0000000709400000, 0x0000000709400000, 0x0000000709500000|  0%| F|  |TAMS 0x0000000709400000, 0x0000000709400000| Untracked 
| 133|0x0000000709500000, 0x0000000709500000, 0x0000000709600000|  0%| F|  |TAMS 0x0000000709500000, 0x0000000709500000| Untracked 
| 134|0x0000000709600000, 0x0000000709600000, 0x0000000709700000|  0%| F|  |TAMS 0x0000000709600000, 0x0000000709600000| Untracked 
| 135|0x0000000709700000, 0x0000000709700000, 0x0000000709800000|  0%| F|  |TAMS 0x0000000709700000, 0x0000000709700000| Untracked 
| 136|0x0000000709800000, 0x0000000709800000, 0x0000000709900000|  0%| F|  |TAMS 0x0000000709800000, 0x0000000709800000| Untracked 
| 137|0x0000000709900000, 0x0000000709900000, 0x0000000709a00000|  0%| F|  |TAMS 0x0000000709900000, 0x0000000709900000| Untracked 
| 138|0x0000000709a00000, 0x0000000709a00000, 0x0000000709b00000|  0%| F|  |TAMS 0x0000000709a00000, 0x0000000709a00000| Untracked 
| 139|0x0000000709b00000, 0x0000000709b00000, 0x0000000709c00000|  0%| F|  |TAMS 0x0000000709b00000, 0x0000000709b00000| Untracked 
| 140|0x0000000709c00000, 0x0000000709c00000, 0x0000000709d00000|  0%| F|  |TAMS 0x0000000709c00000, 0x0000000709c00000| Untracked 
| 141|0x0000000709d00000, 0x0000000709d00000, 0x0000000709e00000|  0%| F|  |TAMS 0x0000000709d00000, 0x0000000709d00000| Untracked 
| 142|0x0000000709e00000, 0x0000000709e00000, 0x0000000709f00000|  0%| F|  |TAMS 0x0000000709e00000, 0x0000000709e00000| Untracked 
| 143|0x0000000709f00000, 0x0000000709f00000, 0x000000070a000000|  0%| F|  |TAMS 0x0000000709f00000, 0x0000000709f00000| Untracked 
| 144|0x000000070a000000, 0x000000070a000000, 0x000000070a100000|  0%| F|  |TAMS 0x000000070a000000, 0x000000070a000000| Untracked 
| 145|0x000000070a100000, 0x000000070a100000, 0x000000070a200000|  0%| F|  |TAMS 0x000000070a100000, 0x000000070a100000| Untracked 
| 146|0x000000070a200000, 0x000000070a200000, 0x000000070a300000|  0%| F|  |TAMS 0x000000070a200000, 0x000000070a200000| Untracked 
| 147|0x000000070a300000, 0x000000070a300000, 0x000000070a400000|  0%| F|  |TAMS 0x000000070a300000, 0x000000070a300000| Untracked 
| 148|0x000000070a400000, 0x000000070a400000, 0x000000070a500000|  0%| F|  |TAMS 0x000000070a400000, 0x000000070a400000| Untracked 
| 149|0x000000070a500000, 0x000000070a500000, 0x000000070a600000|  0%| F|  |TAMS 0x000000070a500000, 0x000000070a500000| Untracked 
| 150|0x000000070a600000, 0x000000070a600000, 0x000000070a700000|  0%| F|  |TAMS 0x000000070a600000, 0x000000070a600000| Untracked 
| 151|0x000000070a700000, 0x000000070a700000, 0x000000070a800000|  0%| F|  |TAMS 0x000000070a700000, 0x000000070a700000| Untracked 
| 152|0x000000070a800000, 0x000000070a800000, 0x000000070a900000|  0%| F|  |TAMS 0x000000070a800000, 0x000000070a800000| Untracked 
| 153|0x000000070a900000, 0x000000070a900000, 0x000000070aa00000|  0%| F|  |TAMS 0x000000070a900000, 0x000000070a900000| Untracked 
| 154|0x000000070aa00000, 0x000000070aa00000, 0x000000070ab00000|  0%| F|  |TAMS 0x000000070aa00000, 0x000000070aa00000| Untracked 
| 155|0x000000070ab00000, 0x000000070ab00000, 0x000000070ac00000|  0%| F|  |TAMS 0x000000070ab00000, 0x000000070ab00000| Untracked 
| 156|0x000000070ac00000, 0x000000070ac00000, 0x000000070ad00000|  0%| F|  |TAMS 0x000000070ac00000, 0x000000070ac00000| Untracked 
| 157|0x000000070ad00000, 0x000000070ad00000, 0x000000070ae00000|  0%| F|  |TAMS 0x000000070ad00000, 0x000000070ad00000| Untracked 
| 158|0x000000070ae00000, 0x000000070ae00000, 0x000000070af00000|  0%| F|  |TAMS 0x000000070ae00000, 0x000000070ae00000| Untracked 
| 159|0x000000070af00000, 0x000000070af00000, 0x000000070b000000|  0%| F|  |TAMS 0x000000070af00000, 0x000000070af00000| Untracked 
| 160|0x000000070b000000, 0x000000070b000000, 0x000000070b100000|  0%| F|  |TAMS 0x000000070b000000, 0x000000070b000000| Untracked 
| 161|0x000000070b100000, 0x000000070b100000, 0x000000070b200000|  0%| F|  |TAMS 0x000000070b100000, 0x000000070b100000| Untracked 
| 162|0x000000070b200000, 0x000000070b200000, 0x000000070b300000|  0%| F|  |TAMS 0x000000070b200000, 0x000000070b200000| Untracked 
| 163|0x000000070b300000, 0x000000070b300000, 0x000000070b400000|  0%| F|  |TAMS 0x000000070b300000, 0x000000070b300000| Untracked 
| 164|0x000000070b400000, 0x000000070b400000, 0x000000070b500000|  0%| F|  |TAMS 0x000000070b400000, 0x000000070b400000| Untracked 
| 165|0x000000070b500000, 0x000000070b500000, 0x000000070b600000|  0%| F|  |TAMS 0x000000070b500000, 0x000000070b500000| Untracked 
| 166|0x000000070b600000, 0x000000070b600000, 0x000000070b700000|  0%| F|  |TAMS 0x000000070b600000, 0x000000070b600000| Untracked 
| 167|0x000000070b700000, 0x000000070b700000, 0x000000070b800000|  0%| F|  |TAMS 0x000000070b700000, 0x000000070b700000| Untracked 
| 168|0x000000070b800000, 0x000000070b800000, 0x000000070b900000|  0%| F|  |TAMS 0x000000070b800000, 0x000000070b800000| Untracked 
| 169|0x000000070b900000, 0x000000070b900000, 0x000000070ba00000|  0%| F|  |TAMS 0x000000070b900000, 0x000000070b900000| Untracked 
| 170|0x000000070ba00000, 0x000000070ba00000, 0x000000070bb00000|  0%| F|  |TAMS 0x000000070ba00000, 0x000000070ba00000| Untracked 
| 171|0x000000070bb00000, 0x000000070bb00000, 0x000000070bc00000|  0%| F|  |TAMS 0x000000070bb00000, 0x000000070bb00000| Untracked 
| 172|0x000000070bc00000, 0x000000070bc00000, 0x000000070bd00000|  0%| F|  |TAMS 0x000000070bc00000, 0x000000070bc00000| Untracked 
| 173|0x000000070bd00000, 0x000000070bd00000, 0x000000070be00000|  0%| F|  |TAMS 0x000000070bd00000, 0x000000070bd00000| Untracked 
| 174|0x000000070be00000, 0x000000070be00000, 0x000000070bf00000|  0%| F|  |TAMS 0x000000070be00000, 0x000000070be00000| Untracked 
| 175|0x000000070bf00000, 0x000000070bf00000, 0x000000070c000000|  0%| F|  |TAMS 0x000000070bf00000, 0x000000070bf00000| Untracked 
| 176|0x000000070c000000, 0x000000070c000000, 0x000000070c100000|  0%| F|  |TAMS 0x000000070c000000, 0x000000070c000000| Untracked 
| 177|0x000000070c100000, 0x000000070c100000, 0x000000070c200000|  0%| F|  |TAMS 0x000000070c100000, 0x000000070c100000| Untracked 
| 178|0x000000070c200000, 0x000000070c200000, 0x000000070c300000|  0%| F|  |TAMS 0x000000070c200000, 0x000000070c200000| Untracked 
| 179|0x000000070c300000, 0x000000070c300000, 0x000000070c400000|  0%| F|  |TAMS 0x000000070c300000, 0x000000070c300000| Untracked 
| 180|0x000000070c400000, 0x000000070c400000, 0x000000070c500000|  0%| F|  |TAMS 0x000000070c400000, 0x000000070c400000| Untracked 
| 181|0x000000070c500000, 0x000000070c500000, 0x000000070c600000|  0%| F|  |TAMS 0x000000070c500000, 0x000000070c500000| Untracked 
| 182|0x000000070c600000, 0x000000070c600000, 0x000000070c700000|  0%| F|  |TAMS 0x000000070c600000, 0x000000070c600000| Untracked 
| 183|0x000000070c700000, 0x000000070c700000, 0x000000070c800000|  0%| F|  |TAMS 0x000000070c700000, 0x000000070c700000| Untracked 
| 184|0x000000070c800000, 0x000000070c800000, 0x000000070c900000|  0%| F|  |TAMS 0x000000070c800000, 0x000000070c800000| Untracked 
| 185|0x000000070c900000, 0x000000070c900000, 0x000000070ca00000|  0%| F|  |TAMS 0x000000070c900000, 0x000000070c900000| Untracked 
| 186|0x000000070ca00000, 0x000000070ca00000, 0x000000070cb00000|  0%| F|  |TAMS 0x000000070ca00000, 0x000000070ca00000| Untracked 
| 187|0x000000070cb00000, 0x000000070cb00000, 0x000000070cc00000|  0%| F|  |TAMS 0x000000070cb00000, 0x000000070cb00000| Untracked 
| 188|0x000000070cc00000, 0x000000070cc00000, 0x000000070cd00000|  0%| F|  |TAMS 0x000000070cc00000, 0x000000070cc00000| Untracked 
| 189|0x000000070cd00000, 0x000000070cd00000, 0x000000070ce00000|  0%| F|  |TAMS 0x000000070cd00000, 0x000000070cd00000| Untracked 
| 190|0x000000070ce00000, 0x000000070ce00000, 0x000000070cf00000|  0%| F|  |TAMS 0x000000070ce00000, 0x000000070ce00000| Untracked 
| 191|0x000000070cf00000, 0x000000070cf00000, 0x000000070d000000|  0%| F|  |TAMS 0x000000070cf00000, 0x000000070cf00000| Untracked 
| 192|0x000000070d000000, 0x000000070d000000, 0x000000070d100000|  0%| F|  |TAMS 0x000000070d000000, 0x000000070d000000| Untracked 
| 193|0x000000070d100000, 0x000000070d100000, 0x000000070d200000|  0%| F|  |TAMS 0x000000070d100000, 0x000000070d100000| Untracked 
| 194|0x000000070d200000, 0x000000070d200000, 0x000000070d300000|  0%| F|  |TAMS 0x000000070d200000, 0x000000070d200000| Untracked 
| 195|0x000000070d300000, 0x000000070d300000, 0x000000070d400000|  0%| F|  |TAMS 0x000000070d300000, 0x000000070d300000| Untracked 
| 196|0x000000070d400000, 0x000000070d400000, 0x000000070d500000|  0%| F|  |TAMS 0x000000070d400000, 0x000000070d400000| Untracked 
| 197|0x000000070d500000, 0x000000070d500000, 0x000000070d600000|  0%| F|  |TAMS 0x000000070d500000, 0x000000070d500000| Untracked 
| 198|0x000000070d600000, 0x000000070d600000, 0x000000070d700000|  0%| F|  |TAMS 0x000000070d600000, 0x000000070d600000| Untracked 
| 199|0x000000070d700000, 0x000000070d700000, 0x000000070d800000|  0%| F|  |TAMS 0x000000070d700000, 0x000000070d700000| Untracked 
| 200|0x000000070d800000, 0x000000070d800000, 0x000000070d900000|  0%| F|  |TAMS 0x000000070d800000, 0x000000070d800000| Untracked 
| 201|0x000000070d900000, 0x000000070d900000, 0x000000070da00000|  0%| F|  |TAMS 0x000000070d900000, 0x000000070d900000| Untracked 
| 202|0x000000070da00000, 0x000000070da00000, 0x000000070db00000|  0%| F|  |TAMS 0x000000070da00000, 0x000000070da00000| Untracked 
| 203|0x000000070db00000, 0x000000070db00000, 0x000000070dc00000|  0%| F|  |TAMS 0x000000070db00000, 0x000000070db00000| Untracked 
| 204|0x000000070dc00000, 0x000000070dc00000, 0x000000070dd00000|  0%| F|  |TAMS 0x000000070dc00000, 0x000000070dc00000| Untracked 
| 205|0x000000070dd00000, 0x000000070dd00000, 0x000000070de00000|  0%| F|  |TAMS 0x000000070dd00000, 0x000000070dd00000| Untracked 
| 206|0x000000070de00000, 0x000000070de00000, 0x000000070df00000|  0%| F|  |TAMS 0x000000070de00000, 0x000000070de00000| Untracked 
| 207|0x000000070df00000, 0x000000070df00000, 0x000000070e000000|  0%| F|  |TAMS 0x000000070df00000, 0x000000070df00000| Untracked 
| 208|0x000000070e000000, 0x000000070e000000, 0x000000070e100000|  0%| F|  |TAMS 0x000000070e000000, 0x000000070e000000| Untracked 
| 209|0x000000070e100000, 0x000000070e100000, 0x000000070e200000|  0%| F|  |TAMS 0x000000070e100000, 0x000000070e100000| Untracked 
| 210|0x000000070e200000, 0x000000070e200000, 0x000000070e300000|  0%| F|  |TAMS 0x000000070e200000, 0x000000070e200000| Untracked 
| 211|0x000000070e300000, 0x000000070e300000, 0x000000070e400000|  0%| F|  |TAMS 0x000000070e300000, 0x000000070e300000| Untracked 
| 212|0x000000070e400000, 0x000000070e400000, 0x000000070e500000|  0%| F|  |TAMS 0x000000070e400000, 0x000000070e400000| Untracked 
| 213|0x000000070e500000, 0x000000070e500000, 0x000000070e600000|  0%| F|  |TAMS 0x000000070e500000, 0x000000070e500000| Untracked 
| 214|0x000000070e600000, 0x000000070e600000, 0x000000070e700000|  0%| F|  |TAMS 0x000000070e600000, 0x000000070e600000| Untracked 
| 215|0x000000070e700000, 0x000000070e700000, 0x000000070e800000|  0%| F|  |TAMS 0x000000070e700000, 0x000000070e700000| Untracked 
| 216|0x000000070e800000, 0x000000070e800000, 0x000000070e900000|  0%| F|  |TAMS 0x000000070e800000, 0x000000070e800000| Untracked 
| 217|0x000000070e900000, 0x000000070e900000, 0x000000070ea00000|  0%| F|  |TAMS 0x000000070e900000, 0x000000070e900000| Untracked 
| 218|0x000000070ea00000, 0x000000070ea00000, 0x000000070eb00000|  0%| F|  |TAMS 0x000000070ea00000, 0x000000070ea00000| Untracked 
| 219|0x000000070eb00000, 0x000000070eb00000, 0x000000070ec00000|  0%| F|  |TAMS 0x000000070eb00000, 0x000000070eb00000| Untracked 
| 220|0x000000070ec00000, 0x000000070ec00000, 0x000000070ed00000|  0%| F|  |TAMS 0x000000070ec00000, 0x000000070ec00000| Untracked 
| 221|0x000000070ed00000, 0x000000070ed00000, 0x000000070ee00000|  0%| F|  |TAMS 0x000000070ed00000, 0x000000070ed00000| Untracked 
| 222|0x000000070ee00000, 0x000000070ee00000, 0x000000070ef00000|  0%| F|  |TAMS 0x000000070ee00000, 0x000000070ee00000| Untracked 
| 223|0x000000070ef00000, 0x000000070ef00000, 0x000000070f000000|  0%| F|  |TAMS 0x000000070ef00000, 0x000000070ef00000| Untracked 
| 224|0x000000070f000000, 0x000000070f000000, 0x000000070f100000|  0%| F|  |TAMS 0x000000070f000000, 0x000000070f000000| Untracked 
| 225|0x000000070f100000, 0x000000070f100000, 0x000000070f200000|  0%| F|  |TAMS 0x000000070f100000, 0x000000070f100000| Untracked 
| 226|0x000000070f200000, 0x000000070f200000, 0x000000070f300000|  0%| F|  |TAMS 0x000000070f200000, 0x000000070f200000| Untracked 
| 227|0x000000070f300000, 0x000000070f300000, 0x000000070f400000|  0%| F|  |TAMS 0x000000070f300000, 0x000000070f300000| Untracked 
| 228|0x000000070f400000, 0x000000070f400000, 0x000000070f500000|  0%| F|  |TAMS 0x000000070f400000, 0x000000070f400000| Untracked 
| 229|0x000000070f500000, 0x000000070f500000, 0x000000070f600000|  0%| F|  |TAMS 0x000000070f500000, 0x000000070f500000| Untracked 
| 230|0x000000070f600000, 0x000000070f600000, 0x000000070f700000|  0%| F|  |TAMS 0x000000070f600000, 0x000000070f600000| Untracked 
| 231|0x000000070f700000, 0x000000070f700000, 0x000000070f800000|  0%| F|  |TAMS 0x000000070f700000, 0x000000070f700000| Untracked 
| 232|0x000000070f800000, 0x000000070f800000, 0x000000070f900000|  0%| F|  |TAMS 0x000000070f800000, 0x000000070f800000| Untracked 
| 233|0x000000070f900000, 0x000000070f900000, 0x000000070fa00000|  0%| F|  |TAMS 0x000000070f900000, 0x000000070f900000| Untracked 
| 234|0x000000070fa00000, 0x000000070fa00000, 0x000000070fb00000|  0%| F|  |TAMS 0x000000070fa00000, 0x000000070fa00000| Untracked 
| 235|0x000000070fb00000, 0x000000070fb00000, 0x000000070fc00000|  0%| F|  |TAMS 0x000000070fb00000, 0x000000070fb00000| Untracked 
| 236|0x000000070fc00000, 0x000000070fc00000, 0x000000070fd00000|  0%| F|  |TAMS 0x000000070fc00000, 0x000000070fc00000| Untracked 
| 237|0x000000070fd00000, 0x000000070fd00000, 0x000000070fe00000|  0%| F|  |TAMS 0x000000070fd00000, 0x000000070fd00000| Untracked 
| 238|0x000000070fe00000, 0x000000070fe00000, 0x000000070ff00000|  0%| F|  |TAMS 0x000000070fe00000, 0x000000070fe00000| Untracked 
| 239|0x000000070ff00000, 0x000000070ff00000, 0x0000000710000000|  0%| F|  |TAMS 0x000000070ff00000, 0x000000070ff00000| Untracked 
| 240|0x0000000710000000, 0x0000000710000000, 0x0000000710100000|  0%| F|  |TAMS 0x0000000710000000, 0x0000000710000000| Untracked 
| 241|0x0000000710100000, 0x0000000710100000, 0x0000000710200000|  0%| F|  |TAMS 0x0000000710100000, 0x0000000710100000| Untracked 
| 242|0x0000000710200000, 0x0000000710200000, 0x0000000710300000|  0%| F|  |TAMS 0x0000000710200000, 0x0000000710200000| Untracked 
| 243|0x0000000710300000, 0x0000000710300000, 0x0000000710400000|  0%| F|  |TAMS 0x0000000710300000, 0x0000000710300000| Untracked 
| 244|0x0000000710400000, 0x0000000710400000, 0x0000000710500000|  0%| F|  |TAMS 0x0000000710400000, 0x0000000710400000| Untracked 
| 245|0x0000000710500000, 0x0000000710500000, 0x0000000710600000|  0%| F|  |TAMS 0x0000000710500000, 0x0000000710500000| Untracked 
| 246|0x0000000710600000, 0x0000000710600000, 0x0000000710700000|  0%| F|  |TAMS 0x0000000710600000, 0x0000000710600000| Untracked 
| 247|0x0000000710700000, 0x0000000710700000, 0x0000000710800000|  0%| F|  |TAMS 0x0000000710700000, 0x0000000710700000| Untracked 
| 248|0x0000000710800000, 0x0000000710800000, 0x0000000710900000|  0%| F|  |TAMS 0x0000000710800000, 0x0000000710800000| Untracked 
| 249|0x0000000710900000, 0x0000000710900000, 0x0000000710a00000|  0%| F|  |TAMS 0x0000000710900000, 0x0000000710900000| Untracked 
| 250|0x0000000710a00000, 0x0000000710a00000, 0x0000000710b00000|  0%| F|  |TAMS 0x0000000710a00000, 0x0000000710a00000| Untracked 
| 251|0x0000000710b00000, 0x0000000710b00000, 0x0000000710c00000|  0%| F|  |TAMS 0x0000000710b00000, 0x0000000710b00000| Untracked 
| 252|0x0000000710c00000, 0x0000000710c00000, 0x0000000710d00000|  0%| F|  |TAMS 0x0000000710c00000, 0x0000000710c00000| Untracked 
| 253|0x0000000710d00000, 0x0000000710d00000, 0x0000000710e00000|  0%| F|  |TAMS 0x0000000710d00000, 0x0000000710d00000| Untracked 
| 254|0x0000000710e00000, 0x0000000710e00000, 0x0000000710f00000|  0%| F|  |TAMS 0x0000000710e00000, 0x0000000710e00000| Untracked 
| 255|0x0000000710f00000, 0x0000000710f00000, 0x0000000711000000|  0%| F|  |TAMS 0x0000000710f00000, 0x0000000710f00000| Untracked 

Card table byte_map: [0x00000159644b0000,0x0000015964cb0000] _byte_map_base: 0x0000015960ca8000

Marking Bits (Prev, Next): (CMBitMap*) 0x000001594c5e35f8, (CMBitMap*) 0x000001594c5e3630
 Prev Bits: [0x00000159654b0000, 0x0000015969470000)
 Next Bits: [0x0000015969470000, 0x000001596d430000)

Polling page: 0x000001594a590000

Metaspace:

Usage:
  Non-class:     50.09 MB capacity,    49.66 MB (>99%) used,   346.29 KB ( <1%) free+waste,    97.00 KB ( <1%) overhead. 
      Class:      6.75 MB capacity,     6.49 MB ( 96%) used,   225.66 KB (  3%) free+waste,    42.94 KB ( <1%) overhead. 
       Both:     56.84 MB capacity,    56.15 MB ( 99%) used,   571.95 KB ( <1%) free+waste,   139.94 KB ( <1%) overhead. 

Virtual space:
  Non-class space:       52.00 MB reserved,      50.25 MB ( 97%) committed 
      Class space:        1.00 GB reserved,       6.75 MB ( <1%) committed 
             Both:        1.05 GB reserved,      57.00 MB (  5%) committed 

Chunk freelists:
   Non-Class:  33.00 KB
       Class:  2.00 KB
        Both:  35.00 KB

MaxMetaspaceSize: 17179869184.00 GB
CompressedClassSpaceSize: 1.00 GB
Initial GC threshold: 20.80 MB
Current GC threshold: 58.75 MB
CDS: off

CodeHeap 'non-profiled nmethods': size=120064Kb used=2584Kb max_used=2584Kb free=117479Kb
 bounds [0x000001595c770000, 0x000001595ca00000, 0x0000015963cb0000]
CodeHeap 'profiled nmethods': size=120000Kb used=12469Kb max_used=12469Kb free=107530Kb
 bounds [0x0000015955240000, 0x0000015955e70000, 0x000001595c770000]
CodeHeap 'non-nmethods': size=5696Kb used=1275Kb max_used=1315Kb free=4420Kb
 bounds [0x0000015954cb0000, 0x0000015954f20000, 0x0000015955240000]
 total_blobs=6509 nmethods=5952 adapters=469
 compilation: enabled
              stopped_count=0, restarted_count=0
 full_count=0

Compilation events (20 events):
Event: 3.624 Thread 0x00000159701fe000 nmethod 6005 0x0000015955e69e10 code [0x0000015955e69fc0, 0x0000015955e6a108]
Event: 3.624 Thread 0x00000159701fe000 6004       2       org.jetbrains.kotlin.psi.KtProperty::getTypeReference (102 bytes)
Event: 3.624 Thread 0x0000015970253000 nmethod 5981 0x000001595c9f4510 code [0x000001595c9f4760, 0x000001595c9f5430]
Event: 3.624 Thread 0x0000015970253000 5390       4       org.jetbrains.kotlin.com.intellij.lang.impl.PsiBuilderImpl::advanceLexer (31 bytes)
Event: 3.625 Thread 0x00000159701fe000 nmethod 6004 0x0000015955e6a210 code [0x0000015955e6a4e0, 0x0000015955e6ae28]
Event: 3.625 Thread 0x00000159701fe000 6003       2       org.jetbrains.kotlin.psi.KtProperty::hasDelegateExpression (32 bytes)
Event: 3.625 Thread 0x00000159701fe000 nmethod 6003 0x0000015955e6b310 code [0x0000015955e6b500, 0x0000015955e6b798]
Event: 3.625 Thread 0x00000159701fe000 6006       2       org.jetbrains.kotlin.psi.KtObjectDeclaration::isCompanion (42 bytes)
Event: 3.625 Thread 0x0000015970253000 nmethod 5390 0x000001595c9f5990 code [0x000001595c9f5b40, 0x000001595c9f5ca8]
Event: 3.625 Thread 0x0000015970253000 5978       4       org.jetbrains.kotlin.com.intellij.extapi.psi.StubBasedPsiElementBase::getStub (14 bytes)
Event: 3.625 Thread 0x00000159701fe000 nmethod 6006 0x0000015955e6b910 code [0x0000015955e6bb20, 0x0000015955e6bee8]
Event: 3.625 Thread 0x00000159701fe000 6007       2       org.jetbrains.kotlin.resolve.lazy.descriptors.LazyClassMemberScope::getScopeForInitializerResolution (29 bytes)
Event: 3.625 Thread 0x00000159701fe000 nmethod 6007 0x0000015955e6c110 code [0x0000015955e6c320, 0x0000015955e6c678]
Event: 3.625 Thread 0x00000159701fe000 6008       2       org.jetbrains.kotlin.types.WrappedTypeFactory::createRecursionIntolerantDeferredType (33 bytes)
Event: 3.626 Thread 0x00000159701fe000 nmethod 6008 0x0000015955e6c890 code [0x0000015955e6cae0, 0x0000015955e6cfb8]
Event: 3.626 Thread 0x00000159701fe000 6011       2       org.jetbrains.kotlin.resolve.scopes.LexicalScopeImpl::<init> (48 bytes)
Event: 3.626 Thread 0x0000015970253000 nmethod 5978 0x000001595c9f5e10 code [0x000001595c9f5fc0, 0x000001595c9f6098]
Event: 3.626 Thread 0x0000015970253000 5970       4       java.util.concurrent.locks.ReentrantLock$NonfairSync::tryAcquire (6 bytes)
Event: 3.626 Thread 0x00000159701fe000 nmethod 6011 0x0000015955e6d310 code [0x0000015955e6d4c0, 0x0000015955e6d628]
Event: 3.626 Thread 0x00000159701fe000 6009       2       kotlin.collections.CollectionsKt__IterablesKt::convertToSetForSetOperationWith (98 bytes)

GC Heap History (9 events):
Event: 0.257 GC heap before
{Heap before GC invocations=0 (full 0):
 garbage-first heap   total 262144K, used 17408K [0x0000000701000000, 0x0000000800000000)
  region size 1024K, 14 young (14336K), 0 survivors (0K)
 Metaspace       used 9744K, capacity 9871K, committed 10112K, reserved 1058816K
  class space    used 812K, capacity 820K, committed 896K, reserved 1048576K
}
Event: 0.259 GC heap after
{Heap after GC invocations=1 (full 0):
 garbage-first heap   total 262144K, used 5271K [0x0000000701000000, 0x0000000800000000)
  region size 1024K, 2 young (2048K), 2 survivors (2048K)
 Metaspace       used 9744K, capacity 9871K, committed 10112K, reserved 1058816K
  class space    used 812K, capacity 820K, committed 896K, reserved 1048576K
}
Event: 0.766 GC heap before
{Heap before GC invocations=1 (full 0):
 garbage-first heap   total 262144K, used 52375K [0x0000000701000000, 0x0000000800000000)
  region size 1024K, 49 young (50176K), 2 survivors (2048K)
 Metaspace       used 21061K, capacity 21230K, committed 21248K, reserved 1069056K
  class space    used 2213K, capacity 2286K, committed 2304K, reserved 1048576K
}
Event: 0.773 GC heap after
{Heap after GC invocations=2 (full 0):
 garbage-first heap   total 262144K, used 9420K [0x0000000701000000, 0x0000000800000000)
  region size 1024K, 7 young (7168K), 7 survivors (7168K)
 Metaspace       used 21061K, capacity 21230K, committed 21248K, reserved 1069056K
  class space    used 2213K, capacity 2286K, committed 2304K, reserved 1048576K
}
Event: 1.402 GC heap before
{Heap before GC invocations=3 (full 0):
 garbage-first heap   total 262144K, used 71884K [0x0000000701000000, 0x0000000800000000)
  region size 1024K, 56 young (57344K), 7 survivors (7168K)
 Metaspace       used 31104K, capacity 31533K, committed 31744K, reserved 1077248K
  class space    used 3638K, capacity 3792K, committed 3840K, reserved 1048576K
}
Event: 1.410 GC heap after
{Heap after GC invocations=4 (full 0):
 garbage-first heap   total 262144K, used 23877K [0x0000000701000000, 0x0000000800000000)
  region size 1024K, 7 young (7168K), 7 survivors (7168K)
 Metaspace       used 31104K, capacity 31533K, committed 31744K, reserved 1077248K
  class space    used 3638K, capacity 3792K, committed 3840K, reserved 1048576K
}
Event: 1.616 GC heap before
{Heap before GC invocations=4 (full 0):
 garbage-first heap   total 262144K, used 44357K [0x0000000701000000, 0x0000000800000000)
  region size 1024K, 28 young (28672K), 7 survivors (7168K)
 Metaspace       used 35297K, capacity 35666K, committed 35840K, reserved 1081344K
  class space    used 4097K, capacity 4251K, committed 4352K, reserved 1048576K
}
Event: 1.625 GC heap after
{Heap after GC invocations=5 (full 0):
 garbage-first heap   total 262144K, used 23661K [0x0000000701000000, 0x0000000800000000)
  region size 1024K, 8 young (8192K), 8 survivors (8192K)
 Metaspace       used 35297K, capacity 35666K, committed 35840K, reserved 1081344K
  class space    used 4097K, capacity 4251K, committed 4352K, reserved 1048576K
}
Event: 3.626 GC heap before
{Heap before GC invocations=6 (full 0):
 garbage-first heap   total 262144K, used 172141K [0x0000000701000000, 0x0000000800000000)
  region size 1024K, 150 young (153600K), 8 survivors (8192K)
 Metaspace       used 57493K, capacity 58205K, committed 58368K, reserved 1101824K
  class space    used 6641K, capacity 6910K, committed 6912K, reserved 1048576K
}

Deoptimization events (20 events):
Event: 3.594 Thread 0x000001594c581000 Uncommon trap: trap_request=0xffffffc6 fr.pc=0x000001595c92cdd0 relative=0x00000000000000f0
Event: 3.594 Thread 0x000001594c581000 Uncommon trap: reason=bimorphic_or_optimized_type_check action=maybe_recompile pc=0x000001595c92cdd0 method=org.jetbrains.kotlin.com.intellij.lang.impl.PsiBuilderAdapter.eof()Z @ 4 c2
Event: 3.594 Thread 0x000001594c581000 DEOPT PACKING pc=0x000001595c92cdd0 sp=0x00000013996facc0
Event: 3.594 Thread 0x000001594c581000 DEOPT UNPACKING pc=0x0000015954cfa1af sp=0x00000013996fac50 mode 2
Event: 3.594 Thread 0x000001594c581000 Uncommon trap: trap_request=0xffffffc6 fr.pc=0x000001595c92cdd0 relative=0x00000000000000f0
Event: 3.594 Thread 0x000001594c581000 Uncommon trap: reason=bimorphic_or_optimized_type_check action=maybe_recompile pc=0x000001595c92cdd0 method=org.jetbrains.kotlin.com.intellij.lang.impl.PsiBuilderAdapter.eof()Z @ 4 c2
Event: 3.594 Thread 0x000001594c581000 DEOPT PACKING pc=0x000001595c92cdd0 sp=0x00000013996facc0
Event: 3.594 Thread 0x000001594c581000 DEOPT UNPACKING pc=0x0000015954cfa1af sp=0x00000013996fac50 mode 2
Event: 3.594 Thread 0x000001594c581000 Uncommon trap: trap_request=0xffffffc6 fr.pc=0x000001595c92cdd0 relative=0x00000000000000f0
Event: 3.594 Thread 0x000001594c581000 Uncommon trap: reason=bimorphic_or_optimized_type_check action=maybe_recompile pc=0x000001595c92cdd0 method=org.jetbrains.kotlin.com.intellij.lang.impl.PsiBuilderAdapter.eof()Z @ 4 c2
Event: 3.594 Thread 0x000001594c581000 DEOPT PACKING pc=0x000001595c92cdd0 sp=0x00000013996facc0
Event: 3.594 Thread 0x000001594c581000 DEOPT UNPACKING pc=0x0000015954cfa1af sp=0x00000013996fac50 mode 2
Event: 3.597 Thread 0x000001594c581000 Uncommon trap: trap_request=0xffffffc6 fr.pc=0x000001595c901adc relative=0x00000000000006bc
Event: 3.597 Thread 0x000001594c581000 Uncommon trap: reason=bimorphic_or_optimized_type_check action=maybe_recompile pc=0x000001595c901adc method=org.jetbrains.kotlin.com.intellij.psi.impl.source.tree.TreeElement.rawRemoveUpToWithoutNotifications(Lorg/jetbrains/kotlin/com/intellij/psi/impl/so
Event: 3.597 Thread 0x000001594c581000 DEOPT PACKING pc=0x000001595c901adc sp=0x00000013996fb3b0
Event: 3.597 Thread 0x000001594c581000 DEOPT UNPACKING pc=0x0000015954cfa1af sp=0x00000013996fb360 mode 2
Event: 3.602 Thread 0x000001594c581000 Uncommon trap: trap_request=0xfffffff4 fr.pc=0x000001595c9e5a04 relative=0x0000000000000c24
Event: 3.602 Thread 0x000001594c581000 Uncommon trap: reason=null_check action=make_not_entrant pc=0x000001595c9e5a04 method=org.jetbrains.kotlin.utils.WrappedValues.unescapeThrowable(Ljava/lang/Object;)Ljava/lang/Object; @ 1 c2
Event: 3.602 Thread 0x000001594c581000 DEOPT PACKING pc=0x000001595c9e5a04 sp=0x00000013996fbd10
Event: 3.602 Thread 0x000001594c581000 DEOPT UNPACKING pc=0x0000015954cfa1af sp=0x00000013996fbc58 mode 2

Classes redefined (0 events):
No events

Internal exceptions (20 events):
Event: 1.308 Thread 0x000001594c581000 Implicit null exception at 0x000001595c7aeeaf to 0x000001595c7aef29
Event: 1.504 Thread 0x000001594c581000 Exception <a 'java/lang/NoSuchMethodError'{0x00000007107e3a48}: 'java.lang.Object java.lang.invoke.DirectMethodHandle$Holder.invokeVirtual(java.lang.Object, java.lang.Object, java.lang.Object)'> (0x00000007107e3a48) thrown at [./src/hotspot/share/interpreter/linkResolver.cpp, line 773]
Event: 1.910 Thread 0x000001594c581000 Exception <a 'java/lang/NoSuchMethodError'{0x000000070ed7cae8}: 'java.lang.Object java.lang.invoke.Invokers$Holder.linkToTargetMethod(java.lang.Object, int, java.lang.Object)'> (0x000000070ed7cae8) thrown at [./src/hotspot/share/interpreter/linkResolver.cpp, line 773]
Event: 2.079 Thread 0x000001594c581000 Exception <a 'java/lang/NoSuchMethodError'{0x000000070e5efde0}: 'java.lang.Object java.lang.invoke.DirectMethodHandle$Holder.invokeStatic(java.lang.Object, java.lang.Object, java.lang.Object, int)'> (0x000000070e5efde0) thrown at [./src/hotspot/share/interpreter/linkResolver.cpp, line 773]
Event: 2.080 Thread 0x000001594c581000 Exception <a 'java/lang/NoSuchMethodError'{0x000000070e5f3a50}: 'java.lang.Object java.lang.invoke.DirectMethodHandle$Holder.invokeSpecial(java.lang.Object, java.lang.Object, java.lang.Object, java.lang.Object, int)'> (0x000000070e5f3a50) thrown at [./src/hotspot/share/interpreter/linkResolver.cpp, line 773]
Event: 2.080 Thread 0x000001594c581000 Exception <a 'java/lang/NoSuchMethodError'{0x000000070e5f6d60}: 'java.lang.Object java.lang.invoke.Invokers$Holder.linkToTargetMethod(java.lang.Object, java.lang.Object, int, java.lang.Object)'> (0x000000070e5f6d60) thrown at [./src/hotspot/share/interpreter/linkResolver.cpp, line 773]
Event: 2.394 Thread 0x000001594c581000 Exception <a 'java/lang/NoSuchMethodError'{0x000000070ce788c0}: 'java.lang.Object java.lang.invoke.DirectMethodHandle$Holder.invokeSpecial(java.lang.Object, java.lang.Object, java.lang.Object, java.lang.Object, java.lang.Object, java.lang.Object, java.lang.Object, java.lang.Object, java.lang.Object)'> (0x000000070ce788c0) thrown at [./src/hotspot/share/interpreter/linkResolver.cpp, line 773]
Event: 2.394 Thread 0x000001594c581000 Exception <a 'java/lang/NoSuchMethodError'{0x000000070ce7cab8}: 'java.lang.Object java.lang.invoke.Invokers$Holder.linkToTargetMethod(java.lang.Object, java.lang.Object, java.lang.Object, java.lang.Object, java.lang.Object, java.lang.Object, java.lang.Object, java.lang.Object)'> (0x000000070ce7cab8) thrown at [./src/hotspot/share/interpreter/linkResolver.cpp, line 773]
Event: 2.404 Thread 0x000001594c581000 Exception <a 'java/lang/NoSuchMethodError'{0x000000070cd07c40}: 'java.lang.Object java.lang.invoke.Invokers$Holder.linkToTargetMethod(java.lang.Object, java.lang.Object, java.lang.Object, java.lang.Object, java.lang.Object, java.lang.Object)'> (0x000000070cd07c40) thrown at [./src/hotspot/share/interpreter/linkResolver.cpp, line 773]
Event: 2.491 Thread 0x000001594c581000 Implicit null exception at 0x000001595c81f5c3 to 0x000001595c81f748
Event: 2.939 Thread 0x000001594c581000 Implicit null exception at 0x000001595c91c497 to 0x000001595c922090
Event: 3.097 Thread 0x000001594c581000 Exception <a 'java/lang/NoSuchMethodError'{0x0000000709692018}: 'int java.lang.invoke.DirectMethodHandle$Holder.invokeVirtual(java.lang.Object, java.lang.Object, java.lang.Object)'> (0x0000000709692018) thrown at [./src/hotspot/share/interpreter/linkResolver.cpp, line 773]
Event: 3.102 Thread 0x000001594c581000 Exception <a 'java/lang/NoSuchMethodError'{0x00000007096d4f88}: 'java.lang.Object java.lang.invoke.DirectMethodHandle$Holder.invokeSpecial(java.lang.Object, java.lang.Object, java.lang.Object, java.lang.Object, java.lang.Object, int)'> (0x00000007096d4f88) thrown at [./src/hotspot/share/interpreter/linkResolver.cpp, line 773]
Event: 3.102 Thread 0x000001594c581000 Exception <a 'java/lang/NoSuchMethodError'{0x00000007096d8880}: 'java.lang.Object java.lang.invoke.Invokers$Holder.linkToTargetMethod(java.lang.Object, java.lang.Object, java.lang.Object, int, java.lang.Object)'> (0x00000007096d8880) thrown at [./src/hotspot/share/interpreter/linkResolver.cpp, line 773]
Event: 3.262 Thread 0x000001594c581000 Exception <a 'java/lang/NoSuchMethodError'{0x00000007088dc9a8}: 'java.lang.Object java.lang.invoke.DirectMethodHandle$Holder.invokeStaticInit(java.lang.Object, java.lang.Object, java.lang.Object)'> (0x00000007088dc9a8) thrown at [./src/hotspot/share/interpreter/linkResolver.cpp, line 773]
Event: 3.278 Thread 0x000001594c581000 Exception <a 'java/lang/NoSuchMethodError'{0x00000007087ca8f8}: 'int java.lang.invoke.DirectMethodHandle$Holder.invokeStatic(java.lang.Object, java.lang.Object, java.lang.Object, java.lang.Object, java.lang.Object)'> (0x00000007087ca8f8) thrown at [./src/hotspot/share/interpreter/linkResolver.cpp, line 773]
Event: 3.283 Thread 0x000001594c581000 Exception <a 'java/lang/NoSuchMethodError'{0x00000007087f1080}: 'int java.lang.invoke.DirectMethodHandle$Holder.invokeStaticInit(java.lang.Object, int)'> (0x00000007087f1080) thrown at [./src/hotspot/share/interpreter/linkResolver.cpp, line 773]
Event: 3.291 Thread 0x000001594c581000 Implicit null exception at 0x000001595c9915f6 to 0x000001595c991840
Event: 3.407 Thread 0x000001594c581000 Implicit null exception at 0x000001595c96f9b3 to 0x000001595c96ffc4
Event: 3.602 Thread 0x000001594c581000 Implicit null exception at 0x000001595c9e4e13 to 0x000001595c9e59f9

Events (20 events):
Event: 3.562 loading class org/jetbrains/kotlin/resolve/lazy/descriptors/ClassResolutionScopesSupportKt done
Event: 3.562 loading class org/jetbrains/kotlin/resolve/lazy/descriptors/ClassResolutionScopesSupportKt$scopeForInitializerResolution$1
Event: 3.562 loading class org/jetbrains/kotlin/resolve/lazy/descriptors/ClassResolutionScopesSupportKt$scopeForInitializerResolution$1 done
Event: 3.562 loading class org/jetbrains/kotlin/resolve/VariableTypeAndInitializerResolver$resolveTypeNullable$1
Event: 3.562 loading class org/jetbrains/kotlin/resolve/VariableTypeAndInitializerResolver$resolveTypeNullable$1 done
Event: 3.563 loading class org/jetbrains/kotlin/resolve/VariableTypeAndInitializerResolver$setConstantForVariableIfNeeded$1
Event: 3.563 loading class org/jetbrains/kotlin/resolve/VariableTypeAndInitializerResolver$setConstantForVariableIfNeeded$1 done
Event: 3.595 loading class org/jetbrains/kotlin/com/intellij/psi/impl/source/tree/java/FieldElement
Event: 3.595 loading class org/jetbrains/kotlin/com/intellij/psi/impl/source/tree/java/FieldElement done
Event: 3.596 loading class org/jetbrains/kotlin/com/intellij/psi/impl/source/tree/java/PsiCodeBlockImpl
Event: 3.596 loading class org/jetbrains/kotlin/com/intellij/psi/impl/source/tree/java/PsiCodeBlockImpl done
Event: 3.598 loading class org/jetbrains/kotlin/com/intellij/psi/ExternallyDefinedPsiElement
Event: 3.598 loading class org/jetbrains/kotlin/com/intellij/psi/ExternallyDefinedPsiElement done
Event: 3.609 loading class org/jetbrains/kotlin/resolve/lazy/descriptors/LazyClassDescriptor$4
Event: 3.609 loading class org/jetbrains/kotlin/resolve/lazy/descriptors/LazyClassDescriptor$4 done
Event: 3.616 loading class org/jetbrains/kotlin/descriptors/impl/PropertyDescriptorImpl$CopyConfiguration
Event: 3.616 loading class org/jetbrains/kotlin/descriptors/impl/PropertyDescriptorImpl$CopyConfiguration done
Event: 3.624 Executing VM operation: ICBufferFull
Event: 3.624 Executing VM operation: ICBufferFull done
Event: 3.626 Executing VM operation: G1CollectForAllocation


Dynamic libraries:
0x00007ff67e560000 - 0x00007ff67e56d000 	C:\Program Files\OpenJDK\openjdk-11.0.13_8\bin\java.exe
0x00007ffbd4bb0000 - 0x00007ffbd4da5000 	C:\WINDOWS\SYSTEM32\ntdll.dll
0x00007ffbd4380000 - 0x00007ffbd443e000 	C:\WINDOWS\System32\KERNEL32.DLL
0x00007ffbd2380000 - 0x00007ffbd2648000 	C:\WINDOWS\System32\KERNELBASE.dll
0x00007ffbd2700000 - 0x00007ffbd2800000 	C:\WINDOWS\System32\ucrtbase.dll
0x00007ffbc2500000 - 0x00007ffbc2516000 	C:\Program Files\OpenJDK\openjdk-11.0.13_8\bin\VCRUNTIME140.dll
0x00007ffbcebc0000 - 0x00007ffbcebd8000 	C:\Program Files\OpenJDK\openjdk-11.0.13_8\bin\jli.dll
0x00007ffbd4440000 - 0x00007ffbd45e0000 	C:\WINDOWS\System32\USER32.dll
0x00007ffbd2300000 - 0x00007ffbd2322000 	C:\WINDOWS\System32\win32u.dll
0x00007ffbcace0000 - 0x00007ffbcaf7a000 	C:\WINDOWS\WinSxS\amd64_microsoft.windows.common-controls_6595b64144ccf1df_6.0.19041.1110_none_60b5254171f9507e\COMCTL32.dll
0x00007ffbd4170000 - 0x00007ffbd419a000 	C:\WINDOWS\System32\GDI32.dll
0x00007ffbd3690000 - 0x00007ffbd372e000 	C:\WINDOWS\System32\msvcrt.dll
0x00007ffbd2800000 - 0x00007ffbd290b000 	C:\WINDOWS\System32\gdi32full.dll
0x00007ffbd2910000 - 0x00007ffbd29ad000 	C:\WINDOWS\System32\msvcp_win.dll
0x00007ffbd2da0000 - 0x00007ffbd2dd0000 	C:\WINDOWS\System32\IMM32.DLL
0x00007ffbb7b90000 - 0x00007ffbb7c3a000 	C:\Program Files\OpenJDK\openjdk-11.0.13_8\bin\msvcp140.dll
0x00007ffba6f90000 - 0x00007ffba7adc000 	C:\Program Files\OpenJDK\openjdk-11.0.13_8\bin\server\jvm.dll
0x00007ffbd35e0000 - 0x00007ffbd368e000 	C:\WINDOWS\System32\ADVAPI32.dll
0x00007ffbd3980000 - 0x00007ffbd3a1c000 	C:\WINDOWS\System32\sechost.dll
0x00007ffbd2c10000 - 0x00007ffbd2d35000 	C:\WINDOWS\System32\RPCRT4.dll
0x00007ffbd4ae0000 - 0x00007ffbd4ae8000 	C:\WINDOWS\System32\PSAPI.DLL
0x00007ffbc3070000 - 0x00007ffbc3079000 	C:\WINDOWS\SYSTEM32\WSOCK32.dll
0x00007ffbcbd50000 - 0x00007ffbcbd77000 	C:\WINDOWS\SYSTEM32\WINMM.dll
0x00007ffbd38b0000 - 0x00007ffbd391b000 	C:\WINDOWS\System32\WS2_32.dll
0x00007ffbcbd80000 - 0x00007ffbcbd8a000 	C:\WINDOWS\SYSTEM32\VERSION.dll
0x00007ffbd0130000 - 0x00007ffbd0142000 	C:\WINDOWS\SYSTEM32\kernel.appcore.dll
0x00007ffbbd6b0000 - 0x00007ffbbd6c1000 	C:\Program Files\OpenJDK\openjdk-11.0.13_8\bin\verify.dll
0x00007ffbc1c50000 - 0x00007ffbc1e34000 	C:\WINDOWS\SYSTEM32\DBGHELP.DLL
0x00007ffbc09f0000 - 0x00007ffbc0a1c000 	C:\WINDOWS\SYSTEM32\dbgcore.DLL
0x00007ffbd2b10000 - 0x00007ffbd2b92000 	C:\WINDOWS\System32\bcryptPrimitives.dll
0x00007ffbb82d0000 - 0x00007ffbb82f9000 	C:\Program Files\OpenJDK\openjdk-11.0.13_8\bin\java.dll
0x00007ffbceb90000 - 0x00007ffbceb9a000 	C:\Program Files\OpenJDK\openjdk-11.0.13_8\bin\jimage.dll
0x00007ffbbd690000 - 0x00007ffbbd6a7000 	C:\Program Files\OpenJDK\openjdk-11.0.13_8\bin\zip.dll
0x00007ffbd3a20000 - 0x00007ffbd4164000 	C:\WINDOWS\System32\SHELL32.dll
0x00007ffbd0410000 - 0x00007ffbd0ba4000 	C:\WINDOWS\SYSTEM32\windows.storage.dll
0x00007ffbd3280000 - 0x00007ffbd35d4000 	C:\WINDOWS\System32\combase.dll
0x00007ffbd1c70000 - 0x00007ffbd1c9c000 	C:\WINDOWS\SYSTEM32\Wldp.dll
0x00007ffbd2ea0000 - 0x00007ffbd2f4d000 	C:\WINDOWS\System32\SHCORE.dll
0x00007ffbd45e0000 - 0x00007ffbd4635000 	C:\WINDOWS\System32\shlwapi.dll
0x00007ffbd2210000 - 0x00007ffbd222f000 	C:\WINDOWS\SYSTEM32\profapi.dll
0x00007ffbb8b50000 - 0x00007ffbb8b69000 	C:\Program Files\OpenJDK\openjdk-11.0.13_8\bin\net.dll
0x00007ffbcc400000 - 0x00007ffbcc50a000 	C:\WINDOWS\SYSTEM32\WINHTTP.dll
0x00007ffbd19d0000 - 0x00007ffbd1a3a000 	C:\WINDOWS\system32\mswsock.dll
0x00007ffbb8140000 - 0x00007ffbb8153000 	C:\Program Files\OpenJDK\openjdk-11.0.13_8\bin\nio.dll

dbghelp: loaded successfully - version: 4.0.5 - missing functions: none
symbol engine: initialized successfully - sym options: 0x614 - pdb path: .;C:\Program Files\OpenJDK\openjdk-11.0.13_8\bin;C:\WINDOWS\SYSTEM32;C:\WINDOWS\WinSxS\amd64_microsoft.windows.common-controls_6595b64144ccf1df_6.0.19041.1110_none_60b5254171f9507e;C:\Program Files\OpenJDK\openjdk-11.0.13_8\bin\server

VM Arguments:
java_command: org.jetbrains.kotlin.cli.jvm.K2JVMCompiler @C:\Users\tfreitas.RJ\Documents\Sistemas\ivan\mobile\node_modules\react-native-gesture-handler\android\build\20220428_10338076167948556976.compiler.options
java_class_path (initial): C:\Users\tfreitas.RJ\.gradle\caches\modules-2\files-2.1\org.jetbrains.kotlin\kotlin-compiler-embeddable\1.5.20\1900e8b9aca0a9caffd45b99b36e3720a0a284f8\kotlin-compiler-embeddable-1.5.20.jar;C:\Users\tfreitas.RJ\.gradle\caches\modules-2\files-2.1\org.jetbrains.kotlin\kotlin-reflect\1.5.20\63810951f09a27f7827977f1bc21094042a915e\kotlin-reflect-1.5.20.jar;C:\Users\tfreitas.RJ\.gradle\caches\modules-2\files-2.1\org.jetbrains.kotlin\kotlin-stdlib\1.5.20\9de35cc611bcecec8edce1d56d8e659953806751\kotlin-stdlib-1.5.20.jar;C:\Users\tfreitas.RJ\.gradle\caches\modules-2\files-2.1\org.jetbrains.kotlin\kotlin-script-runtime\1.5.20\4381bb58d37b84d4d1afe55ec35542dd9b77e101\kotlin-script-runtime-1.5.20.jar;C:\Users\tfreitas.RJ\.gradle\caches\modules-2\files-2.1\org.jetbrains.kotlin\kotlin-daemon-embeddable\1.5.20\36c38cda019834dcd2959cc33a12768adcd94256\kotlin-daemon-embeddable-1.5.20.jar;C:\Users\tfreitas.RJ\.gradle\caches\modules-2\files-2.1\org.jetbrains.intellij.deps\trove4j\1.0.20181211\216c2e14b070f334479d800987affe4054cd563f\trove4j-1.0.20181211.jar;C:\Users\tfreitas.RJ\.gradle\caches\modules-2\files-2.1\org.jetbrains\annotations\13.0\919f0dfe192fb4e063e7dacadee7f8bb9a2672a9\annotations-13.0.jar;C:\Users\tfreitas.RJ\.gradle\caches\modules-2\files-2.1\org.jetbrains.kotlin\kotlin-stdlib-common\1.5.20\3d79dbd48bf605f4aac1e7028981a1953e245cbb\kotlin-stdlib-common-1.5.20.jar
Launcher Type: SUN_STANDARD

[Global flags]
     intx CICompilerCount                          = 3                                         {product} {ergonomic}
     uint ConcGCThreads                            = 1                                         {product} {ergonomic}
     uint G1ConcRefinementThreads                  = 4                                         {product} {ergonomic}
   size_t G1HeapRegionSize                         = 1048576                                   {product} {ergonomic}
    uintx GCDrainStackTargetSize                   = 64                                        {product} {ergonomic}
   size_t InitialHeapSize                          = 268435456                                 {product} {ergonomic}
   size_t MarkStackSize                            = 4194304                                   {product} {ergonomic}
   size_t MaxHeapSize                              = 4278190080                                {product} {ergonomic}
   size_t MaxNewSize                               = 2566914048                                {product} {ergonomic}
   size_t MinHeapDeltaBytes                        = 1048576                                   {product} {ergonomic}
    uintx NonNMethodCodeHeapSize                   = 5830732                                {pd product} {ergonomic}
    uintx NonProfiledCodeHeapSize                  = 122913754                              {pd product} {ergonomic}
    uintx ProfiledCodeHeapSize                     = 122913754                              {pd product} {ergonomic}
    uintx ReservedCodeCacheSize                    = 251658240                              {pd product} {ergonomic}
     bool SegmentedCodeCache                       = true                                      {product} {ergonomic}
     bool UseCompressedClassPointers               = true                                 {lp64_product} {ergonomic}
     bool UseCompressedOops                        = true                                 {lp64_product} {ergonomic}
     bool UseG1GC                                  = true                                      {product} {ergonomic}
     bool UseLargePagesIndividualAllocation        = false                                  {pd product} {ergonomic}

Logging:
Log output configuration:
 #0: stdout all=warning uptime,level,tags
 #1: stderr all=off uptime,level,tags

Environment Variables:
JAVA_HOME=C:\Program Files\OpenJDK\openjdk-11.0.13_8
CLASSPATH=C:\Users\tfreitas.RJ\Documents\Sistemas\ivan\mobile\android\\gradle\wrapper\gradle-wrapper.jar
PATH=C:\Users\tfreitas.RJ\Documents\Sistemas\ivan\mobile\android\node_modules\.bin;C:\Users\tfreitas.RJ\Documents\Sistemas\ivan\mobile\node_modules\.bin;C:\Users\tfreitas.RJ\Documents\Sistemas\ivan\node_modules\.bin;C:\Users\tfreitas.RJ\Documents\Sistemas\node_modules\.bin;C:\Users\tfreitas.RJ\Documents\node_modules\.bin;C:\Users\tfreitas.RJ\node_modules\.bin;C:\Users\node_modules\.bin;C:\node_modules\.bin;C:\Program Files\nodejs;C:\Users\tfreitas.RJ\Documents\Sistemas\ivan\mobile\node_modules\.bin;C:\Users\tfreitas.RJ\Documents\Sistemas\ivan\node_modules\.bin;C:\Users\tfreitas.RJ\Documents\Sistemas\node_modules\.bin;C:\Users\tfreitas.RJ\Documents\node_modules\.bin;C:\Users\tfreitas.RJ\node_modules\.bin;C:\Users\node_modules\.bin;C:\node_modules\.bin;C:\Program Files\nodejs\node_modules\npm\node_modules\@npmcli\run-script\lib\node-gyp-bin;C:\Program Files (x86)\Common Files\Oracle\Java\javapath;C:\Program Files (x86)\NVIDIA Corporation\PhysX\Common;C:\WINDOWS\system32;C:\WINDOWS;C:\WINDOWS\System32\Wbem;C:\WINDOWS\System32\WindowsPowerShell\v1.0\;C:\Program Files\Git\cmd;C:\Program Files\PuTTY\;C:\WINDOWS\System32\OpenSSH\;C:\Program Files\Microsoft VS Code\bin;C:\Users\tfreitas.RJ\AppData\Local\Microsoft\WindowsApps;C:\Program Files\heroku\bin;c:\smart\pb6dk;c:\smart\pb12dk;C:\Program Files (x86)\Appeon\Shared\PowerBuilder\;C:\laragon\bin\php\php-7.4.19-Win32-vc15-x64;C:\composer;C:\Program Files (x86)\Bitvise SSH Client;C:\ProgramData\chocolatey\bin;C:\Program Files\nodejs\;C:\Program Files\OpenJDK\openjdk-11.0.13_8\bin;C:\Program Files (x86)\Yarn\bin\;C:\Android\Sdk\emulator;C:\Android\Sdk\tools;C:\Android\Sdk\tools\bin;C:\Android\Sdk\platform-tools;C:\laragon\bin;C:\laragon\bin\apache\httpd-2.4.47-win64-VS16\bin;C:\laragon\bin\composer;C:\laragon\bin\git\bin;C:\laragon\bin\git\cmd;C:\laragon\bin\git\mingw64\bin;C:\laragon\bin\git\usr\bin;C:\laragon\bin\laragon\utils;C:\laragon\bin\mysql\mysql-8.0.28-winx64\bin;C:\laragon\bin\nginx\nginx-1.19.10;C:\laragon\bin\ngrok
USERNAME=tfreitas
OS=Windows_NT
PROCESSOR_IDENTIFIER=Intel64 Family 6 Model 158 Stepping 10, GenuineIntel



---------------  S Y S T E M  ---------------

OS: Windows 10 , 64 bit Build 19041 (10.0.19041.1645)
OS uptime: 3 days 2:07 hours

CPU:total 4 (initial active 4) (4 cores per cpu, 1 threads per core) family 6 model 158 stepping 10 microcode 0xb4, cmov, cx8, fxsr, mmx, sse, sse2, sse3, ssse3, sse4.1, sse4.2, popcnt, avx, avx2, aes, clmul, erms, 3dnowpref, lzcnt, tsc, tscinvbit, bmi1, bmi2, adx, fma

Memory: 4k page, system-wide physical 16319M (3053M free)
TotalPageFile size 16319M (AvailPageFile size 45M)
current process WorkingSet (physical memory assigned to process): 362M, peak: 362M
current process commit charge ("private bytes"): 459M, peak: 511M

vm_info: OpenJDK 64-Bit Server VM (11.0.13+8) for windows-amd64 JRE (11.0.13+8), built on Oct  8 2021 16:28:06 by "" with MS VC++ 15.5 (VS2017)

END.
