#
# There is insufficient memory for the Java Runtime Environment to continue.
# Native memory allocation (malloc) failed to allocate 32744 bytes for ChunkPool::allocate
# Possible reasons:
#   The system is out of physical RAM or swap space
#   The process is running with CompressedOops enabled, and the Java Heap may be blocking the growth of the native heap
# Possible solutions:
#   Reduce memory load on the system
#   Increase physical memory or swap space
#   Check if swap backing store is full
#   Decrease Java heap size (-Xmx/-Xms)
#   Decrease number of Java threads
#   Decrease Java thread stack sizes (-Xss)
#   Set larger code cache with -XX:ReservedCodeCacheSize=
#   JVM is running with Unscaled Compressed Oops mode in which the Java heap is
#     placed in the first 4GB address space. The Java Heap base address is the
#     maximum limit for the native heap growth. Please use -XX:HeapBaseMinAddress
#     to set the Java Heap base and to place the Java Heap above 4GB virtual address.
# This output file may be truncated or incomplete.
#
#  Out of Memory Error (./src/hotspot/share/memory/arena.cpp:81), pid=5600, tid=3320
#
# JRE version: OpenJDK Runtime Environment 18.9 (11.0.13+8) (build 11.0.13+8)
# Java VM: OpenJDK 64-Bit Server VM 18.9 (11.0.13+8, mixed mode, tiered, compressed oops, g1 gc, windows-amd64)
# No core dump will be written. Minidumps are not enabled by default on client versions of Windows
#

---------------  S U M M A R Y ------------

Command Line: -Xmx64m -Xms64m -Dorg.gradle.appname=gradlew org.gradle.wrapper.GradleWrapperMain app:installDebug -PreactNativeDevServerPort=8081

Host: Intel(R) Core(TM) i3-9100F CPU @ 3.60GHz, 4 cores, 15G,  Windows 10 , 64 bit Build 19041 (10.0.19041.1645)
Time: Thu Apr 28 13:47:59 2022 Hora oficial do Brasil elapsed time: 40.043067 seconds (0d 0h 0m 40s)

---------------  T H R E A D  ---------------

Current thread (0x0000014bedecf000):  JavaThread "C1 CompilerThread0" daemon [_thread_in_native, id=3320, stack(0x0000002bc3f00000,0x0000002bc4000000)]


Current CompileTask:
C1:  40043 1575       3       com.esotericsoftware.kryo.io.Input::require (220 bytes)

Stack: [0x0000002bc3f00000,0x0000002bc4000000]
Native frames: (J=compiled Java code, j=interpreted, Vv=VM code, C=native code)
V  [jvm.dll+0x64b92a]
V  [jvm.dll+0x78e4e9]
V  [jvm.dll+0x78fbcc]
V  [jvm.dll+0x790293]
V  [jvm.dll+0x265118]
V  [jvm.dll+0xca05b]
V  [jvm.dll+0xca3bc]
V  [jvm.dll+0x612c48]
V  [jvm.dll+0x181976]
V  [jvm.dll+0x1806d6]
V  [jvm.dll+0x1832fa]
V  [jvm.dll+0x1367cf]
V  [jvm.dll+0x135fd9]
V  [jvm.dll+0x13620f]
V  [jvm.dll+0x135387]
V  [jvm.dll+0x137427]
V  [jvm.dll+0x22c754]
V  [jvm.dll+0x22a9e1]
V  [jvm.dll+0x74ff8c]
V  [jvm.dll+0x748b7d]
V  [jvm.dll+0x64a5f6]
C  [ucrtbase.dll+0x21bb2]
C  [KERNEL32.DLL+0x17034]
C  [ntdll.dll+0x52651]


---------------  P R O C E S S  ---------------

Threads class SMR info:
_java_thread_list=0x0000014beedab8a0, length=13, elements={
0x0000014bd38a4000, 0x0000014bede66800, 0x0000014bede6f800, 0x0000014bedec3000,
0x0000014bedec6000, 0x0000014bedec7800, 0x0000014bedecc800, 0x0000014bedecf000,
0x0000014beded2000, 0x0000014bee180000, 0x0000014beedec000, 0x0000014beef99800,
0x0000014bef148800
}

Java Threads: ( => current thread )
  0x0000014bd38a4000 JavaThread "main" [_thread_in_native, id=7048, stack(0x0000002bc3200000,0x0000002bc3300000)]
  0x0000014bede66800 JavaThread "Reference Handler" daemon [_thread_blocked, id=1460, stack(0x0000002bc3900000,0x0000002bc3a00000)]
  0x0000014bede6f800 JavaThread "Finalizer" daemon [_thread_blocked, id=5848, stack(0x0000002bc3a00000,0x0000002bc3b00000)]
  0x0000014bedec3000 JavaThread "Signal Dispatcher" daemon [_thread_blocked, id=2312, stack(0x0000002bc3b00000,0x0000002bc3c00000)]
  0x0000014bedec6000 JavaThread "Attach Listener" daemon [_thread_blocked, id=9112, stack(0x0000002bc3c00000,0x0000002bc3d00000)]
  0x0000014bedec7800 JavaThread "Service Thread" daemon [_thread_blocked, id=11032, stack(0x0000002bc3d00000,0x0000002bc3e00000)]
  0x0000014bedecc800 JavaThread "C2 CompilerThread0" daemon [_thread_in_native, id=200, stack(0x0000002bc3e00000,0x0000002bc3f00000)]
=>0x0000014bedecf000 JavaThread "C1 CompilerThread0" daemon [_thread_in_native, id=3320, stack(0x0000002bc3f00000,0x0000002bc4000000)]
  0x0000014beded2000 JavaThread "Sweeper thread" daemon [_thread_blocked, id=14812, stack(0x0000002bc4000000,0x0000002bc4100000)]
  0x0000014bee180000 JavaThread "Common-Cleaner" daemon [_thread_blocked, id=3788, stack(0x0000002bc4200000,0x0000002bc4300000)]
  0x0000014beedec000 JavaThread "pool-1-thread-1" [_thread_blocked, id=7404, stack(0x0000002bc4500000,0x0000002bc4600000)]
  0x0000014beef99800 JavaThread "DisconnectableInputStream source reader" daemon [_thread_in_native, id=4676, stack(0x0000002bc4700000,0x0000002bc4800000)]
  0x0000014bef148800 JavaThread "Forward input" [_thread_blocked, id=10168, stack(0x0000002bc4800000,0x0000002bc4900000)]

Other Threads:
  0x0000014bede3d800 VMThread "VM Thread" [stack: 0x0000002bc3800000,0x0000002bc3900000] [id=2888]
  0x0000014bee17a800 WatcherThread [stack: 0x0000002bc4100000,0x0000002bc4200000] [id=12368]
  0x0000014bd38b7800 GCTaskThread "GC Thread#0" [stack: 0x0000002bc3300000,0x0000002bc3400000] [id=2180]
  0x0000014bee42a000 GCTaskThread "GC Thread#1" [stack: 0x0000002bc4300000,0x0000002bc4400000] [id=5920]
  0x0000014bd38bf800 ConcurrentGCThread "G1 Main Marker" [stack: 0x0000002bc3400000,0x0000002bc3500000] [id=6368]
  0x0000014bd38c1800 ConcurrentGCThread "G1 Conc#0" [stack: 0x0000002bc3500000,0x0000002bc3600000] [id=9212]
  0x0000014bd391b000 ConcurrentGCThread "G1 Refine#0" [stack: 0x0000002bc3600000,0x0000002bc3700000] [id=7308]
  0x0000014bd391c000 ConcurrentGCThread "G1 Young RemSet Sampling" [stack: 0x0000002bc3700000,0x0000002bc3800000] [id=5672]

Threads with active compile tasks:
C2 CompilerThread0  40055 1574   !   4       org.gradle.internal.serialize.kryo.KryoBackedDecoder::readSmallInt (16 bytes)
C1 CompilerThread0  40055 1575       3       com.esotericsoftware.kryo.io.Input::require (220 bytes)

VM state:not at safepoint (normal execution)

VM Mutex/Monitor currently owned by a thread: None

Heap address: 0x00000000fc000000, size: 64 MB, Compressed Oops mode: 32-bit
Narrow klass base: 0x0000000000000000, Narrow klass shift: 3
Compressed class space size: 1073741824 Address: 0x0000000100000000

Heap:
 garbage-first heap   total 65536K, used 36430K [0x00000000fc000000, 0x0000000100000000)
  region size 1024K, 32 young (32768K), 2 survivors (2048K)
 Metaspace       used 16092K, capacity 16409K, committed 16640K, reserved 1064960K
  class space    used 1816K, capacity 1940K, committed 2048K, reserved 1048576K
Heap Regions: E=young(eden), S=young(survivor), O=old, HS=humongous(starts), HC=humongous(continues), CS=collection set, F=free, A=archive, TAMS=top-at-mark-start (previous, next)
|   0|0x00000000fc000000, 0x00000000fc100000, 0x00000000fc100000|100%|HS|  |TAMS 0x00000000fc000000, 0x00000000fc000000| Complete 
|   1|0x00000000fc100000, 0x00000000fc200000, 0x00000000fc200000|100%|HC|  |TAMS 0x00000000fc100000, 0x00000000fc100000| Complete 
|   2|0x00000000fc200000, 0x00000000fc300000, 0x00000000fc300000|100%|HC|  |TAMS 0x00000000fc200000, 0x00000000fc200000| Complete 
|   3|0x00000000fc300000, 0x00000000fc400000, 0x00000000fc400000|100%| O|  |TAMS 0x00000000fc300000, 0x00000000fc300000| Untracked 
|   4|0x00000000fc400000, 0x00000000fc493a00, 0x00000000fc500000| 57%| O|  |TAMS 0x00000000fc400000, 0x00000000fc400000| Untracked 
|   5|0x00000000fc500000, 0x00000000fc500000, 0x00000000fc600000|  0%| F|  |TAMS 0x00000000fc500000, 0x00000000fc500000| Untracked 
|   6|0x00000000fc600000, 0x00000000fc600000, 0x00000000fc700000|  0%| F|  |TAMS 0x00000000fc600000, 0x00000000fc600000| Untracked 
|   7|0x00000000fc700000, 0x00000000fc700000, 0x00000000fc800000|  0%| F|  |TAMS 0x00000000fc700000, 0x00000000fc700000| Untracked 
|   8|0x00000000fc800000, 0x00000000fc800000, 0x00000000fc900000|  0%| F|  |TAMS 0x00000000fc800000, 0x00000000fc800000| Untracked 
|   9|0x00000000fc900000, 0x00000000fc900000, 0x00000000fca00000|  0%| F|  |TAMS 0x00000000fc900000, 0x00000000fc900000| Untracked 
|  10|0x00000000fca00000, 0x00000000fca00000, 0x00000000fcb00000|  0%| F|  |TAMS 0x00000000fca00000, 0x00000000fca00000| Untracked 
|  11|0x00000000fcb00000, 0x00000000fcb00000, 0x00000000fcc00000|  0%| F|  |TAMS 0x00000000fcb00000, 0x00000000fcb00000| Untracked 
|  12|0x00000000fcc00000, 0x00000000fcc00000, 0x00000000fcd00000|  0%| F|  |TAMS 0x00000000fcc00000, 0x00000000fcc00000| Untracked 
|  13|0x00000000fcd00000, 0x00000000fcd00000, 0x00000000fce00000|  0%| F|  |TAMS 0x00000000fcd00000, 0x00000000fcd00000| Untracked 
|  14|0x00000000fce00000, 0x00000000fce00000, 0x00000000fcf00000|  0%| F|  |TAMS 0x00000000fce00000, 0x00000000fce00000| Untracked 
|  15|0x00000000fcf00000, 0x00000000fcf00000, 0x00000000fd000000|  0%| F|  |TAMS 0x00000000fcf00000, 0x00000000fcf00000| Untracked 
|  16|0x00000000fd000000, 0x00000000fd000000, 0x00000000fd100000|  0%| F|  |TAMS 0x00000000fd000000, 0x00000000fd000000| Untracked 
|  17|0x00000000fd100000, 0x00000000fd100000, 0x00000000fd200000|  0%| F|  |TAMS 0x00000000fd100000, 0x00000000fd100000| Untracked 
|  18|0x00000000fd200000, 0x00000000fd200000, 0x00000000fd300000|  0%| F|  |TAMS 0x00000000fd200000, 0x00000000fd200000| Untracked 
|  19|0x00000000fd300000, 0x00000000fd300000, 0x00000000fd400000|  0%| F|  |TAMS 0x00000000fd300000, 0x00000000fd300000| Untracked 
|  20|0x00000000fd400000, 0x00000000fd400000, 0x00000000fd500000|  0%| F|  |TAMS 0x00000000fd400000, 0x00000000fd400000| Untracked 
|  21|0x00000000fd500000, 0x00000000fd500000, 0x00000000fd600000|  0%| F|  |TAMS 0x00000000fd500000, 0x00000000fd500000| Untracked 
|  22|0x00000000fd600000, 0x00000000fd600000, 0x00000000fd700000|  0%| F|  |TAMS 0x00000000fd600000, 0x00000000fd600000| Untracked 
|  23|0x00000000fd700000, 0x00000000fd700000, 0x00000000fd800000|  0%| F|  |TAMS 0x00000000fd700000, 0x00000000fd700000| Untracked 
|  24|0x00000000fd800000, 0x00000000fd800000, 0x00000000fd900000|  0%| F|  |TAMS 0x00000000fd800000, 0x00000000fd800000| Untracked 
|  25|0x00000000fd900000, 0x00000000fd900000, 0x00000000fda00000|  0%| F|  |TAMS 0x00000000fd900000, 0x00000000fd900000| Untracked 
|  26|0x00000000fda00000, 0x00000000fda00000, 0x00000000fdb00000|  0%| F|  |TAMS 0x00000000fda00000, 0x00000000fda00000| Untracked 
|  27|0x00000000fdb00000, 0x00000000fdb00000, 0x00000000fdc00000|  0%| F|  |TAMS 0x00000000fdb00000, 0x00000000fdb00000| Untracked 
|  28|0x00000000fdc00000, 0x00000000fdc00000, 0x00000000fdd00000|  0%| F|  |TAMS 0x00000000fdc00000, 0x00000000fdc00000| Untracked 
|  29|0x00000000fdd00000, 0x00000000fdd00000, 0x00000000fde00000|  0%| F|  |TAMS 0x00000000fdd00000, 0x00000000fdd00000| Untracked 
|  30|0x00000000fde00000, 0x00000000fde00000, 0x00000000fdf00000|  0%| F|  |TAMS 0x00000000fde00000, 0x00000000fde00000| Untracked 
|  31|0x00000000fdf00000, 0x00000000fdf00000, 0x00000000fe000000|  0%| F|  |TAMS 0x00000000fdf00000, 0x00000000fdf00000| Untracked 
|  32|0x00000000fe000000, 0x00000000fe05caa0, 0x00000000fe100000| 36%| E|  |TAMS 0x00000000fe000000, 0x00000000fe000000| Complete 
|  33|0x00000000fe100000, 0x00000000fe200000, 0x00000000fe200000|100%| E|CS|TAMS 0x00000000fe100000, 0x00000000fe100000| Complete 
|  34|0x00000000fe200000, 0x00000000fe300000, 0x00000000fe300000|100%| E|CS|TAMS 0x00000000fe200000, 0x00000000fe200000| Complete 
|  35|0x00000000fe300000, 0x00000000fe400000, 0x00000000fe400000|100%| E|CS|TAMS 0x00000000fe300000, 0x00000000fe300000| Complete 
|  36|0x00000000fe400000, 0x00000000fe500000, 0x00000000fe500000|100%| E|CS|TAMS 0x00000000fe400000, 0x00000000fe400000| Complete 
|  37|0x00000000fe500000, 0x00000000fe600000, 0x00000000fe600000|100%| E|CS|TAMS 0x00000000fe500000, 0x00000000fe500000| Complete 
|  38|0x00000000fe600000, 0x00000000fe700000, 0x00000000fe700000|100%| E|CS|TAMS 0x00000000fe600000, 0x00000000fe600000| Complete 
|  39|0x00000000fe700000, 0x00000000fe800000, 0x00000000fe800000|100%| E|CS|TAMS 0x00000000fe700000, 0x00000000fe700000| Complete 
|  40|0x00000000fe800000, 0x00000000fe900000, 0x00000000fe900000|100%| E|CS|TAMS 0x00000000fe800000, 0x00000000fe800000| Complete 
|  41|0x00000000fe900000, 0x00000000fea00000, 0x00000000fea00000|100%| E|CS|TAMS 0x00000000fe900000, 0x00000000fe900000| Complete 
|  42|0x00000000fea00000, 0x00000000feb00000, 0x00000000feb00000|100%| E|CS|TAMS 0x00000000fea00000, 0x00000000fea00000| Complete 
|  43|0x00000000feb00000, 0x00000000fec00000, 0x00000000fec00000|100%| E|CS|TAMS 0x00000000feb00000, 0x00000000feb00000| Complete 
|  44|0x00000000fec00000, 0x00000000fed00000, 0x00000000fed00000|100%| E|CS|TAMS 0x00000000fec00000, 0x00000000fec00000| Complete 
|  45|0x00000000fed00000, 0x00000000fee00000, 0x00000000fee00000|100%| E|CS|TAMS 0x00000000fed00000, 0x00000000fed00000| Complete 
|  46|0x00000000fee00000, 0x00000000fef00000, 0x00000000fef00000|100%| E|CS|TAMS 0x00000000fee00000, 0x00000000fee00000| Complete 
|  47|0x00000000fef00000, 0x00000000ff000000, 0x00000000ff000000|100%| E|CS|TAMS 0x00000000fef00000, 0x00000000fef00000| Complete 
|  48|0x00000000ff000000, 0x00000000ff100000, 0x00000000ff100000|100%| S|CS|TAMS 0x00000000ff000000, 0x00000000ff000000| Complete 
|  49|0x00000000ff100000, 0x00000000ff200000, 0x00000000ff200000|100%| S|CS|TAMS 0x00000000ff100000, 0x00000000ff100000| Complete 
|  50|0x00000000ff200000, 0x00000000ff300000, 0x00000000ff300000|100%| E|CS|TAMS 0x00000000ff200000, 0x00000000ff200000| Complete 
|  51|0x00000000ff300000, 0x00000000ff400000, 0x00000000ff400000|100%| E|CS|TAMS 0x00000000ff300000, 0x00000000ff300000| Complete 
|  52|0x00000000ff400000, 0x00000000ff500000, 0x00000000ff500000|100%| E|CS|TAMS 0x00000000ff400000, 0x00000000ff400000| Complete 
|  53|0x00000000ff500000, 0x00000000ff600000, 0x00000000ff600000|100%| E|CS|TAMS 0x00000000ff500000, 0x00000000ff500000| Complete 
|  54|0x00000000ff600000, 0x00000000ff700000, 0x00000000ff700000|100%| E|CS|TAMS 0x00000000ff600000, 0x00000000ff600000| Complete 
|  55|0x00000000ff700000, 0x00000000ff800000, 0x00000000ff800000|100%| E|CS|TAMS 0x00000000ff700000, 0x00000000ff700000| Complete 
|  56|0x00000000ff800000, 0x00000000ff900000, 0x00000000ff900000|100%| E|CS|TAMS 0x00000000ff800000, 0x00000000ff800000| Complete 
|  57|0x00000000ff900000, 0x00000000ffa00000, 0x00000000ffa00000|100%| E|CS|TAMS 0x00000000ff900000, 0x00000000ff900000| Complete 
|  58|0x00000000ffa00000, 0x00000000ffb00000, 0x00000000ffb00000|100%| E|CS|TAMS 0x00000000ffa00000, 0x00000000ffa00000| Complete 
|  59|0x00000000ffb00000, 0x00000000ffc00000, 0x00000000ffc00000|100%| E|CS|TAMS 0x00000000ffb00000, 0x00000000ffb00000| Complete 
|  60|0x00000000ffc00000, 0x00000000ffd00000, 0x00000000ffd00000|100%| E|CS|TAMS 0x00000000ffc00000, 0x00000000ffc00000| Complete 
|  61|0x00000000ffd00000, 0x00000000ffe00000, 0x00000000ffe00000|100%| E|CS|TAMS 0x00000000ffd00000, 0x00000000ffd00000| Complete 
|  62|0x00000000ffe00000, 0x00000000fff00000, 0x00000000fff00000|100%| E|CS|TAMS 0x00000000ffe00000, 0x00000000ffe00000| Complete 
|  63|0x00000000fff00000, 0x0000000100000000, 0x0000000100000000|100%| E|CS|TAMS 0x00000000fff00000, 0x00000000fff00000| Complete 

Card table byte_map: [0x0000014bd36c0000,0x0000014bd36e0000] _byte_map_base: 0x0000014bd2ee0000

Marking Bits (Prev, Next): (CMBitMap*) 0x0000014bd38be568, (CMBitMap*) 0x0000014bd38be5a0
 Prev Bits: [0x0000014bd3700000, 0x0000014bd3800000)
 Next Bits: [0x0000014beafd0000, 0x0000014beb0d0000)

Polling page: 0x0000014bd1890000

Metaspace:

Usage:
  Non-class:     14.13 MB capacity,    13.94 MB ( 99%) used,   170.34 KB (  1%) free+waste,    22.69 KB ( <1%) overhead. 
      Class:      1.89 MB capacity,     1.77 MB ( 94%) used,   112.30 KB (  6%) free+waste,    11.00 KB ( <1%) overhead. 
       Both:     16.02 MB capacity,    15.72 MB ( 98%) used,   282.64 KB (  2%) free+waste,    33.69 KB ( <1%) overhead. 

Virtual space:
  Non-class space:       16.00 MB reserved,      14.25 MB ( 89%) committed 
      Class space:        1.00 GB reserved,       2.00 MB ( <1%) committed 
             Both:        1.02 GB reserved,      16.25 MB (  2%) committed 

Chunk freelists:
   Non-Class:  59.00 KB
       Class:  12.00 KB
        Both:  71.00 KB

MaxMetaspaceSize: 17179869184.00 GB
CompressedClassSpaceSize: 1.00 GB
Initial GC threshold: 20.80 MB
Current GC threshold: 20.80 MB
CDS: off

CodeHeap 'non-profiled nmethods': size=120064Kb used=540Kb max_used=540Kb free=119523Kb
 bounds [0x0000014be3a90000, 0x0000014be3d00000, 0x0000014beafd0000]
CodeHeap 'profiled nmethods': size=120000Kb used=3048Kb max_used=3048Kb free=116951Kb
 bounds [0x0000014bdc560000, 0x0000014bdc860000, 0x0000014be3a90000]
CodeHeap 'non-nmethods': size=5696Kb used=1161Kb max_used=1175Kb free=4534Kb
 bounds [0x0000014bdbfd0000, 0x0000014bdc240000, 0x0000014bdc560000]
 total_blobs=1998 nmethods=1573 adapters=338
 compilation: enabled
              stopped_count=0, restarted_count=0
 full_count=0

Compilation events (20 events):
Event: 40.033 Thread 0x0000014bedecf000 1565       3       java.nio.CharBuffer::limit (8 bytes)
Event: 40.033 Thread 0x0000014bedecf000 nmethod 1565 0x0000014bdc856190 code [0x0000014bdc856340, 0x0000014bdc856488]
Event: 40.036 Thread 0x0000014bedecf000 1566       3       org.gradle.internal.logging.console.DefaultRedrawableLabel::writeText (9 bytes)
Event: 40.036 Thread 0x0000014bedecf000 nmethod 1566 0x0000014bdc856510 code [0x0000014bdc8566e0, 0x0000014bdc856938]
Event: 40.036 Thread 0x0000014bedecf000 1567       3       org.gradle.internal.logging.console.DefaultRedrawableLabel$1::<init> (10 bytes)
Event: 40.036 Thread 0x0000014bedecf000 nmethod 1567 0x0000014bdc856a10 code [0x0000014bdc856bc0, 0x0000014bdc856d78]
Event: 40.037 Thread 0x0000014bedecf000 1568       3       java.lang.AbstractStringBuilder::append (60 bytes)
Event: 40.038 Thread 0x0000014bedecf000 nmethod 1568 0x0000014bdc856e90 code [0x0000014bdc857080, 0x0000014bdc8573b8]
Event: 40.038 Thread 0x0000014bedecf000 1569       3       java.io.OutputStreamWriter::flush (8 bytes)
Event: 40.038 Thread 0x0000014bedecc800 1574   !   4       org.gradle.internal.serialize.kryo.KryoBackedDecoder::readSmallInt (16 bytes)
Event: 40.039 Thread 0x0000014bedecf000 nmethod 1569 0x0000014bdc857510 code [0x0000014bdc857740, 0x0000014bdc857e48]
Event: 40.039 Thread 0x0000014bedecf000 1570   !   3       sun.nio.cs.StreamEncoder::flush (26 bytes)
Event: 40.039 Thread 0x0000014bedecf000 nmethod 1570 0x0000014bdc858210 code [0x0000014bdc858420, 0x0000014bdc858aa8]
Event: 40.039 Thread 0x0000014bedecf000 1571       3       sun.nio.cs.StreamEncoder::implFlush (19 bytes)
Event: 40.039 Thread 0x0000014bedecf000 nmethod 1571 0x0000014bdc858e10 code [0x0000014bdc858fe0, 0x0000014bdc8592f8]
Event: 40.039 Thread 0x0000014bedecf000 1572       3       sun.nio.cs.StreamEncoder::implFlushBuffer (15 bytes)
Event: 40.039 Thread 0x0000014bedecf000 nmethod 1572 0x0000014bdc859410 code [0x0000014bdc8595c0, 0x0000014bdc859748]
Event: 40.039 Thread 0x0000014bedecf000 1573   !   3       java.io.PrintStream::flush (35 bytes)
Event: 40.039 Thread 0x0000014bedecf000 nmethod 1573 0x0000014bdc859810 code [0x0000014bdc859a00, 0x0000014bdc859f58]
Event: 40.040 Thread 0x0000014bedecf000 1575       3       com.esotericsoftware.kryo.io.Input::require (220 bytes)

GC Heap History (2 events):
Event: 0.312 GC heap before
{Heap before GC invocations=0 (full 0):
 garbage-first heap   total 65536K, used 16384K [0x00000000fc000000, 0x0000000100000000)
  region size 1024K, 14 young (14336K), 0 survivors (0K)
 Metaspace       used 7839K, capacity 8017K, committed 8192K, reserved 1056768K
  class space    used 690K, capacity 754K, committed 768K, reserved 1048576K
}
Event: 0.315 GC heap after
{Heap after GC invocations=1 (full 0):
 garbage-first heap   total 65536K, used 3662K [0x00000000fc000000, 0x0000000100000000)
  region size 1024K, 2 young (2048K), 2 survivors (2048K)
 Metaspace       used 7839K, capacity 8017K, committed 8192K, reserved 1056768K
  class space    used 690K, capacity 754K, committed 768K, reserved 1048576K
}

Deoptimization events (20 events):
Event: 0.600 Thread 0x0000014bd38a4000 Uncommon trap: trap_request=0xffffff4d fr.pc=0x0000014be3aebde0 relative=0x00000000000001a0
Event: 0.600 Thread 0x0000014bd38a4000 Uncommon trap: reason=unstable_if action=reinterpret pc=0x0000014be3aebde0 method=java.util.HashMap.getNode(ILjava/lang/Object;)Ljava/util/HashMap$Node; @ 129 c2
Event: 0.600 Thread 0x0000014bd38a4000 DEOPT PACKING pc=0x0000014be3aebde0 sp=0x0000002bc32fac90
Event: 0.600 Thread 0x0000014bd38a4000 DEOPT UNPACKING pc=0x0000014bdc01a1af sp=0x0000002bc32fab90 mode 2
Event: 0.600 Thread 0x0000014bd38a4000 Uncommon trap: trap_request=0xffffffc6 fr.pc=0x0000014be3ad0418 relative=0x0000000000000f78
Event: 0.600 Thread 0x0000014bd38a4000 Uncommon trap: reason=bimorphic_or_optimized_type_check action=maybe_recompile pc=0x0000014be3ad0418 method=java.util.HashMap.putVal(ILjava/lang/Object;Ljava/lang/Object;ZZ)Ljava/lang/Object; @ 203 c2
Event: 0.600 Thread 0x0000014bd38a4000 DEOPT PACKING pc=0x0000014be3ad0418 sp=0x0000002bc32fac00
Event: 0.600 Thread 0x0000014bd38a4000 DEOPT UNPACKING pc=0x0000014bdc01a1af sp=0x0000002bc32fab90 mode 2
Event: 0.766 Thread 0x0000014bd38a4000 Uncommon trap: trap_request=0xffffff4d fr.pc=0x0000014be3ac8b88 relative=0x0000000000000548
Event: 0.766 Thread 0x0000014bd38a4000 Uncommon trap: reason=unstable_if action=reinterpret pc=0x0000014be3ac8b88 method=java.lang.AbstractStringBuilder.append(Ljava/lang/String;)Ljava/lang/AbstractStringBuilder; @ 1 c2
Event: 0.766 Thread 0x0000014bd38a4000 DEOPT PACKING pc=0x0000014be3ac8b88 sp=0x0000002bc32fcc60
Event: 0.766 Thread 0x0000014bd38a4000 DEOPT UNPACKING pc=0x0000014bdc01a1af sp=0x0000002bc32fcbe0 mode 2
Event: 0.766 Thread 0x0000014bd38a4000 Uncommon trap: trap_request=0xffffff4d fr.pc=0x0000014be3ac79dc relative=0x000000000000051c
Event: 0.766 Thread 0x0000014bd38a4000 Uncommon trap: reason=unstable_if action=reinterpret pc=0x0000014be3ac79dc method=java.lang.AbstractStringBuilder.append(Ljava/lang/String;)Ljava/lang/AbstractStringBuilder; @ 1 c2
Event: 0.766 Thread 0x0000014bd38a4000 DEOPT PACKING pc=0x0000014be3ac79dc sp=0x0000002bc32fcbf0
Event: 0.766 Thread 0x0000014bd38a4000 DEOPT UNPACKING pc=0x0000014bdc01a1af sp=0x0000002bc32fcbd8 mode 2
Event: 40.038 Thread 0x0000014bd38a4000 Uncommon trap: trap_request=0xffffff4d fr.pc=0x0000014be3b1177c relative=0x00000000000001bc
Event: 40.038 Thread 0x0000014bd38a4000 Uncommon trap: reason=unstable_if action=reinterpret pc=0x0000014be3b1177c method=com.esotericsoftware.kryo.io.Input.require(I)I @ 65 c2
Event: 40.038 Thread 0x0000014bd38a4000 DEOPT PACKING pc=0x0000014be3b1177c sp=0x0000002bc32fc980
Event: 40.038 Thread 0x0000014bd38a4000 DEOPT UNPACKING pc=0x0000014bdc01a1af sp=0x0000002bc32fc930 mode 2

Classes redefined (0 events):
No events

Internal exceptions (14 events):
Event: 0.128 Thread 0x0000014bd38a4000 Exception <a 'java/lang/NoSuchMethodError'{0x00000000ffc4c3f0}: 'int java.lang.invoke.DirectMethodHandle$Holder.invokeStaticInit(java.lang.Object, java.lang.Object)'> (0x00000000ffc4c3f0) thrown at [./src/hotspot/share/interpreter/linkResolver.cpp, line 773]
Event: 0.151 Thread 0x0000014bd38a4000 Exception <a 'java/lang/NoSuchMethodError'{0x00000000ffb13340}: 'int java.lang.invoke.DirectMethodHandle$Holder.invokeSpecial(java.lang.Object, java.lang.Object, java.lang.Object, java.lang.Object)'> (0x00000000ffb13340) thrown at [./src/hotspot/share/interpreter/linkResolver.cpp, line 773]
Event: 0.155 Thread 0x0000014bd38a4000 Exception <a 'java/lang/NoSuchMethodError'{0x00000000ffb4a308}: 'int java.lang.invoke.DirectMethodHandle$Holder.invokeSpecialIFC(java.lang.Object, java.lang.Object, int)'> (0x00000000ffb4a308) thrown at [./src/hotspot/share/interpreter/linkResolver.cpp, line 773]
Event: 0.422 Thread 0x0000014bd38a4000 Implicit null exception at 0x0000014be3ad2b75 to 0x0000014be3ad2d44
Event: 0.444 Thread 0x0000014bd38a4000 Exception <a 'java/lang/NoClassDefFoundError'{0x00000000ff7795b0}: org/slf4j/impl/StaticMarkerBinder> (0x00000000ff7795b0) thrown at [./src/hotspot/share/classfile/systemDictionary.cpp, line 220]
Event: 0.452 Thread 0x0000014bd38a4000 Exception <a 'java/lang/NoSuchMethodError'{0x00000000ff66ba08}: 'java.lang.Object java.lang.invoke.DirectMethodHandle$Holder.invokeVirtual(java.lang.Object, java.lang.Object, java.lang.Object, java.lang.Object, java.lang.Object, java.lang.Object, java.lang.Object)'> (0x00000000ff66ba08) thrown at [./src/hotspot/share/interpreter/linkResolver.cpp, line 773]
Event: 0.454 Thread 0x0000014bd38a4000 Exception <a 'java/lang/NoSuchMethodError'{0x00000000ff67eaa0}: 'java.lang.Object java.lang.invoke.Invokers$Holder.invoker(java.lang.Object, java.lang.Object, java.lang.Object)'> (0x00000000ff67eaa0) thrown at [./src/hotspot/share/interpreter/linkResolver.cpp, line 773]
Event: 0.455 Thread 0x0000014bd38a4000 Exception <a 'java/lang/NoSuchMethodError'{0x00000000ff68f8e0}: 'void java.lang.invoke.DelegatingMethodHandle$Holder.delegate(java.lang.Object, java.lang.Object, int, java.lang.Object)'> (0x00000000ff68f8e0) thrown at [./src/hotspot/share/interpreter/linkResolver.cpp, line 773]
Event: 0.530 Thread 0x0000014bd38a4000 Exception <a 'java/lang/NoSuchMethodError'{0x00000000fed67bb8}: 'java.lang.Object java.lang.invoke.DirectMethodHandle$Holder.invokeInterface(java.lang.Object, java.lang.Object, java.lang.Object)'> (0x00000000fed67bb8) thrown at [./src/hotspot/share/interpreter/linkResolver.cpp, line 773]
Event: 0.559 Thread 0x0000014bd38a4000 Exception <a 'java/lang/NoSuchMethodError'{0x00000000febd0bc8}: 'java.lang.Object java.lang.invoke.DirectMethodHandle$Holder.invokeStaticInit(java.lang.Object, java.lang.Object, java.lang.Object)'> (0x00000000febd0bc8) thrown at [./src/hotspot/share/interpreter/linkResolver.cpp, line 773]
Event: 0.614 Thread 0x0000014bd38a4000 Exception <a 'java/lang/NoSuchMethodError'{0x00000000fe6e3ac0}: 'java.lang.Object java.lang.invoke.DirectMethodHandle$Holder.invokeStaticInit(java.lang.Object, int, int, int, int)'> (0x00000000fe6e3ac0) thrown at [./src/hotspot/share/interpreter/linkResolver.cpp, line 773]
Event: 0.679 Thread 0x0000014bd38a4000 Exception <a 'java/lang/NoSuchMethodError'{0x00000000fe5374c0}: 'java.lang.Object java.lang.invoke.DirectMethodHandle$Holder.invokeStaticInit(java.lang.Object, java.lang.Object, int, int, int, int)'> (0x00000000fe5374c0) thrown at [./src/hotspot/share/interpreter/linkResolver.cpp, line 773]
Event: 0.766 Thread 0x0000014bd38a4000 Implicit null exception at 0x0000014be3ac8674 to 0x0000014be3ac8b70
Event: 0.766 Thread 0x0000014bd38a4000 Implicit null exception at 0x0000014be3ac74f4 to 0x0000014be3ac79c4

Events (20 events):
Event: 34.096 loading class java/io/ObjectInputFilter$Config
Event: 34.096 loading class java/io/ObjectInputFilter$Config done
Event: 34.096 loading class java/io/ObjectInputFilter
Event: 34.096 loading class java/io/ObjectInputFilter done
Event: 34.097 loading class jdk/internal/misc/JavaObjectInputFilterAccess
Event: 34.097 loading class jdk/internal/misc/JavaObjectInputFilterAccess done
Event: 34.097 loading class java/io/Bits
Event: 34.097 loading class java/io/Bits done
Event: 34.097 loading class org/gradle/internal/serialize/ExceptionReplacingObjectInputStream$1
Event: 34.097 loading class org/gradle/internal/serialize/ExceptionReplacingObjectInputStream$1 done
Event: 34.129 loading class com/google/common/base/Objects
Event: 34.129 loading class com/google/common/base/Objects done
Event: 34.130 loading class com/google/common/base/ExtraObjectsMethodsForWeb
Event: 34.130 loading class com/google/common/base/ExtraObjectsMethodsForWeb done
Event: 34.130 loading class org/gradle/internal/logging/text/AbstractLineChoppingStyledTextOutput$StateContext
Event: 34.130 loading class org/gradle/internal/logging/text/AbstractLineChoppingStyledTextOutput$StateContext done
Event: 34.145 loading class org/gradle/internal/logging/console/DefaultTextArea$2
Event: 34.145 loading class org/gradle/internal/logging/console/DefaultTextArea$2 done
Event: 34.145 loading class org/gradle/internal/logging/console/DefaultTextArea$2$1
Event: 34.145 loading class org/gradle/internal/logging/console/DefaultTextArea$2$1 done


Dynamic libraries:
0x00007ff67e560000 - 0x00007ff67e56d000 	C:\Program Files\OpenJDK\openjdk-11.0.13_8\bin\java.exe
0x00007ffbd4bb0000 - 0x00007ffbd4da5000 	C:\WINDOWS\SYSTEM32\ntdll.dll
0x00007ffbd4380000 - 0x00007ffbd443e000 	C:\WINDOWS\System32\KERNEL32.DLL
0x00007ffbd2380000 - 0x00007ffbd2648000 	C:\WINDOWS\System32\KERNELBASE.dll
0x00007ffbd2700000 - 0x00007ffbd2800000 	C:\WINDOWS\System32\ucrtbase.dll
0x00007ffbc2500000 - 0x00007ffbc2516000 	C:\Program Files\OpenJDK\openjdk-11.0.13_8\bin\VCRUNTIME140.dll
0x00007ffbcebc0000 - 0x00007ffbcebd8000 	C:\Program Files\OpenJDK\openjdk-11.0.13_8\bin\jli.dll
0x00007ffbd4440000 - 0x00007ffbd45e0000 	C:\WINDOWS\System32\USER32.dll
0x00007ffbd2300000 - 0x00007ffbd2322000 	C:\WINDOWS\System32\win32u.dll
0x00007ffbd4170000 - 0x00007ffbd419a000 	C:\WINDOWS\System32\GDI32.dll
0x00007ffbcace0000 - 0x00007ffbcaf7a000 	C:\WINDOWS\WinSxS\amd64_microsoft.windows.common-controls_6595b64144ccf1df_6.0.19041.1110_none_60b5254171f9507e\COMCTL32.dll
0x00007ffbd2800000 - 0x00007ffbd290b000 	C:\WINDOWS\System32\gdi32full.dll
0x00007ffbd3690000 - 0x00007ffbd372e000 	C:\WINDOWS\System32\msvcrt.dll
0x00007ffbd2910000 - 0x00007ffbd29ad000 	C:\WINDOWS\System32\msvcp_win.dll
0x00007ffbd2da0000 - 0x00007ffbd2dd0000 	C:\WINDOWS\System32\IMM32.DLL
0x00007ffbb7b90000 - 0x00007ffbb7c3a000 	C:\Program Files\OpenJDK\openjdk-11.0.13_8\bin\msvcp140.dll
0x00007ffba6f90000 - 0x00007ffba7adc000 	C:\Program Files\OpenJDK\openjdk-11.0.13_8\bin\server\jvm.dll
0x00007ffbd35e0000 - 0x00007ffbd368e000 	C:\WINDOWS\System32\ADVAPI32.dll
0x00007ffbd3980000 - 0x00007ffbd3a1c000 	C:\WINDOWS\System32\sechost.dll
0x00007ffbd2c10000 - 0x00007ffbd2d35000 	C:\WINDOWS\System32\RPCRT4.dll
0x00007ffbd4ae0000 - 0x00007ffbd4ae8000 	C:\WINDOWS\System32\PSAPI.DLL
0x00007ffbc3070000 - 0x00007ffbc3079000 	C:\WINDOWS\SYSTEM32\WSOCK32.dll
0x00007ffbcbd50000 - 0x00007ffbcbd77000 	C:\WINDOWS\SYSTEM32\WINMM.dll
0x00007ffbd38b0000 - 0x00007ffbd391b000 	C:\WINDOWS\System32\WS2_32.dll
0x00007ffbcbd80000 - 0x00007ffbcbd8a000 	C:\WINDOWS\SYSTEM32\VERSION.dll
0x00007ffbd0130000 - 0x00007ffbd0142000 	C:\WINDOWS\SYSTEM32\kernel.appcore.dll
0x00007ffbbd6b0000 - 0x00007ffbbd6c1000 	C:\Program Files\OpenJDK\openjdk-11.0.13_8\bin\verify.dll
0x00007ffbc1c50000 - 0x00007ffbc1e34000 	C:\WINDOWS\SYSTEM32\DBGHELP.DLL
0x00007ffbc09f0000 - 0x00007ffbc0a1c000 	C:\WINDOWS\SYSTEM32\dbgcore.DLL
0x00007ffbd2b10000 - 0x00007ffbd2b92000 	C:\WINDOWS\System32\bcryptPrimitives.dll
0x00007ffbb82d0000 - 0x00007ffbb82f9000 	C:\Program Files\OpenJDK\openjdk-11.0.13_8\bin\java.dll
0x00007ffbceb90000 - 0x00007ffbceb9a000 	C:\Program Files\OpenJDK\openjdk-11.0.13_8\bin\jimage.dll
0x00007ffbbd690000 - 0x00007ffbbd6a7000 	C:\Program Files\OpenJDK\openjdk-11.0.13_8\bin\zip.dll
0x00007ffbd3a20000 - 0x00007ffbd4164000 	C:\WINDOWS\System32\SHELL32.dll
0x00007ffbd0410000 - 0x00007ffbd0ba4000 	C:\WINDOWS\SYSTEM32\windows.storage.dll
0x00007ffbd3280000 - 0x00007ffbd35d4000 	C:\WINDOWS\System32\combase.dll
0x00007ffbd1c70000 - 0x00007ffbd1c9c000 	C:\WINDOWS\SYSTEM32\Wldp.dll
0x00007ffbd2ea0000 - 0x00007ffbd2f4d000 	C:\WINDOWS\System32\SHCORE.dll
0x00007ffbd45e0000 - 0x00007ffbd4635000 	C:\WINDOWS\System32\shlwapi.dll
0x00007ffbd2210000 - 0x00007ffbd222f000 	C:\WINDOWS\SYSTEM32\profapi.dll
0x00007ffbb8b50000 - 0x00007ffbb8b69000 	C:\Program Files\OpenJDK\openjdk-11.0.13_8\bin\net.dll
0x00007ffbcc400000 - 0x00007ffbcc50a000 	C:\WINDOWS\SYSTEM32\WINHTTP.dll
0x00007ffbd19d0000 - 0x00007ffbd1a3a000 	C:\WINDOWS\system32\mswsock.dll
0x00007ffbb8140000 - 0x00007ffbb8153000 	C:\Program Files\OpenJDK\openjdk-11.0.13_8\bin\nio.dll
0x00007ffbb7660000 - 0x00007ffbb7687000 	C:\Users\tfreitas.RJ\.gradle\native\e1d6ef7f7dcc3fd88c89a11ec53ec762bb8ba0a96d01ffa2cd45eb1d1d8dd5c5\windows-amd64\native-platform.dll
0x00007ffbbd7f0000 - 0x00007ffbbd7fa000 	C:\Users\tfreitas.RJ\.gradle\native\jansi\1.18\windows64\jansi.dll
0x00007ffbc0fe0000 - 0x00007ffbc0fe9000 	C:\Program Files\OpenJDK\openjdk-11.0.13_8\bin\management.dll
0x00007ffbc0ea0000 - 0x00007ffbc0eac000 	C:\Program Files\OpenJDK\openjdk-11.0.13_8\bin\management_ext.dll
0x00007ffbd1bd0000 - 0x00007ffbd1be8000 	C:\WINDOWS\SYSTEM32\CRYPTSP.dll
0x00007ffbd1350000 - 0x00007ffbd1384000 	C:\WINDOWS\system32\rsaenh.dll
0x00007ffbd22d0000 - 0x00007ffbd22f7000 	C:\WINDOWS\System32\bcrypt.dll
0x00007ffbd21d0000 - 0x00007ffbd21fe000 	C:\WINDOWS\SYSTEM32\USERENV.dll
0x00007ffbd1bc0000 - 0x00007ffbd1bcc000 	C:\WINDOWS\SYSTEM32\CRYPTBASE.dll
0x00007ffbd16c0000 - 0x00007ffbd16fb000 	C:\WINDOWS\SYSTEM32\IPHLPAPI.DLL
0x00007ffbd4ad0000 - 0x00007ffbd4ad8000 	C:\WINDOWS\System32\NSI.dll
0x00007ffbcdbd0000 - 0x00007ffbcdbe7000 	C:\WINDOWS\SYSTEM32\dhcpcsvc6.DLL
0x00007ffbcd260000 - 0x00007ffbcd27d000 	C:\WINDOWS\SYSTEM32\dhcpcsvc.DLL
0x00007ffbd1700000 - 0x00007ffbd17cb000 	C:\WINDOWS\SYSTEM32\DNSAPI.dll

dbghelp: loaded successfully - version: 4.0.5 - missing functions: none
symbol engine: initialized successfully - sym options: 0x614 - pdb path: .;C:\Program Files\OpenJDK\openjdk-11.0.13_8\bin;C:\WINDOWS\SYSTEM32;C:\WINDOWS\WinSxS\amd64_microsoft.windows.common-controls_6595b64144ccf1df_6.0.19041.1110_none_60b5254171f9507e;C:\Program Files\OpenJDK\openjdk-11.0.13_8\bin\server;C:\Users\tfreitas.RJ\.gradle\native\e1d6ef7f7dcc3fd88c89a11ec53ec762bb8ba0a96d01ffa2cd45eb1d1d8dd5c5\windows-amd64;C:\Users\tfreitas.RJ\.gradle\native\jansi\1.18\windows64

VM Arguments:
jvm_args: -Xmx64m -Xms64m -Dorg.gradle.appname=gradlew 
java_command: org.gradle.wrapper.GradleWrapperMain app:installDebug -PreactNativeDevServerPort=8081
java_class_path (initial): C:\Users\tfreitas.RJ\Documents\Sistemas\ivan\mobile\android\\gradle\wrapper\gradle-wrapper.jar
Launcher Type: SUN_STANDARD

[Global flags]
     intx CICompilerCount                          = 3                                         {product} {ergonomic}
     uint ConcGCThreads                            = 1                                         {product} {ergonomic}
     uint G1ConcRefinementThreads                  = 4                                         {product} {ergonomic}
   size_t G1HeapRegionSize                         = 1048576                                   {product} {ergonomic}
    uintx GCDrainStackTargetSize                   = 64                                        {product} {ergonomic}
   size_t InitialHeapSize                          = 67108864                                  {product} {command line}
   size_t MarkStackSize                            = 4194304                                   {product} {ergonomic}
   size_t MaxHeapSize                              = 67108864                                  {product} {command line}
   size_t MaxNewSize                               = 39845888                                  {product} {ergonomic}
   size_t MinHeapDeltaBytes                        = 1048576                                   {product} {ergonomic}
    uintx NonNMethodCodeHeapSize                   = 5830732                                {pd product} {ergonomic}
    uintx NonProfiledCodeHeapSize                  = 122913754                              {pd product} {ergonomic}
    uintx ProfiledCodeHeapSize                     = 122913754                              {pd product} {ergonomic}
    uintx ReservedCodeCacheSize                    = 251658240                              {pd product} {ergonomic}
     bool SegmentedCodeCache                       = true                                      {product} {ergonomic}
     bool UseCompressedClassPointers               = true                                 {lp64_product} {ergonomic}
     bool UseCompressedOops                        = true                                 {lp64_product} {ergonomic}
     bool UseG1GC                                  = true                                      {product} {ergonomic}
     bool UseLargePagesIndividualAllocation        = false                                  {pd product} {ergonomic}

Logging:
Log output configuration:
 #0: stdout all=warning uptime,level,tags
 #1: stderr all=off uptime,level,tags

Environment Variables:
JAVA_HOME=C:\Program Files\OpenJDK\openjdk-11.0.13_8
CLASSPATH=C:\Users\tfreitas.RJ\Documents\Sistemas\ivan\mobile\android\\gradle\wrapper\gradle-wrapper.jar
PATH=C:\Users\tfreitas.RJ\Documents\Sistemas\ivan\mobile\android\node_modules\.bin;C:\Users\tfreitas.RJ\Documents\Sistemas\ivan\mobile\node_modules\.bin;C:\Users\tfreitas.RJ\Documents\Sistemas\ivan\node_modules\.bin;C:\Users\tfreitas.RJ\Documents\Sistemas\node_modules\.bin;C:\Users\tfreitas.RJ\Documents\node_modules\.bin;C:\Users\tfreitas.RJ\node_modules\.bin;C:\Users\node_modules\.bin;C:\node_modules\.bin;C:\Program Files\nodejs;C:\Users\tfreitas.RJ\Documents\Sistemas\ivan\mobile\node_modules\.bin;C:\Users\tfreitas.RJ\Documents\Sistemas\ivan\node_modules\.bin;C:\Users\tfreitas.RJ\Documents\Sistemas\node_modules\.bin;C:\Users\tfreitas.RJ\Documents\node_modules\.bin;C:\Users\tfreitas.RJ\node_modules\.bin;C:\Users\node_modules\.bin;C:\node_modules\.bin;C:\Program Files\nodejs\node_modules\npm\node_modules\@npmcli\run-script\lib\node-gyp-bin;C:\Program Files (x86)\Common Files\Oracle\Java\javapath;C:\Program Files (x86)\NVIDIA Corporation\PhysX\Common;C:\WINDOWS\system32;C:\WINDOWS;C:\WINDOWS\System32\Wbem;C:\WINDOWS\System32\WindowsPowerShell\v1.0\;C:\Program Files\Git\cmd;C:\Program Files\PuTTY\;C:\WINDOWS\System32\OpenSSH\;C:\Program Files\Microsoft VS Code\bin;C:\Users\tfreitas.RJ\AppData\Local\Microsoft\WindowsApps;C:\Program Files\heroku\bin;c:\smart\pb6dk;c:\smart\pb12dk;C:\Program Files (x86)\Appeon\Shared\PowerBuilder\;C:\laragon\bin\php\php-7.4.19-Win32-vc15-x64;C:\composer;C:\Program Files (x86)\Bitvise SSH Client;C:\ProgramData\chocolatey\bin;C:\Program Files\nodejs\;C:\Program Files\OpenJDK\openjdk-11.0.13_8\bin;C:\Program Files (x86)\Yarn\bin\;C:\Android\Sdk\emulator;C:\Android\Sdk\tools;C:\Android\Sdk\tools\bin;C:\Android\Sdk\platform-tools;C:\laragon\bin;C:\laragon\bin\apache\httpd-2.4.47-win64-VS16\bin;C:\laragon\bin\composer;C:\laragon\bin\git\bin;C:\laragon\bin\git\cmd;C:\laragon\bin\git\mingw64\bin;C:\laragon\bin\git\usr\bin;C:\laragon\bin\laragon\utils;C:\laragon\bin\mysql\mysql-8.0.28-winx64\bin;C:\laragon\bin\nginx\nginx-1.19.10;C:\laragon\bin\ngrok
USERNAME=tfreitas
OS=Windows_NT
PROCESSOR_IDENTIFIER=Intel64 Family 6 Model 158 Stepping 10, GenuineIntel



---------------  S Y S T E M  ---------------

OS: Windows 10 , 64 bit Build 19041 (10.0.19041.1645)
OS uptime: 3 days 2:21 hours

CPU:total 4 (initial active 4) (4 cores per cpu, 1 threads per core) family 6 model 158 stepping 10 microcode 0xb4, cmov, cx8, fxsr, mmx, sse, sse2, sse3, ssse3, sse4.1, sse4.2, popcnt, avx, avx2, aes, clmul, erms, 3dnowpref, lzcnt, tsc, tscinvbit, bmi1, bmi2, adx, fma

Memory: 4k page, system-wide physical 16319M (2691M free)
TotalPageFile size 16319M (AvailPageFile size 15M)
current process WorkingSet (physical memory assigned to process): 89M, peak: 92M
current process commit charge ("private bytes"): 151M, peak: 157M

vm_info: OpenJDK 64-Bit Server VM (11.0.13+8) for windows-amd64 JRE (11.0.13+8), built on Oct  8 2021 16:28:06 by "" with MS VC++ 15.5 (VS2017)

END.
